Using pre-set license
Built from '2020.3/staging' branch; Version is '2020.3.25f1 (9b9180224418) revision 10195328'; Using compiler version '192528614'; Build Type 'Release'
OS: 'Windows 10  (10.0.19044) 64bit Core' Language: 'zh' Physical Memory: 24461 MB
BatchMode: 1, IsHumanControllingUs: 0, StartBugReporterOnCrash: 0, Is64bit: 1, IsPro: 0

COMMAND LINE ARGUMENTS:
D:\UNITY\Hub\Editor\2020.3.25f1\Editor\Unity.exe
-adb2
-batchMode
-noUpm
-name
AssetImportWorker0
-projectPath
D:/UNITY/GitHub/OtherSide/OtherSide
-logFile
Logs/AssetImportWorker0.log
-srvPort
60228
Successfully changed project path to: D:/UNITY/GitHub/OtherSide/OtherSide
D:/UNITY/GitHub/OtherSide/OtherSide
Using Asset Import Pipeline V2.
Refreshing native plugins compatible for Editor in 43.20 ms, found 2 plugins.
Preloading 0 native plugins for Editor in 0.00 ms.
Initialize engine version: 2020.3.25f1 (9b9180224418)
[Subsystems] Discovering subsystems at path D:/UNITY/Hub/Editor/2020.3.25f1/Editor/Data/Resources/UnitySubsystems
[Subsystems] Discovering subsystems at path D:/UNITY/GitHub/OtherSide/OtherSide/Assets
GfxDevice: creating device client; threaded=0
Direct3D:
    Version:  Direct3D 11.0 [level 11.1]
    Renderer: NVIDIA GeForce GTX 1070 (ID=0x1ba1)
    Vendor:   
    VRAM:     8082 MB
    Driver:   30.0.14.9729
Initialize mono
Mono path[0] = 'D:/UNITY/Hub/Editor/2020.3.25f1/Editor/Data/Managed'
Mono path[1] = 'D:/UNITY/Hub/Editor/2020.3.25f1/Editor/Data/MonoBleedingEdge/lib/mono/unityjit'
Mono config path = 'D:/UNITY/Hub/Editor/2020.3.25f1/Editor/Data/MonoBleedingEdge/etc'
Using monoOptions --debugger-agent=transport=dt_socket,embedding=1,server=y,suspend=n,address=127.0.0.1:56184
Begin MonoManager ReloadAssembly
Registering precompiled unity dll's ...
Register platform support module: D:/UNITY/Hub/Editor/2020.3.25f1/Editor/Data/PlaybackEngines/WebGLSupport/UnityEditor.WebGL.Extensions.dll
Register platform support module: D:/UNITY/Hub/Editor/2020.3.25f1/Editor/Data/PlaybackEngines/WindowsStandaloneSupport/UnityEditor.WindowsStandalone.Extensions.dll
Registered in 0.001513 seconds.
Native extension for WindowsStandalone target not found
Native extension for WebGL target not found
Refreshing native plugins compatible for Editor in 46.31 ms, found 2 plugins.
Preloading 0 native plugins for Editor in 0.00 ms.
Mono: successfully reloaded assembly
- Completed reload, in  0.767 seconds
Domain Reload Profiling:
	ReloadAssembly (768ms)
		BeginReloadAssembly (80ms)
			ExecutionOrderSort (0ms)
			DisableScriptedObjects (0ms)
			BackupInstance (0ms)
			ReleaseScriptingObjects (0ms)
			CreateAndSetChildDomain (1ms)
		EndReloadAssembly (605ms)
			LoadAssemblies (78ms)
			RebuildTransferFunctionScriptingTraits (0ms)
			SetupTypeCache (219ms)
			ReleaseScriptCaches (0ms)
			RebuildScriptCaches (43ms)
			SetupLoadedEditorAssemblies (217ms)
				LogAssemblyErrors (0ms)
				InitializePlatformSupportModulesInManaged (7ms)
				SetLoadedEditorAssemblies (0ms)
				RefreshPlugins (46ms)
				BeforeProcessingInitializeOnLoad (12ms)
				ProcessInitializeOnLoadAttributes (113ms)
				ProcessInitializeOnLoadMethodAttributes (37ms)
				AfterProcessingInitializeOnLoad (0ms)
				EditorAssembliesLoaded (0ms)
			ExecutionOrderSort2 (0ms)
			AwakeInstancesAfterBackupRestoration (0ms)
Platform modules already initialized, skipping
Registering precompiled user dll's ...
Registered in 0.003831 seconds.
Begin MonoManager ReloadAssembly
Native extension for WindowsStandalone target not found
Native extension for WebGL target not found
Refreshing native plugins compatible for Editor in 0.44 ms, found 2 plugins.
Preloading 0 native plugins for Editor in 0.00 ms.
Mono: successfully reloaded assembly
- Completed reload, in  1.241 seconds
Domain Reload Profiling:
	ReloadAssembly (1242ms)
		BeginReloadAssembly (176ms)
			ExecutionOrderSort (0ms)
			DisableScriptedObjects (5ms)
			BackupInstance (0ms)
			ReleaseScriptingObjects (0ms)
			CreateAndSetChildDomain (23ms)
		EndReloadAssembly (994ms)
			LoadAssemblies (105ms)
			RebuildTransferFunctionScriptingTraits (0ms)
			SetupTypeCache (353ms)
			ReleaseScriptCaches (0ms)
			RebuildScriptCaches (56ms)
			SetupLoadedEditorAssemblies (372ms)
				LogAssemblyErrors (0ms)
				InitializePlatformSupportModulesInManaged (6ms)
				SetLoadedEditorAssemblies (1ms)
				RefreshPlugins (1ms)
				BeforeProcessingInitializeOnLoad (70ms)
				ProcessInitializeOnLoadAttributes (281ms)
				ProcessInitializeOnLoadMethodAttributes (11ms)
				AfterProcessingInitializeOnLoad (3ms)
				EditorAssembliesLoaded (0ms)
			ExecutionOrderSort2 (0ms)
			AwakeInstancesAfterBackupRestoration (8ms)
Platform modules already initialized, skipping
========================================================================
Worker process is ready to serve import requests
Launched and connected shader compiler UnityShaderCompiler.exe after 0.09 seconds
Refreshing native plugins compatible for Editor in 0.52 ms, found 2 plugins.
Preloading 0 native plugins for Editor in 0.00 ms.
Unloading 1505 Unused Serialized files (Serialized files now loaded: 0)
System memory in use before: 75.4 MB.
System memory in use after: 75.5 MB.

Unloading 19 unused Assets to reduce memory usage. Loaded Objects now: 1952.
Total: 4.523700 ms (FindLiveObjects: 0.246700 ms CreateObjectMapping: 0.080000 ms MarkObjects: 4.028300 ms  DeleteObjects: 0.167500 ms)

AssetImportParameters requested are different than current active one (requested -> active):
  custom:framework-win-MediaFoundation: 216162199b28c13a410421893ffa2e32 -> 
  custom:video-decoder-ogg-theora: a1e56fd34408186e4bbccfd4996cb3dc -> 
  custom:container-muxer-webm: aa71ff27fc2769a1b78a27578f13a17b -> 
  custom:container-demuxer-webm: 4f35f7cbe854078d1ac9338744f61a02 -> 
  custom:container-demuxer-ogg: 62fdf1f143b41e24485cea50d1cbac27 -> 
  custom:video-encoder-webm-vp8: eb34c28f22e8b96e1ab97ce403110664 -> 
  custom:video-decoder-webm-vp8: 9c59270c3fd7afecdb556c50c9e8de78 -> 
  custom:audio-decoder-ogg-vorbis: bf7c407c2cedff20999df2af8eb42d56 -> 
  custom:audio-encoder-webm-vorbis: bf7c407c2cedff20999df2af8eb42d56 -> 
========================================================================
Received Import Request.
  path: Assets/Blood decal pack/blood/blood1.tif
  artifactKey: Guid(5e14fc2d91e94974ab4aa5c614368aa1) Importer(815301076,1909f56bfc062723c751e8b465ee728b)
Start importing Assets/Blood decal pack/blood/blood1.tif using Guid(5e14fc2d91e94974ab4aa5c614368aa1) Importer(815301076,1909f56bfc062723c751e8b465ee728b)  -> (artifact id: 'b41fe95370ec5aa72f147e6653e1a2f3') in 0.271022 seconds 
  Import took 0.274654 seconds .

========================================================================
Received Import Request.
  Time since last request: 0.000369 seconds.
  path: Assets/Blood decal pack/blood/blood5.tif
  artifactKey: Guid(80b7da75141e8414387fd3593a172a09) Importer(815301076,1909f56bfc062723c751e8b465ee728b)
Start importing Assets/Blood decal pack/blood/blood5.tif using Guid(80b7da75141e8414387fd3593a172a09) Importer(815301076,1909f56bfc062723c751e8b465ee728b)  -> (artifact id: '519dccb654405f204487336af07083e2') in 0.078240 seconds 
  Import took 0.082303 seconds .

========================================================================
Received Import Request.
  Time since last request: 0.000491 seconds.
  path: Assets/Destroyed_city_FREE/Models/Materials/beton_01.mat
  artifactKey: Guid(3a43b0a1f29377e4a97c6374af39b6c3) Importer(815301076,1909f56bfc062723c751e8b465ee728b)
Start importing Assets/Destroyed_city_FREE/Models/Materials/beton_01.mat using Guid(3a43b0a1f29377e4a97c6374af39b6c3) Importer(815301076,1909f56bfc062723c751e8b465ee728b)  -> (artifact id: 'e6a4831cb73be574c050fccc267124db') in 0.677696 seconds 
  Import took 0.680495 seconds .

========================================================================
Received Import Request.
  Time since last request: 0.000345 seconds.
  path: Assets/Destroyed_city_FREE/Models/Materials
  artifactKey: Guid(e27c19b5d828d0343ac671c56d368ec4) Importer(815301076,1909f56bfc062723c751e8b465ee728b)
Start importing Assets/Destroyed_city_FREE/Models/Materials using Guid(e27c19b5d828d0343ac671c56d368ec4) Importer(815301076,1909f56bfc062723c751e8b465ee728b)  -> (artifact id: '50aa4dd53b9fcf4d6b699f46e8328b2c') in 0.029576 seconds 
  Import took 0.033791 seconds .

========================================================================
Received Import Request.
  Time since last request: 0.000378 seconds.
  path: Assets/Destroyed_city_FREE/Models/otrepy.FBX
  artifactKey: Guid(bf587c110cca37f40b346c9ff28fce29) Importer(815301076,1909f56bfc062723c751e8b465ee728b)
Start importing Assets/Destroyed_city_FREE/Models/otrepy.FBX using Guid(bf587c110cca37f40b346c9ff28fce29) Importer(815301076,1909f56bfc062723c751e8b465ee728b)  -> (artifact id: 'f3118904d04f1e6858fc4e995aa2d963') in 0.890195 seconds 
  Import took 0.893475 seconds .

========================================================================
Received Import Request.
  Time since last request: 0.000341 seconds.
  path: Assets/Blood decal pack/blood/blood.tif
  artifactKey: Guid(493e3d4c4724c804f8bbebe749c9ff77) Importer(815301076,1909f56bfc062723c751e8b465ee728b)
Start importing Assets/Blood decal pack/blood/blood.tif using Guid(493e3d4c4724c804f8bbebe749c9ff77) Importer(815301076,1909f56bfc062723c751e8b465ee728b)  -> (artifact id: '200bfb631cc3a064683de8dc97ee3e25') in 0.083844 seconds 
  Import took 0.087371 seconds .

========================================================================
Received Import Request.
  Time since last request: 0.000395 seconds.
  path: Assets/Blood decal pack/blood/blood4.tif
  artifactKey: Guid(6016dd71388801a4ca4591af47627618) Importer(815301076,1909f56bfc062723c751e8b465ee728b)
Start importing Assets/Blood decal pack/blood/blood4.tif using Guid(6016dd71388801a4ca4591af47627618) Importer(815301076,1909f56bfc062723c751e8b465ee728b)  -> (artifact id: 'd900631fddd6f144713414c63e6cce4c') in 0.058227 seconds 
  Import took 0.062139 seconds .

========================================================================
Received Import Request.
  Time since last request: 0.000405 seconds.
  path: Assets/Destroyed_city_FREE/Models/Materials/otrepy.mat
  artifactKey: Guid(b0312697cdac4714b98150a1bc0dbe11) Importer(815301076,1909f56bfc062723c751e8b465ee728b)
Start importing Assets/Destroyed_city_FREE/Models/Materials/otrepy.mat using Guid(b0312697cdac4714b98150a1bc0dbe11) Importer(815301076,1909f56bfc062723c751e8b465ee728b)  -> (artifact id: 'fbbb7ae97ca1ed7364a38eb1781c836c') in 0.020968 seconds 
  Import took 0.036752 seconds .

========================================================================
Received Import Request.
  Time since last request: 0.000421 seconds.
  path: Assets/Blood decal pack/blood/blood6.tif
  artifactKey: Guid(5e7327cab4c8de24696ab0ad11955926) Importer(815301076,1909f56bfc062723c751e8b465ee728b)
Start importing Assets/Blood decal pack/blood/blood6.tif using Guid(5e7327cab4c8de24696ab0ad11955926) Importer(815301076,1909f56bfc062723c751e8b465ee728b)  -> (artifact id: 'b75756d1fb757a2005644f9b1a20c9dc') in 0.076096 seconds 
  Import took 0.079763 seconds .

========================================================================
Received Import Request.
  Time since last request: 0.000307 seconds.
  path: Assets/Blood decal pack/blood/blood3.tif
  artifactKey: Guid(815ba632b4464eb4a813592a7f01fb7b) Importer(815301076,1909f56bfc062723c751e8b465ee728b)
Start importing Assets/Blood decal pack/blood/blood3.tif using Guid(815ba632b4464eb4a813592a7f01fb7b) Importer(815301076,1909f56bfc062723c751e8b465ee728b)  -> (artifact id: '6eaab969fa4fee1d3b6fa8ab623f8057') in 0.080260 seconds 
  Import took 0.083225 seconds .

========================================================================
Received Import Request.
  Time since last request: 0.000395 seconds.
  path: Assets/Blood decal pack/blood/blood2.tif
  artifactKey: Guid(57d2109c3c949be489f1be7e1606777c) Importer(815301076,1909f56bfc062723c751e8b465ee728b)
Start importing Assets/Blood decal pack/blood/blood2.tif using Guid(57d2109c3c949be489f1be7e1606777c) Importer(815301076,1909f56bfc062723c751e8b465ee728b)  -> (artifact id: 'ef9b8a345c94c519ca8246832a97ebf5') in 0.095168 seconds 
  Import took 0.098836 seconds .

========================================================================
Received Import Request.
  Time since last request: 0.000311 seconds.
  path: Assets/Destroyed_city_FREE/Models/Materials/wrak_zed.mat
  artifactKey: Guid(ee667563a4f3ead4b95112ac3401d68f) Importer(815301076,1909f56bfc062723c751e8b465ee728b)
Start importing Assets/Destroyed_city_FREE/Models/Materials/wrak_zed.mat using Guid(ee667563a4f3ead4b95112ac3401d68f) Importer(815301076,1909f56bfc062723c751e8b465ee728b)  -> (artifact id: '28420141c83a5070c53241230e8aed18') in 0.188508 seconds 
  Import took 0.191430 seconds .

========================================================================
Received Import Request.
  Time since last request: 0.000354 seconds.
  path: Assets/Destroyed_city_FREE/Models/troska_A.FBX
  artifactKey: Guid(5447f016f83dfde47a5b78148735be89) Importer(815301076,1909f56bfc062723c751e8b465ee728b)
Start importing Assets/Destroyed_city_FREE/Models/troska_A.FBX using Guid(5447f016f83dfde47a5b78148735be89) Importer(815301076,1909f56bfc062723c751e8b465ee728b)  -> (artifact id: 'ed534e91c142559dbec4dac450c36284') in 0.075720 seconds 
  Import took 0.078652 seconds .

========================================================================
Received Import Request.
  Time since last request: 0.000298 seconds.
  path: Assets/Blood decal pack/blood/blood7.tif
  artifactKey: Guid(eb68a545b98b039419d6a0bd6982f09d) Importer(815301076,1909f56bfc062723c751e8b465ee728b)
Start importing Assets/Blood decal pack/blood/blood7.tif using Guid(eb68a545b98b039419d6a0bd6982f09d) Importer(815301076,1909f56bfc062723c751e8b465ee728b)  -> (artifact id: '0b294b3046c61debf856170b76b9118b') in 0.059063 seconds 
  Import took 0.076818 seconds .

========================================================================
Received Import Request.
  Time since last request: 0.000334 seconds.
  path: Assets/Destroyed_city_FREE/Models/wrak_steny.FBX
  artifactKey: Guid(35822b9f61ef0b249bea5d4a893a22bb) Importer(815301076,1909f56bfc062723c751e8b465ee728b)
Start importing Assets/Destroyed_city_FREE/Models/wrak_steny.FBX using Guid(35822b9f61ef0b249bea5d4a893a22bb) Importer(815301076,1909f56bfc062723c751e8b465ee728b)  -> (artifact id: '59acadaaa33e57d563c075c0bc2c4603') in 0.044578 seconds 
  Import took 0.047377 seconds .

========================================================================
Received Import Request.
  Time since last request: 0.000398 seconds.
  path: Assets/Destroyed_city_FREE/Models/bet_skelet.FBX
  artifactKey: Guid(e3c33f484ba1f9e4fb9e43d26361ed0a) Importer(815301076,1909f56bfc062723c751e8b465ee728b)
Start importing Assets/Destroyed_city_FREE/Models/bet_skelet.FBX using Guid(e3c33f484ba1f9e4fb9e43d26361ed0a) Importer(815301076,1909f56bfc062723c751e8b465ee728b)  -> (artifact id: 'dc2e161817b10d4e7e3257bca69149ec') in 0.071057 seconds 
  Import took 0.074761 seconds .

========================================================================
Received Import Request.
  Time since last request: 1.659839 seconds.
  path: Assets/Destroyed_city_FREE/Prefabs/Light Flares/Sun.flare
  artifactKey: Guid(09ebe82dbd1113c3d000dc0b8d76c639) Importer(815301076,1909f56bfc062723c751e8b465ee728b)
Start importing Assets/Destroyed_city_FREE/Prefabs/Light Flares/Sun.flare using Guid(09ebe82dbd1113c3d000dc0b8d76c639) Importer(815301076,1909f56bfc062723c751e8b465ee728b)  -> (artifact id: 'bfe2f1b99b71faae42380c5d27249c63') in 0.105388 seconds 
  Import took 0.108855 seconds .

========================================================================
Received Import Request.
  Time since last request: 6.969583 seconds.
  path: Assets/Destroyed_city_FREE/Scenes/destroyed_city/LightmapFar-0.exr
  artifactKey: Guid(f2762cea7f740bc489a92dcb8759cfda) Importer(815301076,1909f56bfc062723c751e8b465ee728b)
Start importing Assets/Destroyed_city_FREE/Scenes/destroyed_city/LightmapFar-0.exr using Guid(f2762cea7f740bc489a92dcb8759cfda) Importer(815301076,1909f56bfc062723c751e8b465ee728b)  -> (artifact id: '7256ec4014070863c2483ea603a4db27') in 0.160132 seconds 
  Import took 0.163482 seconds .

========================================================================
Received Import Request.
  Time since last request: 0.000426 seconds.
  path: Assets/Destroyed_city_FREE/Scenes/destroyed_city/LightmapFar-5.exr
  artifactKey: Guid(8f05800eba8ca8342964acc621ce1cdd) Importer(815301076,1909f56bfc062723c751e8b465ee728b)
Start importing Assets/Destroyed_city_FREE/Scenes/destroyed_city/LightmapFar-5.exr using Guid(8f05800eba8ca8342964acc621ce1cdd) Importer(815301076,1909f56bfc062723c751e8b465ee728b)  -> (artifact id: '598725ff6229b8c7ae8d1ceacc1fdee1') in 0.075666 seconds 
  Import took 0.078935 seconds .

========================================================================
Received Import Request.
  Time since last request: 0.000225 seconds.
  path: Assets/Destroyed_city_FREE/Scenes/destroyed_city/LightmapNear-0.exr
  artifactKey: Guid(92100c10a874a3c4b8a36f9faa5137d2) Importer(815301076,1909f56bfc062723c751e8b465ee728b)
Start importing Assets/Destroyed_city_FREE/Scenes/destroyed_city/LightmapNear-0.exr using Guid(92100c10a874a3c4b8a36f9faa5137d2) Importer(815301076,1909f56bfc062723c751e8b465ee728b)  -> (artifact id: '6c8db92b4da9dc0d39d020c14252885b') in 0.082132 seconds 
  Import took 0.085592 seconds .

========================================================================
Received Import Request.
  Time since last request: 0.000254 seconds.
  path: Assets/Destroyed_city_FREE/Scenes/destroyed_city/LightmapFar-2.exr
  artifactKey: Guid(5521a5af10eb7a1488540cd048588500) Importer(815301076,1909f56bfc062723c751e8b465ee728b)
Start importing Assets/Destroyed_city_FREE/Scenes/destroyed_city/LightmapFar-2.exr using Guid(5521a5af10eb7a1488540cd048588500) Importer(815301076,1909f56bfc062723c751e8b465ee728b)  -> (artifact id: '5e965564e51d654461f4b70fdbf25f67') in 0.069446 seconds 
  Import took 0.073001 seconds .

========================================================================
Received Import Request.
  Time since last request: 0.000224 seconds.
  path: Assets/Destroyed_city_FREE/Scenes/destroyed_city/LightmapFar-6.exr
  artifactKey: Guid(10069154d59c2624287cdaef8d72b3e1) Importer(815301076,1909f56bfc062723c751e8b465ee728b)
Start importing Assets/Destroyed_city_FREE/Scenes/destroyed_city/LightmapFar-6.exr using Guid(10069154d59c2624287cdaef8d72b3e1) Importer(815301076,1909f56bfc062723c751e8b465ee728b)  -> (artifact id: '53764e69067458e369ce23cf74f80c94') in 0.112300 seconds 
  Import took 0.115668 seconds .

========================================================================
Received Import Request.
  Time since last request: 0.000233 seconds.
  path: Assets/Destroyed_city_FREE/Scenes/destroyed_city/LightmapFar-1.exr
  artifactKey: Guid(5a376b43b2e84f44f9a20162ec34c47c) Importer(815301076,1909f56bfc062723c751e8b465ee728b)
Start importing Assets/Destroyed_city_FREE/Scenes/destroyed_city/LightmapFar-1.exr using Guid(5a376b43b2e84f44f9a20162ec34c47c) Importer(815301076,1909f56bfc062723c751e8b465ee728b)  -> (artifact id: 'f2380217d2263a2c48c60164975be54f') in 0.088496 seconds 
  Import took 0.091931 seconds .

========================================================================
Received Import Request.
  Time since last request: 0.000217 seconds.
  path: Assets/Destroyed_city_FREE/Scenes/destroyed_city/LightmapFar-14.exr
  artifactKey: Guid(600eccb082ffc824cb9ff0d0fd797c2c) Importer(815301076,1909f56bfc062723c751e8b465ee728b)
Start importing Assets/Destroyed_city_FREE/Scenes/destroyed_city/LightmapFar-14.exr using Guid(600eccb082ffc824cb9ff0d0fd797c2c) Importer(815301076,1909f56bfc062723c751e8b465ee728b)  -> (artifact id: '5a5e55b84073ef0bd55a53cf49e5ec82') in 0.085845 seconds 
  Import took 0.089242 seconds .

========================================================================
Received Import Request.
  Time since last request: 0.000237 seconds.
  path: Assets/Destroyed_city_FREE/Scenes/destroyed_city/LightmapFar-7.exr
  artifactKey: Guid(e116ec9a42d3ff9449f77a447c766be1) Importer(815301076,1909f56bfc062723c751e8b465ee728b)
Start importing Assets/Destroyed_city_FREE/Scenes/destroyed_city/LightmapFar-7.exr using Guid(e116ec9a42d3ff9449f77a447c766be1) Importer(815301076,1909f56bfc062723c751e8b465ee728b)  -> (artifact id: 'cd7c5060a498a94111437ad182b67460') in 0.081406 seconds 
  Import took 0.084793 seconds .

========================================================================
Received Import Request.
  Time since last request: 0.000228 seconds.
  path: Assets/Destroyed_city_FREE/Scenes/destroyed_city/LightmapFar-11.exr
  artifactKey: Guid(88dc04d91a640414283437599fa99295) Importer(815301076,1909f56bfc062723c751e8b465ee728b)
Start importing Assets/Destroyed_city_FREE/Scenes/destroyed_city/LightmapFar-11.exr using Guid(88dc04d91a640414283437599fa99295) Importer(815301076,1909f56bfc062723c751e8b465ee728b)  -> (artifact id: '40a5c0e9d6deb876b7e1cfd459a90a63') in 0.112768 seconds 
  Import took 0.116181 seconds .

========================================================================
Received Import Request.
  Time since last request: 0.000233 seconds.
  path: Assets/Destroyed_city_FREE/Scenes/destroyed_city/LightmapFar-12.exr
  artifactKey: Guid(e352794484cca5d40821e95258892f02) Importer(815301076,1909f56bfc062723c751e8b465ee728b)
Start importing Assets/Destroyed_city_FREE/Scenes/destroyed_city/LightmapFar-12.exr using Guid(e352794484cca5d40821e95258892f02) Importer(815301076,1909f56bfc062723c751e8b465ee728b)  -> (artifact id: 'e37c86a4ccfca29485d35d7c6bf9fa35') in 0.078216 seconds 
  Import took 0.081839 seconds .

========================================================================
Received Import Request.
  Time since last request: 0.000244 seconds.
  path: Assets/Destroyed_city_FREE/Scenes/destroyed_city/LightmapFar-8.exr
  artifactKey: Guid(95ba1a14c944bd24d8274375ee74ad65) Importer(815301076,1909f56bfc062723c751e8b465ee728b)
Start importing Assets/Destroyed_city_FREE/Scenes/destroyed_city/LightmapFar-8.exr using Guid(95ba1a14c944bd24d8274375ee74ad65) Importer(815301076,1909f56bfc062723c751e8b465ee728b)  -> (artifact id: 'f1b88505fac79e3954a7f010534d1a4a') in 0.081248 seconds 
  Import took 0.084761 seconds .

========================================================================
Received Import Request.
  Time since last request: 0.000230 seconds.
  path: Assets/Destroyed_city_FREE/Scenes/destroyed_city/LightmapFar-13.exr
  artifactKey: Guid(7ebba6401ad4b08428ac68107d46b47c) Importer(815301076,1909f56bfc062723c751e8b465ee728b)
Start importing Assets/Destroyed_city_FREE/Scenes/destroyed_city/LightmapFar-13.exr using Guid(7ebba6401ad4b08428ac68107d46b47c) Importer(815301076,1909f56bfc062723c751e8b465ee728b)  -> (artifact id: '9dda68ba433df0dde048e34a2ec4bdfc') in 0.089882 seconds 
  Import took 0.093245 seconds .

========================================================================
Received Import Request.
  Time since last request: 0.000237 seconds.
  path: Assets/Destroyed_city_FREE/Scenes/destroyed_city/LightmapFar-10.exr
  artifactKey: Guid(1b54b539798759949955c23b44b723de) Importer(815301076,1909f56bfc062723c751e8b465ee728b)
Start importing Assets/Destroyed_city_FREE/Scenes/destroyed_city/LightmapFar-10.exr using Guid(1b54b539798759949955c23b44b723de) Importer(815301076,1909f56bfc062723c751e8b465ee728b)  -> (artifact id: 'a4dcaba3d5816c251329ae7a91b9c818') in 0.101614 seconds 
  Import took 0.105054 seconds .

========================================================================
Received Import Request.
  Time since last request: 0.000235 seconds.
  path: Assets/Destroyed_city_FREE/Scenes/destroyed_city/LightmapFar-3.exr
  artifactKey: Guid(8d15220e1ebcb1b4591fdf0aad07d24b) Importer(815301076,1909f56bfc062723c751e8b465ee728b)
Start importing Assets/Destroyed_city_FREE/Scenes/destroyed_city/LightmapFar-3.exr using Guid(8d15220e1ebcb1b4591fdf0aad07d24b) Importer(815301076,1909f56bfc062723c751e8b465ee728b)  -> (artifact id: '4a7dc314e040cda4ca1d5433c46a92da') in 0.109771 seconds 
  Import took 0.113167 seconds .

========================================================================
Received Import Request.
  Time since last request: 0.000227 seconds.
  path: Assets/Destroyed_city_FREE/Scenes/destroyed_city/LightmapFar-15.exr
  artifactKey: Guid(4ee251adfc7eeaf4eb4c4e48744d54ab) Importer(815301076,1909f56bfc062723c751e8b465ee728b)
Start importing Assets/Destroyed_city_FREE/Scenes/destroyed_city/LightmapFar-15.exr using Guid(4ee251adfc7eeaf4eb4c4e48744d54ab) Importer(815301076,1909f56bfc062723c751e8b465ee728b)  -> (artifact id: 'f8fb767b0c78e75d39dd81f09441fe6b') in 0.092870 seconds 
  Import took 0.096908 seconds .

========================================================================
Received Import Request.
  Time since last request: 0.000244 seconds.
  path: Assets/Destroyed_city_FREE/Scenes/destroyed_city/LightmapFar-17.exr
  artifactKey: Guid(02ac7831bf5c7da4d993fb6b8bcd2140) Importer(815301076,1909f56bfc062723c751e8b465ee728b)
Start importing Assets/Destroyed_city_FREE/Scenes/destroyed_city/LightmapFar-17.exr using Guid(02ac7831bf5c7da4d993fb6b8bcd2140) Importer(815301076,1909f56bfc062723c751e8b465ee728b)  -> (artifact id: 'e10120e4f4b3ab379bcd4de4dc0e3b85') in 0.117404 seconds 
  Import took 0.120878 seconds .

========================================================================
Received Import Request.
  Time since last request: 0.000241 seconds.
  path: Assets/Destroyed_city_FREE/Scenes/destroyed_city/LightmapFar-9.exr
  artifactKey: Guid(99087af4266aa01409503bf9d353da4d) Importer(815301076,1909f56bfc062723c751e8b465ee728b)
Start importing Assets/Destroyed_city_FREE/Scenes/destroyed_city/LightmapFar-9.exr using Guid(99087af4266aa01409503bf9d353da4d) Importer(815301076,1909f56bfc062723c751e8b465ee728b)  -> (artifact id: '692e286955a9826e29a0410e054bf9e3') in 0.156329 seconds 
  Import took 0.159910 seconds .

========================================================================
Received Import Request.
  Time since last request: 0.000235 seconds.
  path: Assets/Destroyed_city_FREE/Scenes/destroyed_city/LightmapFar-4.exr
  artifactKey: Guid(c60231e80a6603d4a9092aab70a5781b) Importer(815301076,1909f56bfc062723c751e8b465ee728b)
Start importing Assets/Destroyed_city_FREE/Scenes/destroyed_city/LightmapFar-4.exr using Guid(c60231e80a6603d4a9092aab70a5781b) Importer(815301076,1909f56bfc062723c751e8b465ee728b)  -> (artifact id: '331ad109c49ee21a8e9f4131253fd732') in 0.082225 seconds 
  Import took 0.085615 seconds .

========================================================================
Received Import Request.
  Time since last request: 0.000227 seconds.
  path: Assets/Destroyed_city_FREE/Scenes/destroyed_city/LightmapFar-16.exr
  artifactKey: Guid(8cc29668558216345878100cb94f3691) Importer(815301076,1909f56bfc062723c751e8b465ee728b)
Start importing Assets/Destroyed_city_FREE/Scenes/destroyed_city/LightmapFar-16.exr using Guid(8cc29668558216345878100cb94f3691) Importer(815301076,1909f56bfc062723c751e8b465ee728b)  -> (artifact id: '7c4fd250382dbf458c6d480b7324ce17') in 0.139486 seconds 
  Import took 0.143088 seconds .

========================================================================
Received Import Request.
  Time since last request: 12.814236 seconds.
  path: Assets/Destroyed_city_FREE/Prefabs/wrak_budova.prefab
  artifactKey: Guid(19e3bec5d2084834e86823c680ab9eb1) Importer(815301076,1909f56bfc062723c751e8b465ee728b)
Start importing Assets/Destroyed_city_FREE/Prefabs/wrak_budova.prefab using Guid(19e3bec5d2084834e86823c680ab9eb1) Importer(815301076,1909f56bfc062723c751e8b465ee728b)  -> (artifact id: 'd6b6d675a67af655439f5ec36962b42a') in 0.545661 seconds 
  Import took 0.549377 seconds .

========================================================================
Received Import Request.
  Time since last request: 1.451185 seconds.
  path: Assets/Destroyed_city_FREE/Prefabs/Light Flares
  artifactKey: Guid(6a3bcf82ec7d2e24695a70e3a0ca4a53) Importer(815301076,1909f56bfc062723c751e8b465ee728b)
Start importing Assets/Destroyed_city_FREE/Prefabs/Light Flares using Guid(6a3bcf82ec7d2e24695a70e3a0ca4a53) Importer(815301076,1909f56bfc062723c751e8b465ee728b)  -> (artifact id: 'fe8882b155dec779c73004f28dcad77a') in 0.027305 seconds 
  Import took 0.031660 seconds .

========================================================================
Received Import Request.
  Time since last request: 249.217388 seconds.
  path: Assets/Free Pixel Art Forest/Preview/Background.png
  artifactKey: Guid(5d48136cf2cd63844b43942d2409c8d0) Importer(815301076,1909f56bfc062723c751e8b465ee728b)
Start importing Assets/Free Pixel Art Forest/Preview/Background.png using Guid(5d48136cf2cd63844b43942d2409c8d0) Importer(815301076,1909f56bfc062723c751e8b465ee728b)  -> (artifact id: '113062ee893aac744901eb260a260196') in 0.159799 seconds 
  Import took 0.164342 seconds .

========================================================================
Received Import Request.
  Time since last request: 155.639785 seconds.
  path: Assets/PBR Texture Pack Vol 1/Materials/Drought Sand Oiled.mat
  artifactKey: Guid(c92c99c5b27fe9d4bae4a5c107944f6b) Importer(815301076,1909f56bfc062723c751e8b465ee728b)
Start importing Assets/PBR Texture Pack Vol 1/Materials/Drought Sand Oiled.mat using Guid(c92c99c5b27fe9d4bae4a5c107944f6b) Importer(815301076,1909f56bfc062723c751e8b465ee728b)  -> (artifact id: '7453d2e8488154b4f4108a08a742c2d5') in 1.118112 seconds 
  Import took 1.123642 seconds .

========================================================================
Received Import Request.
  Time since last request: 0.000313 seconds.
  path: Assets/PBR Texture Pack Vol 1/Materials/Swamp Ground.mat
  artifactKey: Guid(b0fffd1b66a6e1945ab30e915af3cf53) Importer(815301076,1909f56bfc062723c751e8b465ee728b)
Start importing Assets/PBR Texture Pack Vol 1/Materials/Swamp Ground.mat using Guid(b0fffd1b66a6e1945ab30e915af3cf53) Importer(815301076,1909f56bfc062723c751e8b465ee728b)  -> (artifact id: 'ec3077441c30b04e4d6f486dbcc76818') in 0.679457 seconds 
  Import took 0.683150 seconds .

========================================================================
Received Import Request.
  Time since last request: 0.000351 seconds.
  path: Assets/PBR Texture Pack Vol 1/Materials/Mud.mat
  artifactKey: Guid(e2ab0e0b5a8ec8d4191e5e28fe3f5212) Importer(815301076,1909f56bfc062723c751e8b465ee728b)
Start importing Assets/PBR Texture Pack Vol 1/Materials/Mud.mat using Guid(e2ab0e0b5a8ec8d4191e5e28fe3f5212) Importer(815301076,1909f56bfc062723c751e8b465ee728b)  -> (artifact id: '972acb14350ecffbb8b6e175a8a1c955') in 0.574367 seconds 
  Import took 0.577885 seconds .

========================================================================
Received Import Request.
  Time since last request: 0.000415 seconds.
  path: Assets/PBR Texture Pack Vol 1/Materials/Snow Covered Stone.mat
  artifactKey: Guid(0ae9263b538edb14e8dc1e9c3775d2a3) Importer(815301076,1909f56bfc062723c751e8b465ee728b)
Start importing Assets/PBR Texture Pack Vol 1/Materials/Snow Covered Stone.mat using Guid(0ae9263b538edb14e8dc1e9c3775d2a3) Importer(815301076,1909f56bfc062723c751e8b465ee728b)  -> (artifact id: '871cf560d01edb8e8ec125ba41a84f4d') in 0.751520 seconds 
  Import took 0.755360 seconds .

========================================================================
Received Import Request.
  Time since last request: 0.000237 seconds.
  path: Assets/PBR Texture Pack Vol 1/Materials/Old Cement.mat
  artifactKey: Guid(e6d0f0f55ca58a84493055b00f951da2) Importer(815301076,1909f56bfc062723c751e8b465ee728b)
Start importing Assets/PBR Texture Pack Vol 1/Materials/Old Cement.mat using Guid(e6d0f0f55ca58a84493055b00f951da2) Importer(815301076,1909f56bfc062723c751e8b465ee728b)  -> (artifact id: 'ec53f132d9c5b4e7b9b1c49fca8f71ea') in 0.619440 seconds 
  Import took 0.623503 seconds .

========================================================================
Received Import Request.
  Time since last request: 0.000290 seconds.
  path: Assets/PBR Texture Pack Vol 1/Materials/Wood Planks.mat
  artifactKey: Guid(1586879bce258794a9d6151d08980a73) Importer(815301076,1909f56bfc062723c751e8b465ee728b)
Start importing Assets/PBR Texture Pack Vol 1/Materials/Wood Planks.mat using Guid(1586879bce258794a9d6151d08980a73) Importer(815301076,1909f56bfc062723c751e8b465ee728b)  -> (artifact id: '002115e7b8f453acf89f25e034add119') in 0.738699 seconds 
  Import took 0.742753 seconds .

========================================================================
Received Import Request.
  Time since last request: 3.734231 seconds.
  path: Assets/TileableBricksWall/Materials/Bricks_01_mat.mat
  artifactKey: Guid(3abf473d50106f44c9611c2c76fd9a91) Importer(815301076,1909f56bfc062723c751e8b465ee728b)
Start importing Assets/TileableBricksWall/Materials/Bricks_01_mat.mat using Guid(3abf473d50106f44c9611c2c76fd9a91) Importer(815301076,1909f56bfc062723c751e8b465ee728b)  -> (artifact id: '0192066856969d98de24c458b2098660') in 0.422820 seconds 
  Import took 0.426275 seconds .

========================================================================
Received Import Request.
  Time since last request: 0.000339 seconds.
  path: Assets/TileableBricksWall/Materials/Bricks_01_mat2.mat
  artifactKey: Guid(333a08b54ec5eec4f84f74d910ad751e) Importer(815301076,1909f56bfc062723c751e8b465ee728b)
Start importing Assets/TileableBricksWall/Materials/Bricks_01_mat2.mat using Guid(333a08b54ec5eec4f84f74d910ad751e) Importer(815301076,1909f56bfc062723c751e8b465ee728b)  -> (artifact id: 'c8db1a1c8ea81b201f50a0a22c75f09a') in 0.205364 seconds 
  Import took 0.209068 seconds .

========================================================================
Received Import Request.
  Time since last request: 0.000342 seconds.
  path: Assets/TileableBricksWall/Textures/Bricks_specular.TGA
  artifactKey: Guid(c6149616a45a3bc4d9f1c734ea63dd78) Importer(815301076,1909f56bfc062723c751e8b465ee728b)
Start importing Assets/TileableBricksWall/Textures/Bricks_specular.TGA using Guid(c6149616a45a3bc4d9f1c734ea63dd78) Importer(815301076,1909f56bfc062723c751e8b465ee728b)  -> (artifact id: 'b457ae068a7fd66f95080e9afebf2273') in 0.072297 seconds 
  Import took 0.075467 seconds .

========================================================================
Received Import Request.
  Time since last request: 0.000346 seconds.
  path: Assets/TileableBricksWall/Textures/Bricks_gloss.TGA
  artifactKey: Guid(0b34c0b034d10bf4fb4c1868cdfce922) Importer(815301076,1909f56bfc062723c751e8b465ee728b)
Start importing Assets/TileableBricksWall/Textures/Bricks_gloss.TGA using Guid(0b34c0b034d10bf4fb4c1868cdfce922) Importer(815301076,1909f56bfc062723c751e8b465ee728b)  -> (artifact id: '50493d697b110f982575c906eebf2a09') in 0.064573 seconds 
  Import took 0.067652 seconds .

========================================================================
Received Import Request.
  Time since last request: 0.000342 seconds.
  path: Assets/TileableBricksWall/Textures/Bricks_normal.TGA
  artifactKey: Guid(1190d41b950921e44a16b0f6319d4e97) Importer(815301076,1909f56bfc062723c751e8b465ee728b)
Start importing Assets/TileableBricksWall/Textures/Bricks_normal.TGA using Guid(1190d41b950921e44a16b0f6319d4e97) Importer(815301076,1909f56bfc062723c751e8b465ee728b)  -> (artifact id: '2dbd01a66cfd4e448bb571a68b242bb5') in 0.041925 seconds 
  Import took 0.044848 seconds .

========================================================================
Received Import Request.
  Time since last request: 0.000414 seconds.
  path: Assets/TileableBricksWall/Textures/Bricks_diffuse.TGA
  artifactKey: Guid(e0151d2c7bc1bfc4a82177d0298dd56e) Importer(815301076,1909f56bfc062723c751e8b465ee728b)
Start importing Assets/TileableBricksWall/Textures/Bricks_diffuse.TGA using Guid(e0151d2c7bc1bfc4a82177d0298dd56e) Importer(815301076,1909f56bfc062723c751e8b465ee728b)  -> (artifact id: '680576050c104d4904538ba78158c1e7') in 0.018131 seconds 
  Import took 0.021878 seconds .

========================================================================
Received Import Request.
  Time since last request: 0.000355 seconds.
  path: Assets/TileableBricksWall/Textures/Height_map.TGA
  artifactKey: Guid(c2d480cfeca8d5e418965feb1ec15754) Importer(815301076,1909f56bfc062723c751e8b465ee728b)
Start importing Assets/TileableBricksWall/Textures/Height_map.TGA using Guid(c2d480cfeca8d5e418965feb1ec15754) Importer(815301076,1909f56bfc062723c751e8b465ee728b)  -> (artifact id: 'edc27902a2d2bdb0255ca9fe4e209870') in 0.020487 seconds 
  Import took 0.027170 seconds .

========================================================================
Received Import Request.
  Time since last request: 9.955583 seconds.
  path: Assets/Free Pixel Art Forest/Preview
  artifactKey: Guid(b78a151251c0d274ab454f79857bc630) Importer(815301076,1909f56bfc062723c751e8b465ee728b)
Start importing Assets/Free Pixel Art Forest/Preview using Guid(b78a151251c0d274ab454f79857bc630) Importer(815301076,1909f56bfc062723c751e8b465ee728b)  -> (artifact id: 'c30a8b22b08b9941464bc43723d11555') in 0.061714 seconds 
  Import took 0.064898 seconds .

========================================================================
Received Import Request.
  Time since last request: 589.313426 seconds.
  path: Assets/Free Pixel Art Forest/Demo
  artifactKey: Guid(3b182a07c99bba94db8e5b8a017967ad) Importer(815301076,1909f56bfc062723c751e8b465ee728b)
Start importing Assets/Free Pixel Art Forest/Demo using Guid(3b182a07c99bba94db8e5b8a017967ad) Importer(815301076,1909f56bfc062723c751e8b465ee728b)  -> (artifact id: '3138851d5b724e8fc30fc606dc815d01') in 0.285509 seconds 
  Import took 0.289798 seconds .

========================================================================
Received Import Request.
  Time since last request: 10.486078 seconds.
  path: Assets/Free Pixel Art Forest/PSD/Background.psd
  artifactKey: Guid(5a9c3a6930689e64f8a0e61ea1a0cf8b) Importer(815301076,1909f56bfc062723c751e8b465ee728b)
Start importing Assets/Free Pixel Art Forest/PSD/Background.psd using Guid(5a9c3a6930689e64f8a0e61ea1a0cf8b) Importer(815301076,1909f56bfc062723c751e8b465ee728b)  -> (artifact id: '4edb33ef1fc321ae48129007388a71bb') in 0.145957 seconds 
  Import took 0.149806 seconds .

========================================================================
Received Import Request.
  Time since last request: 276.251477 seconds.
  path: Assets/Destroyed_city_FREE/Standard Assets/Light Flares/Sources/Textures/50mmflare.psd
  artifactKey: Guid(23a02ac18d11c9ffa0009c58a8ad6659) Importer(815301076,1909f56bfc062723c751e8b465ee728b)
Start importing Assets/Destroyed_city_FREE/Standard Assets/Light Flares/Sources/Textures/50mmflare.psd using Guid(23a02ac18d11c9ffa0009c58a8ad6659) Importer(815301076,1909f56bfc062723c751e8b465ee728b)  -> (artifact id: '97153ff99e7d1020ec308e3905d4f2e5') in 0.093794 seconds 
  Import took 0.099246 seconds .

========================================================================
Received Import Request.
  Time since last request: 0.000358 seconds.
  path: Assets/Destroyed_city_FREE/Textures/black.psd
  artifactKey: Guid(8887e09c6cc70be438f928c9baa1127d) Importer(815301076,1909f56bfc062723c751e8b465ee728b)
Start importing Assets/Destroyed_city_FREE/Textures/black.psd using Guid(8887e09c6cc70be438f928c9baa1127d) Importer(815301076,1909f56bfc062723c751e8b465ee728b)  -> (artifact id: '8d676488e982fd8e29f9d66413211152') in 0.060396 seconds 
  Import took 0.064534 seconds .

========================================================================
Received Import Request.
  Time since last request: 0.000338 seconds.
  path: Assets/Destroyed_city_FREE/Textures/beton_01n.jpg
  artifactKey: Guid(e61358ec39887214d87467faa5d817d0) Importer(815301076,1909f56bfc062723c751e8b465ee728b)
Start importing Assets/Destroyed_city_FREE/Textures/beton_01n.jpg using Guid(e61358ec39887214d87467faa5d817d0) Importer(815301076,1909f56bfc062723c751e8b465ee728b)  -> (artifact id: '5015e0a43ac60f70d30432ba1d88b96e') in 0.020740 seconds 
  Import took 0.024578 seconds .

========================================================================
Received Import Request.
  Time since last request: 0.000449 seconds.
  path: Assets/Destroyed_city_FREE/Textures/beton_01.psd
  artifactKey: Guid(90e69f873d9a0ea4984de801756b6a65) Importer(815301076,1909f56bfc062723c751e8b465ee728b)
Start importing Assets/Destroyed_city_FREE/Textures/beton_01.psd using Guid(90e69f873d9a0ea4984de801756b6a65) Importer(815301076,1909f56bfc062723c751e8b465ee728b)  -> (artifact id: '918430e62477e1cfa2c93c25e947cbdb') in 0.018189 seconds 
  Import took 0.022615 seconds .

========================================================================
Received Import Request.
  Time since last request: 8.738420 seconds.
  path: Assets/Destroyed_city_FREE/Trees/Prefabs/Bush_A_Textures/diffuse.png
  artifactKey: Guid(2bca1b7a12a8d024ea32d6fc70e3f97a) Importer(815301076,1909f56bfc062723c751e8b465ee728b)
Start importing Assets/Destroyed_city_FREE/Trees/Prefabs/Bush_A_Textures/diffuse.png using Guid(2bca1b7a12a8d024ea32d6fc70e3f97a) Importer(815301076,1909f56bfc062723c751e8b465ee728b)  -> (artifact id: '61d4294756f57ef024a7bd7d2825b6a0') in 0.058122 seconds 
  Import took 0.061560 seconds .

========================================================================
Received Import Request.
  Time since last request: 0.000359 seconds.
  path: Assets/Destroyed_city_FREE/Trees/Prefabs/Bush_B_Textures/diffuse.png
  artifactKey: Guid(70c62530657735b4181f24e1bfa53599) Importer(815301076,1909f56bfc062723c751e8b465ee728b)
Start importing Assets/Destroyed_city_FREE/Trees/Prefabs/Bush_B_Textures/diffuse.png using Guid(70c62530657735b4181f24e1bfa53599) Importer(815301076,1909f56bfc062723c751e8b465ee728b)  -> (artifact id: '3dfaf7856d94b2e73b4739ff3b8b4ecb') in 0.014339 seconds 
  Import took 0.017855 seconds .

========================================================================
Received Import Request.
  Time since last request: 2.242985 seconds.
  path: Assets/Destroyed_city_FREE/Trees/Prefabs/Tree_01_Textures/diffuse.png
  artifactKey: Guid(c0089478ddbc85f44b7391869f0208c1) Importer(815301076,1909f56bfc062723c751e8b465ee728b)
Start importing Assets/Destroyed_city_FREE/Trees/Prefabs/Tree_01_Textures/diffuse.png using Guid(c0089478ddbc85f44b7391869f0208c1) Importer(815301076,1909f56bfc062723c751e8b465ee728b)  -> (artifact id: '74a8816784cce682a8a279178b26d618') in 0.133520 seconds 
  Import took 0.137251 seconds .

========================================================================
Received Import Request.
  Time since last request: 0.000356 seconds.
  path: Assets/PBR Texture Pack Vol 1/Textures/Drought Sand Oiled/Drought Sand Oiled_ambientOcclusion.png
  artifactKey: Guid(aeb0ece3a2480294080370f034b8e810) Importer(815301076,1909f56bfc062723c751e8b465ee728b)
Start importing Assets/PBR Texture Pack Vol 1/Textures/Drought Sand Oiled/Drought Sand Oiled_ambientOcclusion.png using Guid(aeb0ece3a2480294080370f034b8e810) Importer(815301076,1909f56bfc062723c751e8b465ee728b)  -> (artifact id: 'ecdd72635b19cef6b1364591cca7b0fa') in 0.017415 seconds 
  Import took 0.020848 seconds .

========================================================================
Received Import Request.
  Time since last request: 0.000451 seconds.
  path: Assets/PBR Texture Pack Vol 1/Textures/Drought Sand Oiled/Drought Sand Oiled_baseColor.png
  artifactKey: Guid(54a6bd4dfafda4443b9dbe895a6f46eb) Importer(815301076,1909f56bfc062723c751e8b465ee728b)
Start importing Assets/PBR Texture Pack Vol 1/Textures/Drought Sand Oiled/Drought Sand Oiled_baseColor.png using Guid(54a6bd4dfafda4443b9dbe895a6f46eb) Importer(815301076,1909f56bfc062723c751e8b465ee728b)  -> (artifact id: '23d68c0268ee41221a97b73e9018a814') in 0.020805 seconds 
  Import took 0.025187 seconds .

========================================================================
Received Import Request.
  Time since last request: 0.000295 seconds.
  path: Assets/Destroyed_city_FREE/Trees/Prefabs/Tree_09_Textures/diffuse.png
  artifactKey: Guid(c859021b5e814fc4cb3697ab429c6fe8) Importer(815301076,1909f56bfc062723c751e8b465ee728b)
Start importing Assets/Destroyed_city_FREE/Trees/Prefabs/Tree_09_Textures/diffuse.png using Guid(c859021b5e814fc4cb3697ab429c6fe8) Importer(815301076,1909f56bfc062723c751e8b465ee728b)  -> (artifact id: 'a640ea2f67cb66a2891d01ea9b630ddd') in 0.081968 seconds 
  Import took 0.086723 seconds .

========================================================================
Received Import Request.
  Time since last request: 562.425340 seconds.
  path: Assets/Scenes/SampleScene.unity
  artifactKey: Guid(9fc0d4010bbf28b4594072e72b8655ab) Importer(815301076,1909f56bfc062723c751e8b465ee728b)
Start importing Assets/Scenes/SampleScene.unity using Guid(9fc0d4010bbf28b4594072e72b8655ab) Importer(815301076,1909f56bfc062723c751e8b465ee728b)  -> (artifact id: '0600ca859120d64c28b7f41768fbc095') in 0.009208 seconds 
  Import took 0.012889 seconds .

========================================================================
Received Import Request.
  Time since last request: 7.522906 seconds.
  path: Assets/Stone_textures/Ground1_Cool1.png
  artifactKey: Guid(568b5f6a60330c2448e82ed11b36872d) Importer(815301076,1909f56bfc062723c751e8b465ee728b)
Start importing Assets/Stone_textures/Ground1_Cool1.png using Guid(568b5f6a60330c2448e82ed11b36872d) Importer(815301076,1909f56bfc062723c751e8b465ee728b)  -> (artifact id: 'b2e9b0862d9ed527a645b99829274e30') in 0.135342 seconds 
  Import took 0.139935 seconds .

========================================================================
Received Import Request.
  Time since last request: 0.000302 seconds.
  path: Assets/Stone_textures/Ground1_Cool3_offset.png
  artifactKey: Guid(073269ef56b35524391fe6d54e1ea99b) Importer(815301076,1909f56bfc062723c751e8b465ee728b)
Start importing Assets/Stone_textures/Ground1_Cool3_offset.png using Guid(073269ef56b35524391fe6d54e1ea99b) Importer(815301076,1909f56bfc062723c751e8b465ee728b)  -> (artifact id: '476e23fe1027f2ea6c72c10c7a7e0fa2') in 0.150896 seconds 
  Import took 0.153841 seconds .

========================================================================
Received Import Request.
  Time since last request: 0.000441 seconds.
  path: Assets/Stone_textures/Ground1_Warm1_offset.png
  artifactKey: Guid(ee2a2dd5406d7bb43bd1ddb0f6395053) Importer(815301076,1909f56bfc062723c751e8b465ee728b)
Start importing Assets/Stone_textures/Ground1_Warm1_offset.png using Guid(ee2a2dd5406d7bb43bd1ddb0f6395053) Importer(815301076,1909f56bfc062723c751e8b465ee728b)  -> (artifact id: '01bf486b5f8c202e1bd724279e9faa4b') in 0.122801 seconds 
  Import took 0.125861 seconds .

========================================================================
Received Import Request.
  Time since last request: 0.000347 seconds.
  path: Assets/Stone_textures/Ground1_Cool4_offset.png
  artifactKey: Guid(db6c10b57f9c2944990d1268677e6e40) Importer(815301076,1909f56bfc062723c751e8b465ee728b)
Start importing Assets/Stone_textures/Ground1_Cool4_offset.png using Guid(db6c10b57f9c2944990d1268677e6e40) Importer(815301076,1909f56bfc062723c751e8b465ee728b)  -> (artifact id: '7152d01d16a7573ce5015e9ef906aa2c') in 0.146003 seconds 
  Import took 0.148867 seconds .

========================================================================
Received Import Request.
  Time since last request: 0.000425 seconds.
  path: Assets/Stone_textures/Ground1_warm2_offset2.png
  artifactKey: Guid(88dc1c52d14427447b70a8851e6a6812) Importer(815301076,1909f56bfc062723c751e8b465ee728b)
Start importing Assets/Stone_textures/Ground1_warm2_offset2.png using Guid(88dc1c52d14427447b70a8851e6a6812) Importer(815301076,1909f56bfc062723c751e8b465ee728b)  -> (artifact id: '2db5bbf8ba1913ce9ed17930e010c830') in 0.118069 seconds 
  Import took 0.121040 seconds .

========================================================================
Received Import Request.
  Time since last request: 0.000384 seconds.
  path: Assets/Stone_textures/Ground1_Warm2_offset.png
  artifactKey: Guid(220586aac46473b458b4f894fe75cb69) Importer(815301076,1909f56bfc062723c751e8b465ee728b)
Start importing Assets/Stone_textures/Ground1_Warm2_offset.png using Guid(220586aac46473b458b4f894fe75cb69) Importer(815301076,1909f56bfc062723c751e8b465ee728b)  -> (artifact id: 'c2b3ad9d6f666d580399bba0930d0073') in 0.116465 seconds 
  Import took 0.120143 seconds .

========================================================================
Received Import Request.
  Time since last request: 0.000388 seconds.
  path: Assets/Stone_textures/Ground1_Warm2.png
  artifactKey: Guid(1cf002a9c6873e14ea4bf2fe70c0b0c9) Importer(815301076,1909f56bfc062723c751e8b465ee728b)
Start importing Assets/Stone_textures/Ground1_Warm2.png using Guid(1cf002a9c6873e14ea4bf2fe70c0b0c9) Importer(815301076,1909f56bfc062723c751e8b465ee728b)  -> (artifact id: 'c7b3a0a9fb528f08f5665a3e4da4ed6a') in 0.136131 seconds 
  Import took 0.139274 seconds .

========================================================================
Received Import Request.
  Time since last request: 0.000338 seconds.
  path: Assets/Stone_textures/Ground1_Grey.png
  artifactKey: Guid(03abdfc9ddfc05541b25dbb852fc10e3) Importer(815301076,1909f56bfc062723c751e8b465ee728b)
Start importing Assets/Stone_textures/Ground1_Grey.png using Guid(03abdfc9ddfc05541b25dbb852fc10e3) Importer(815301076,1909f56bfc062723c751e8b465ee728b)  -> (artifact id: 'a0341ee5b7acf9a076a57a1c984c0805') in 0.148150 seconds 
  Import took 0.151284 seconds .

========================================================================
Received Import Request.
  Time since last request: 0.000347 seconds.
  path: Assets/Stone_textures/Ground1_warm_offset2.png
  artifactKey: Guid(18a6a3e6907b76c4489ed562b3e5bc9c) Importer(815301076,1909f56bfc062723c751e8b465ee728b)
Start importing Assets/Stone_textures/Ground1_warm_offset2.png using Guid(18a6a3e6907b76c4489ed562b3e5bc9c) Importer(815301076,1909f56bfc062723c751e8b465ee728b)  -> (artifact id: '893518636352c5bb0431fed469834901') in 0.128850 seconds 
  Import took 0.132247 seconds .

========================================================================
Received Import Request.
  Time since last request: 0.000427 seconds.
  path: Assets/Stone_textures/Ground1_Cool4_offset2.png
  artifactKey: Guid(fa4cf9fe0440d9a4f96bcb53a2587f52) Importer(815301076,1909f56bfc062723c751e8b465ee728b)
Start importing Assets/Stone_textures/Ground1_Cool4_offset2.png using Guid(fa4cf9fe0440d9a4f96bcb53a2587f52) Importer(815301076,1909f56bfc062723c751e8b465ee728b)  -> (artifact id: '1e8ffda2bc35856c38f57a720a82b3fd') in 0.116101 seconds 
  Import took 0.119279 seconds .

========================================================================
Received Import Request.
  Time since last request: 0.000341 seconds.
  path: Assets/Stone_textures/Ground1_Grey2.png
  artifactKey: Guid(655f60a189c68974581496e2ac0c40ba) Importer(815301076,1909f56bfc062723c751e8b465ee728b)
Start importing Assets/Stone_textures/Ground1_Grey2.png using Guid(655f60a189c68974581496e2ac0c40ba) Importer(815301076,1909f56bfc062723c751e8b465ee728b)  -> (artifact id: 'e05e2923c9b020ff7dce36f7fbfc1240') in 0.141015 seconds 
  Import took 0.143844 seconds .

========================================================================
Received Import Request.
  Time since last request: 0.000318 seconds.
  path: Assets/Stone_textures/Ground1_Warm1.png
  artifactKey: Guid(63884fa6a0daa604db827134ab7c9138) Importer(815301076,1909f56bfc062723c751e8b465ee728b)
Start importing Assets/Stone_textures/Ground1_Warm1.png using Guid(63884fa6a0daa604db827134ab7c9138) Importer(815301076,1909f56bfc062723c751e8b465ee728b)  -> (artifact id: 'bd68394b9022b3ba5a3640150d2c2883') in 0.098392 seconds 
  Import took 0.101431 seconds .

========================================================================
Received Import Request.
  Time since last request: 0.000381 seconds.
  path: Assets/Stone_textures/Ground2.png
  artifactKey: Guid(4025f66ed847d6246bb41784600879e1) Importer(815301076,1909f56bfc062723c751e8b465ee728b)
Start importing Assets/Stone_textures/Ground2.png using Guid(4025f66ed847d6246bb41784600879e1) Importer(815301076,1909f56bfc062723c751e8b465ee728b)  -> (artifact id: '3dda9d742aa1171a625e1332b3a0a3fa') in 0.102968 seconds 
  Import took 0.105752 seconds .

========================================================================
Received Import Request.
  Time since last request: 0.000293 seconds.
  path: Assets/Stone_textures/Ground1_Cool3_offset2.png
  artifactKey: Guid(fd4b160b5dd653f44b39b57f487b0acb) Importer(815301076,1909f56bfc062723c751e8b465ee728b)
Start importing Assets/Stone_textures/Ground1_Cool3_offset2.png using Guid(fd4b160b5dd653f44b39b57f487b0acb) Importer(815301076,1909f56bfc062723c751e8b465ee728b)  -> (artifact id: '53301f2de05b13daf8a5f35968659f32') in 0.124482 seconds 
  Import took 0.127324 seconds .

========================================================================
Received Import Request.
  Time since last request: 0.000309 seconds.
  path: Assets/Stone_textures/Ground2_2.png
  artifactKey: Guid(0b0d3c955a377aa41b8ae5eab61a09ef) Importer(815301076,1909f56bfc062723c751e8b465ee728b)
Start importing Assets/Stone_textures/Ground2_2.png using Guid(0b0d3c955a377aa41b8ae5eab61a09ef) Importer(815301076,1909f56bfc062723c751e8b465ee728b)  -> (artifact id: '67304ec0c791fdb0f3cb7f0c4a16078e') in 0.177582 seconds 
  Import took 0.180823 seconds .

========================================================================
Received Import Request.
  Time since last request: 0.000356 seconds.
  path: Assets/Stone_textures/Ground1_Cool2.png
  artifactKey: Guid(f18eee4ff9f0ca24290e2be196d8fa0e) Importer(815301076,1909f56bfc062723c751e8b465ee728b)
Start importing Assets/Stone_textures/Ground1_Cool2.png using Guid(f18eee4ff9f0ca24290e2be196d8fa0e) Importer(815301076,1909f56bfc062723c751e8b465ee728b)  -> (artifact id: '1b1ba5450f2480285e35a4ce7215deb1') in 0.097630 seconds 
  Import took 0.100530 seconds .

========================================================================
Received Import Request.
  Time since last request: 0.000337 seconds.
  path: Assets/Stone_textures/Ground2_1.png
  artifactKey: Guid(9a46222e3dfba344397f067326439bfa) Importer(815301076,1909f56bfc062723c751e8b465ee728b)
Start importing Assets/Stone_textures/Ground2_1.png using Guid(9a46222e3dfba344397f067326439bfa) Importer(815301076,1909f56bfc062723c751e8b465ee728b)  -> (artifact id: 'd01fef2f895a1856331aaeefb6524851') in 0.118604 seconds 
  Import took 0.121980 seconds .

========================================================================
Received Import Request.
  Time since last request: 1.270866 seconds.
  path: Assets/Stone_textures/Materials/Ground1_Cool1.mat
  artifactKey: Guid(509ec58239d4cda4d802ba5a9176c044) Importer(815301076,1909f56bfc062723c751e8b465ee728b)
Start importing Assets/Stone_textures/Materials/Ground1_Cool1.mat using Guid(509ec58239d4cda4d802ba5a9176c044) Importer(815301076,1909f56bfc062723c751e8b465ee728b)  -> (artifact id: '73d36146bf8ecc2477df53c2559ddfcf') in 0.067498 seconds 
  Import took 0.071203 seconds .

========================================================================
Received Import Request.
  Time since last request: 0.000294 seconds.
  path: Assets/Stone_textures/Materials/Ground2_4.mat
  artifactKey: Guid(2fd4a835533495349b6fcff62d8d5056) Importer(815301076,1909f56bfc062723c751e8b465ee728b)
Start importing Assets/Stone_textures/Materials/Ground2_4.mat using Guid(2fd4a835533495349b6fcff62d8d5056) Importer(815301076,1909f56bfc062723c751e8b465ee728b)  -> (artifact id: '18bf7e0db69036a4c08da34c210941b7') in 0.118399 seconds 
  Import took 0.122374 seconds .

========================================================================
Received Import Request.
  Time since last request: 0.000232 seconds.
  path: Assets/Stone_textures/Materials/Ground1_Cool3_offset.mat
  artifactKey: Guid(b745aac83498f4d43bd9c7b3ed1bb921) Importer(815301076,1909f56bfc062723c751e8b465ee728b)
Start importing Assets/Stone_textures/Materials/Ground1_Cool3_offset.mat using Guid(b745aac83498f4d43bd9c7b3ed1bb921) Importer(815301076,1909f56bfc062723c751e8b465ee728b)  -> (artifact id: 'd99b2dd300924bbad273af8b51cfc417') in 0.041650 seconds 
  Import took 0.045761 seconds .

========================================================================
Received Import Request.
  Time since last request: 0.000235 seconds.
  path: Assets/Stone_textures/Materials/Ground2_1.mat
  artifactKey: Guid(35338102845700d47adf4a2ef11a3bd5) Importer(815301076,1909f56bfc062723c751e8b465ee728b)
Start importing Assets/Stone_textures/Materials/Ground2_1.mat using Guid(35338102845700d47adf4a2ef11a3bd5) Importer(815301076,1909f56bfc062723c751e8b465ee728b)  -> (artifact id: '660ac684d29a155f19fcd5bff34e7c02') in 0.019385 seconds 
  Import took 0.023669 seconds .

========================================================================
Received Import Request.
  Time since last request: 0.000274 seconds.
  path: Assets/Stone_textures/Materials/Ground1_Cool3_offset2.mat
  artifactKey: Guid(df577f9239cefa2408cfc99b7a908c2c) Importer(815301076,1909f56bfc062723c751e8b465ee728b)
Start importing Assets/Stone_textures/Materials/Ground1_Cool3_offset2.mat using Guid(df577f9239cefa2408cfc99b7a908c2c) Importer(815301076,1909f56bfc062723c751e8b465ee728b)  -> (artifact id: '8954e6def1ee6ec56ddbbdb4bba3ddd3') in 0.019286 seconds 
  Import took 0.024043 seconds .

========================================================================
Received Import Request.
  Time since last request: 0.000271 seconds.
  path: Assets/Stone_textures/Materials/Ground2_3.mat
  artifactKey: Guid(ac940c4de052af84ea3aa0993417b56c) Importer(815301076,1909f56bfc062723c751e8b465ee728b)
Start importing Assets/Stone_textures/Materials/Ground2_3.mat using Guid(ac940c4de052af84ea3aa0993417b56c) Importer(815301076,1909f56bfc062723c751e8b465ee728b)  -> (artifact id: '04cc301111e9d938f994731198a9a68f') in 0.120829 seconds 
  Import took 0.124751 seconds .

========================================================================
Received Import Request.
  Time since last request: 0.000236 seconds.
  path: Assets/Stone_textures/Materials/Ground1_Grey.mat
  artifactKey: Guid(3b11e7f83e294ba4cb2a28681b29ceeb) Importer(815301076,1909f56bfc062723c751e8b465ee728b)
Start importing Assets/Stone_textures/Materials/Ground1_Grey.mat using Guid(3b11e7f83e294ba4cb2a28681b29ceeb) Importer(815301076,1909f56bfc062723c751e8b465ee728b)  -> (artifact id: '6475b5d77bdacc4d0e80a6134183d0b7') in 0.021963 seconds 
  Import took 0.025707 seconds .

========================================================================
Received Import Request.
  Time since last request: 0.000307 seconds.
  path: Assets/Stone_textures/Materials/Ground1_Warm2_offset.mat
  artifactKey: Guid(66ef58472ab36c749817c156d61d1560) Importer(815301076,1909f56bfc062723c751e8b465ee728b)
Start importing Assets/Stone_textures/Materials/Ground1_Warm2_offset.mat using Guid(66ef58472ab36c749817c156d61d1560) Importer(815301076,1909f56bfc062723c751e8b465ee728b)  -> (artifact id: '424d86e992c0562cce3d561fe0ee82f5') in 0.019849 seconds 
  Import took 0.024093 seconds .

========================================================================
Received Import Request.
  Time since last request: 0.000241 seconds.
  path: Assets/Stone_textures/Materials/Ground1_warm_offset2.mat
  artifactKey: Guid(f777c958f863e1a42a53673f72a787da) Importer(815301076,1909f56bfc062723c751e8b465ee728b)
Start importing Assets/Stone_textures/Materials/Ground1_warm_offset2.mat using Guid(f777c958f863e1a42a53673f72a787da) Importer(815301076,1909f56bfc062723c751e8b465ee728b)  -> (artifact id: '9352274a07c2e9220b9ae08cba7fb28f') in 0.018975 seconds 
  Import took 0.023762 seconds .

========================================================================
Received Import Request.
  Time since last request: 0.000251 seconds.
  path: Assets/Stone_textures/Materials/Ground1_warm2_offset2.mat
  artifactKey: Guid(fe7243d0f4b2f9d4ab0574386464d46a) Importer(815301076,1909f56bfc062723c751e8b465ee728b)
Start importing Assets/Stone_textures/Materials/Ground1_warm2_offset2.mat using Guid(fe7243d0f4b2f9d4ab0574386464d46a) Importer(815301076,1909f56bfc062723c751e8b465ee728b)  -> (artifact id: '67420c17083686dbbeab0a12047d88ec') in 0.022877 seconds 
  Import took 0.027239 seconds .

========================================================================
Received Import Request.
  Time since last request: 0.000783 seconds.
  path: Assets/Stone_textures/Materials/Ground1_Cool2.mat
  artifactKey: Guid(965094a71a2adb74f952c29005e2bae9) Importer(815301076,1909f56bfc062723c751e8b465ee728b)
Start importing Assets/Stone_textures/Materials/Ground1_Cool2.mat using Guid(965094a71a2adb74f952c29005e2bae9) Importer(815301076,1909f56bfc062723c751e8b465ee728b)  -> (artifact id: '0c8d8253fc015965dfead906869c3905') in 0.021791 seconds 
  Import took 0.026960 seconds .

========================================================================
Received Import Request.
  Time since last request: 0.000247 seconds.
  path: Assets/Stone_textures/Materials/Ground1_Warm1_offset.mat
  artifactKey: Guid(3253a6b3958f25346a0559d537ec4e9d) Importer(815301076,1909f56bfc062723c751e8b465ee728b)
Start importing Assets/Stone_textures/Materials/Ground1_Warm1_offset.mat using Guid(3253a6b3958f25346a0559d537ec4e9d) Importer(815301076,1909f56bfc062723c751e8b465ee728b)  -> (artifact id: 'ce0d6a258b3c95b63273db4a3bf8c368') in 0.023849 seconds 
  Import took 0.027672 seconds .

========================================================================
Received Import Request.
  Time since last request: 0.000218 seconds.
  path: Assets/Stone_textures/Materials/Ground2_2.mat
  artifactKey: Guid(e5666d5d78fc31949a1128ff4052b362) Importer(815301076,1909f56bfc062723c751e8b465ee728b)
Start importing Assets/Stone_textures/Materials/Ground2_2.mat using Guid(e5666d5d78fc31949a1128ff4052b362) Importer(815301076,1909f56bfc062723c751e8b465ee728b)  -> (artifact id: '48782439c7660c7ad44935658ea4622a') in 0.022562 seconds 
  Import took 0.026211 seconds .

========================================================================
Received Import Request.
  Time since last request: 0.000307 seconds.
  path: Assets/Stone_textures/Materials/Ground1_Grey2.mat
  artifactKey: Guid(b370c74cb08688f4086acada5ade9188) Importer(815301076,1909f56bfc062723c751e8b465ee728b)
Start importing Assets/Stone_textures/Materials/Ground1_Grey2.mat using Guid(b370c74cb08688f4086acada5ade9188) Importer(815301076,1909f56bfc062723c751e8b465ee728b)  -> (artifact id: '49195dbfb0540faf0d3e4e476d6e4296') in 0.022528 seconds 
  Import took 0.027945 seconds .

========================================================================
Received Import Request.
  Time since last request: 0.000235 seconds.
  path: Assets/Stone_textures/Materials/Ground2.mat
  artifactKey: Guid(fa75296a8fdd7f0488b0538199f51919) Importer(815301076,1909f56bfc062723c751e8b465ee728b)
Start importing Assets/Stone_textures/Materials/Ground2.mat using Guid(fa75296a8fdd7f0488b0538199f51919) Importer(815301076,1909f56bfc062723c751e8b465ee728b)  -> (artifact id: 'f7e867acad306629c36d21c5fbdb3106') in 0.023268 seconds 
  Import took 0.027430 seconds .

========================================================================
Received Import Request.
  Time since last request: 0.000249 seconds.
  path: Assets/Stone_textures/Materials/Ground1_Warm2.mat
  artifactKey: Guid(e2a72e45cc382c44088baab75ae18017) Importer(815301076,1909f56bfc062723c751e8b465ee728b)
Start importing Assets/Stone_textures/Materials/Ground1_Warm2.mat using Guid(e2a72e45cc382c44088baab75ae18017) Importer(815301076,1909f56bfc062723c751e8b465ee728b)  -> (artifact id: '2ecb4b4e65e5cf041d853e59c49f310a') in 0.021620 seconds 
  Import took 0.025376 seconds .

========================================================================
Received Import Request.
  Time since last request: 0.000258 seconds.
  path: Assets/Stone_textures/Materials/Ground1_Cool4_offset.mat
  artifactKey: Guid(2d66dcdda9da74a4fa95ef4d23a20825) Importer(815301076,1909f56bfc062723c751e8b465ee728b)
Start importing Assets/Stone_textures/Materials/Ground1_Cool4_offset.mat using Guid(2d66dcdda9da74a4fa95ef4d23a20825) Importer(815301076,1909f56bfc062723c751e8b465ee728b)  -> (artifact id: 'b06e29dea438180310a7b84ab0934f91') in 0.021307 seconds 
  Import took 0.025664 seconds .

========================================================================
Received Import Request.
  Time since last request: 0.000271 seconds.
  path: Assets/Stone_textures/Materials/Ground1_Cool4_offset2.mat
  artifactKey: Guid(113f86cff1ef58544959a5591ad082f9) Importer(815301076,1909f56bfc062723c751e8b465ee728b)
Start importing Assets/Stone_textures/Materials/Ground1_Cool4_offset2.mat using Guid(113f86cff1ef58544959a5591ad082f9) Importer(815301076,1909f56bfc062723c751e8b465ee728b)  -> (artifact id: 'b469fb24267aa043a5dd1ec1eb86f1e6') in 0.022736 seconds 
  Import took 0.028687 seconds .

========================================================================
Received Import Request.
  Time since last request: 0.000257 seconds.
  path: Assets/Stone_textures/Materials/Ground1_Warm1.mat
  artifactKey: Guid(02254f7929abdbc458d7ccbcb5d1314a) Importer(815301076,1909f56bfc062723c751e8b465ee728b)
Start importing Assets/Stone_textures/Materials/Ground1_Warm1.mat using Guid(02254f7929abdbc458d7ccbcb5d1314a) Importer(815301076,1909f56bfc062723c751e8b465ee728b)  -> (artifact id: '0f445cbd743cfcb35dc51a281b12c53b') in 0.019145 seconds 
  Import took 0.023259 seconds .

========================================================================
Received Import Request.
  Time since last request: 367.147005 seconds.
  path: Assets/Horror Hospital Pack/Prefabs
  artifactKey: Guid(439aaa1fdb4f2834fb8297ff893e617c) Importer(815301076,1909f56bfc062723c751e8b465ee728b)
Start importing Assets/Horror Hospital Pack/Prefabs using Guid(439aaa1fdb4f2834fb8297ff893e617c) Importer(815301076,1909f56bfc062723c751e8b465ee728b)  -> (artifact id: '06954bda1c620f93a96e00d5a82760aa') in 0.009657 seconds 
  Import took 0.014998 seconds .

========================================================================
Received Import Request.
  Time since last request: 1.058779 seconds.
  path: Assets/Horror Hospital Pack/Prefabs/Bad.prefab
  artifactKey: Guid(5713ed639ef83f945b71f3b92342d629) Importer(815301076,1909f56bfc062723c751e8b465ee728b)
Start importing Assets/Horror Hospital Pack/Prefabs/Bad.prefab using Guid(5713ed639ef83f945b71f3b92342d629) Importer(815301076,1909f56bfc062723c751e8b465ee728b)  -> (artifact id: 'a32c0d07db0afe7e1a98d8ecc0b0bd9d') in 0.266952 seconds 
  Import took 0.270283 seconds .

========================================================================
Received Import Request.
  Time since last request: 0.000327 seconds.
  path: Assets/Horror Hospital Pack/Prefabs/Wall2.prefab
  artifactKey: Guid(189dff70245addd45bf37c2e992c9912) Importer(815301076,1909f56bfc062723c751e8b465ee728b)
Start importing Assets/Horror Hospital Pack/Prefabs/Wall2.prefab using Guid(189dff70245addd45bf37c2e992c9912) Importer(815301076,1909f56bfc062723c751e8b465ee728b)  -> (artifact id: '5941c973251232472d8af3daa7f60cfd') in 0.023472 seconds 
  Import took 0.027075 seconds .

========================================================================
Received Import Request.
  Time since last request: 0.000356 seconds.
  path: Assets/Horror Hospital Pack/Prefabs/Trolley.prefab
  artifactKey: Guid(b01fa194940f0624ca7e3df13bed1969) Importer(815301076,1909f56bfc062723c751e8b465ee728b)
Start importing Assets/Horror Hospital Pack/Prefabs/Trolley.prefab using Guid(b01fa194940f0624ca7e3df13bed1969) Importer(815301076,1909f56bfc062723c751e8b465ee728b)  -> (artifact id: '530c24d0c3320d00a218aed9b52c349d') in 0.320497 seconds 
  Import took 0.323863 seconds .

========================================================================
Received Import Request.
  Time since last request: 0.000342 seconds.
  path: Assets/Horror Hospital Pack/Prefabs/Stretcher.prefab
  artifactKey: Guid(381bdf9c7f27cce46b2699033a9b735a) Importer(815301076,1909f56bfc062723c751e8b465ee728b)
Start importing Assets/Horror Hospital Pack/Prefabs/Stretcher.prefab using Guid(381bdf9c7f27cce46b2699033a9b735a) Importer(815301076,1909f56bfc062723c751e8b465ee728b)  -> (artifact id: '14cfc8679dc2bb4712a6afec845b486b') in 0.022605 seconds 
  Import took 0.026710 seconds .

========================================================================
Received Import Request.
  Time since last request: 0.000661 seconds.
  path: Assets/Horror Hospital Pack/Prefabs/Lamp.prefab
  artifactKey: Guid(2fa97d29375bda64080d41087c0c107c) Importer(815301076,1909f56bfc062723c751e8b465ee728b)
Start importing Assets/Horror Hospital Pack/Prefabs/Lamp.prefab using Guid(2fa97d29375bda64080d41087c0c107c) Importer(815301076,1909f56bfc062723c751e8b465ee728b)  -> (artifact id: '792a8a9a8ff87ac02ae8758563f75c23') in 0.141037 seconds 
  Import took 0.145543 seconds .

========================================================================
Received Import Request.
  Time since last request: 0.000353 seconds.
  path: Assets/Horror Hospital Pack/Prefabs/DoorWay.prefab
  artifactKey: Guid(42823df6e1b204a468f32120ecbe51f6) Importer(815301076,1909f56bfc062723c751e8b465ee728b)
Start importing Assets/Horror Hospital Pack/Prefabs/DoorWay.prefab using Guid(42823df6e1b204a468f32120ecbe51f6) Importer(815301076,1909f56bfc062723c751e8b465ee728b)  -> (artifact id: '3b2cf3f0e5553f3455234f0e4936e128') in 0.018917 seconds 
  Import took 0.023587 seconds .

========================================================================
Received Import Request.
  Time since last request: 0.000342 seconds.
  path: Assets/Horror Hospital Pack/Prefabs/Door.prefab
  artifactKey: Guid(9c25864566bc2a7489bef25ecb47dd6c) Importer(815301076,1909f56bfc062723c751e8b465ee728b)
Start importing Assets/Horror Hospital Pack/Prefabs/Door.prefab using Guid(9c25864566bc2a7489bef25ecb47dd6c) Importer(815301076,1909f56bfc062723c751e8b465ee728b)  -> (artifact id: '33439aba0afea0af7acad9a0e88e6a8a') in 0.021615 seconds 
  Import took 0.025929 seconds .

========================================================================
Received Import Request.
  Time since last request: 0.000427 seconds.
  path: Assets/Horror Hospital Pack/Prefabs/OldCup.prefab
  artifactKey: Guid(7e00b420d123b944b9365009b3dfd075) Importer(815301076,1909f56bfc062723c751e8b465ee728b)
Start importing Assets/Horror Hospital Pack/Prefabs/OldCup.prefab using Guid(7e00b420d123b944b9365009b3dfd075) Importer(815301076,1909f56bfc062723c751e8b465ee728b)  -> (artifact id: '98a63bece45c36472554dc3d43389417') in 0.021135 seconds 
  Import took 0.025769 seconds .

========================================================================
Received Import Request.
  Time since last request: 0.000447 seconds.
  path: Assets/Horror Hospital Pack/Prefabs/ElectoPanel.prefab
  artifactKey: Guid(516fd0d5b53125c48abf9d5a06873180) Importer(815301076,1909f56bfc062723c751e8b465ee728b)
Start importing Assets/Horror Hospital Pack/Prefabs/ElectoPanel.prefab using Guid(516fd0d5b53125c48abf9d5a06873180) Importer(815301076,1909f56bfc062723c751e8b465ee728b)  -> (artifact id: '48f30635a78c9ee14f9a4d5ee659a869') in 0.022829 seconds 
  Import took 0.026949 seconds .

========================================================================
Received Import Request.
  Time since last request: 0.000315 seconds.
  path: Assets/Horror Hospital Pack/Prefabs/Cabels.prefab
  artifactKey: Guid(6e2ce341e5d886d478c0c5b7aba00cee) Importer(815301076,1909f56bfc062723c751e8b465ee728b)
Start importing Assets/Horror Hospital Pack/Prefabs/Cabels.prefab using Guid(6e2ce341e5d886d478c0c5b7aba00cee) Importer(815301076,1909f56bfc062723c751e8b465ee728b)  -> (artifact id: 'c7a248e7d4ae18a39d9cc1af9974f4c2') in 0.018421 seconds 
  Import took 0.023354 seconds .

========================================================================
Received Import Request.
  Time since last request: 0.000295 seconds.
  path: Assets/Horror Hospital Pack/Prefabs/Wall.prefab
  artifactKey: Guid(acb5b460622c8ee4b825a3e68c33c1b6) Importer(815301076,1909f56bfc062723c751e8b465ee728b)
Start importing Assets/Horror Hospital Pack/Prefabs/Wall.prefab using Guid(acb5b460622c8ee4b825a3e68c33c1b6) Importer(815301076,1909f56bfc062723c751e8b465ee728b)  -> (artifact id: 'bad092f23a5ae44501869498e49ac617') in 0.021548 seconds 
  Import took 0.026003 seconds .

========================================================================
Received Import Request.
  Time since last request: 0.000506 seconds.
  path: Assets/Horror Hospital Pack/Prefabs/WallDoorWay.prefab
  artifactKey: Guid(3bab19842fc2b8e44837b5c42192679d) Importer(815301076,1909f56bfc062723c751e8b465ee728b)
Start importing Assets/Horror Hospital Pack/Prefabs/WallDoorWay.prefab using Guid(3bab19842fc2b8e44837b5c42192679d) Importer(815301076,1909f56bfc062723c751e8b465ee728b)  -> (artifact id: '833e310cb3dc74067b6cbbe5f00e5271') in 0.022295 seconds 
  Import took 0.028769 seconds .

========================================================================
Received Import Request.
  Time since last request: 8.631185 seconds.
  path: Assets/2D Space Backgrounds/1.png
  artifactKey: Guid(932c3ba0f599dd444b3d2e2cdf24572b) Importer(815301076,1909f56bfc062723c751e8b465ee728b)
Start importing Assets/2D Space Backgrounds/1.png using Guid(932c3ba0f599dd444b3d2e2cdf24572b) Importer(815301076,1909f56bfc062723c751e8b465ee728b)  -> (artifact id: '9a4c515f56cac1039ad50df83e065af7') in 0.258636 seconds 
  Import took 0.266746 seconds .

========================================================================
Received Import Request.
  Time since last request: 0.000364 seconds.
  path: Assets/2D Space Backgrounds/5.png
  artifactKey: Guid(35accc1361dc11346a2c1821971679fd) Importer(815301076,1909f56bfc062723c751e8b465ee728b)
Start importing Assets/2D Space Backgrounds/5.png using Guid(35accc1361dc11346a2c1821971679fd) Importer(815301076,1909f56bfc062723c751e8b465ee728b)  -> (artifact id: '9c58ea00d0ff9e4c6bb036d853168916') in 0.121674 seconds 
  Import took 0.130294 seconds .

========================================================================
Received Import Request.
  Time since last request: 0.000377 seconds.
  path: Assets/2D Space Backgrounds/7.png
  artifactKey: Guid(78f671808dff59448a1c2e079333c9ff) Importer(815301076,1909f56bfc062723c751e8b465ee728b)
Start importing Assets/2D Space Backgrounds/7.png using Guid(78f671808dff59448a1c2e079333c9ff) Importer(815301076,1909f56bfc062723c751e8b465ee728b)  -> (artifact id: '348284474236b821012a1542d6f20c5c') in 0.124684 seconds 
  Import took 0.133338 seconds .

========================================================================
Received Import Request.
  Time since last request: 0.000299 seconds.
  path: Assets/2D Space Backgrounds/9.png
  artifactKey: Guid(b209f9c2b8447324ea291c48005027e5) Importer(815301076,1909f56bfc062723c751e8b465ee728b)
Start importing Assets/2D Space Backgrounds/9.png using Guid(b209f9c2b8447324ea291c48005027e5) Importer(815301076,1909f56bfc062723c751e8b465ee728b)  -> (artifact id: '830393c2d82b720a26c04f9e86fedcd1') in 0.114990 seconds 
  Import took 0.122760 seconds .

========================================================================
Received Import Request.
  Time since last request: 0.000301 seconds.
  path: Assets/2D Space Backgrounds/8.png
  artifactKey: Guid(5d6218db240d63346a1c9bbc9348a2f1) Importer(815301076,1909f56bfc062723c751e8b465ee728b)
Start importing Assets/2D Space Backgrounds/8.png using Guid(5d6218db240d63346a1c9bbc9348a2f1) Importer(815301076,1909f56bfc062723c751e8b465ee728b)  -> (artifact id: '89cb50c29cc4c3812d333833d4eefa55') in 0.129566 seconds 
  Import took 0.137442 seconds .

========================================================================
Received Import Request.
  Time since last request: 0.000324 seconds.
  path: Assets/2D Space Backgrounds/2.png
  artifactKey: Guid(0c9320aef79a5434984b552357eeddd9) Importer(815301076,1909f56bfc062723c751e8b465ee728b)
Start importing Assets/2D Space Backgrounds/2.png using Guid(0c9320aef79a5434984b552357eeddd9) Importer(815301076,1909f56bfc062723c751e8b465ee728b)  -> (artifact id: '2bf8bb53f879b33b1a2040316aec814e') in 0.121987 seconds 
  Import took 0.130610 seconds .

========================================================================
Received Import Request.
  Time since last request: 0.000315 seconds.
  path: Assets/2D Space Backgrounds/3.png
  artifactKey: Guid(2f159bed8b1803f4c99f09812de14e56) Importer(815301076,1909f56bfc062723c751e8b465ee728b)
Start importing Assets/2D Space Backgrounds/3.png using Guid(2f159bed8b1803f4c99f09812de14e56) Importer(815301076,1909f56bfc062723c751e8b465ee728b)  -> (artifact id: '119fb2dcf79cbc2889ab6c7336b2fef0') in 0.126047 seconds 
  Import took 0.134899 seconds .

========================================================================
Received Import Request.
  Time since last request: 0.000282 seconds.
  path: Assets/2D Space Backgrounds/4.png
  artifactKey: Guid(8f8d3fa6d68dc874fbd5083a9102d3c6) Importer(815301076,1909f56bfc062723c751e8b465ee728b)
Start importing Assets/2D Space Backgrounds/4.png using Guid(8f8d3fa6d68dc874fbd5083a9102d3c6) Importer(815301076,1909f56bfc062723c751e8b465ee728b)  -> (artifact id: '594243b84c20cf3fd83ce3e227e53208') in 0.132128 seconds 
  Import took 0.140606 seconds .

========================================================================
Received Import Request.
  Time since last request: 0.000317 seconds.
  path: Assets/2D Space Backgrounds/10.png
  artifactKey: Guid(0693931fc8077e1459f8fa05740d682c) Importer(815301076,1909f56bfc062723c751e8b465ee728b)
Start importing Assets/2D Space Backgrounds/10.png using Guid(0693931fc8077e1459f8fa05740d682c) Importer(815301076,1909f56bfc062723c751e8b465ee728b)  -> (artifact id: 'f3340c44b64177eba256171891ba18ae') in 0.096729 seconds 
  Import took 0.104900 seconds .

========================================================================
Received Import Request.
  Time since last request: 0.000392 seconds.
  path: Assets/2D Space Backgrounds/6.png
  artifactKey: Guid(bf850abec01b5f048acf01e2aa0e2698) Importer(815301076,1909f56bfc062723c751e8b465ee728b)
Start importing Assets/2D Space Backgrounds/6.png using Guid(bf850abec01b5f048acf01e2aa0e2698) Importer(815301076,1909f56bfc062723c751e8b465ee728b)  -> (artifact id: '7e2ed45d6c3e860f19b19a3873b85cf5') in 0.098737 seconds 
  Import took 0.105579 seconds .

AssetImportWorkerClient::OnTransportError - code=2 error=End of file
