Using pre-set license
Built from '2020.3/staging' branch; Version is '2020.3.25f1 (9b9180224418) revision 10195328'; Using compiler version '192528614'; Build Type 'Release'
OS: 'Windows 10  (10.0.19044) 64bit Core' Language: 'zh' Physical Memory: 24461 MB
BatchMode: 1, IsHumanControllingUs: 0, StartBugReporterOnCrash: 0, Is64bit: 1, IsPro: 0

COMMAND LINE ARGUMENTS:
D:\UNITY\Hub\Editor\2020.3.25f1\Editor\Unity.exe
-adb2
-batchMode
-noUpm
-name
AssetImportWorker1
-projectPath
D:/UNITY/GitHub/OtherSide/OtherSide
-logFile
Logs/AssetImportWorker1.log
-srvPort
55795
Successfully changed project path to: D:/UNITY/GitHub/OtherSide/OtherSide
D:/UNITY/GitHub/OtherSide/OtherSide
Using Asset Import Pipeline V2.
Refreshing native plugins compatible for Editor in 62.44 ms, found 2 plugins.
Preloading 0 native plugins for Editor in 0.00 ms.
Initialize engine version: 2020.3.25f1 (9b9180224418)
[Subsystems] Discovering subsystems at path D:/UNITY/Hub/Editor/2020.3.25f1/Editor/Data/Resources/UnitySubsystems
[Subsystems] Discovering subsystems at path D:/UNITY/GitHub/OtherSide/OtherSide/Assets
GfxDevice: creating device client; threaded=0
Direct3D:
    Version:  Direct3D 11.0 [level 11.1]
    Renderer: NVIDIA GeForce GTX 1070 (ID=0x1ba1)
    Vendor:   
    VRAM:     8082 MB
    Driver:   30.0.15.1123
Initialize mono
Mono path[0] = 'D:/UNITY/Hub/Editor/2020.3.25f1/Editor/Data/Managed'
Mono path[1] = 'D:/UNITY/Hub/Editor/2020.3.25f1/Editor/Data/MonoBleedingEdge/lib/mono/unityjit'
Mono config path = 'D:/UNITY/Hub/Editor/2020.3.25f1/Editor/Data/MonoBleedingEdge/etc'
Using monoOptions --debugger-agent=transport=dt_socket,embedding=1,server=y,suspend=n,address=127.0.0.1:56456
Begin MonoManager ReloadAssembly
Registering precompiled unity dll's ...
Register platform support module: D:/UNITY/Hub/Editor/2020.3.25f1/Editor/Data/PlaybackEngines/WebGLSupport/UnityEditor.WebGL.Extensions.dll
Register platform support module: D:/UNITY/Hub/Editor/2020.3.25f1/Editor/Data/PlaybackEngines/WindowsStandaloneSupport/UnityEditor.WindowsStandalone.Extensions.dll
Registered in 0.001903 seconds.
Native extension for WindowsStandalone target not found
Native extension for WebGL target not found
Refreshing native plugins compatible for Editor in 58.61 ms, found 2 plugins.
Preloading 0 native plugins for Editor in 0.00 ms.
Mono: successfully reloaded assembly
- Completed reload, in  0.928 seconds
Domain Reload Profiling:
	ReloadAssembly (928ms)
		BeginReloadAssembly (65ms)
			ExecutionOrderSort (0ms)
			DisableScriptedObjects (0ms)
			BackupInstance (0ms)
			ReleaseScriptingObjects (0ms)
			CreateAndSetChildDomain (1ms)
		EndReloadAssembly (771ms)
			LoadAssemblies (65ms)
			RebuildTransferFunctionScriptingTraits (0ms)
			SetupTypeCache (291ms)
			ReleaseScriptCaches (0ms)
			RebuildScriptCaches (52ms)
			SetupLoadedEditorAssemblies (269ms)
				LogAssemblyErrors (0ms)
				InitializePlatformSupportModulesInManaged (7ms)
				SetLoadedEditorAssemblies (0ms)
				RefreshPlugins (59ms)
				BeforeProcessingInitializeOnLoad (16ms)
				ProcessInitializeOnLoadAttributes (140ms)
				ProcessInitializeOnLoadMethodAttributes (46ms)
				AfterProcessingInitializeOnLoad (0ms)
				EditorAssembliesLoaded (0ms)
			ExecutionOrderSort2 (0ms)
			AwakeInstancesAfterBackupRestoration (0ms)
Platform modules already initialized, skipping
Registering precompiled user dll's ...
Registered in 0.004852 seconds.
Begin MonoManager ReloadAssembly
Native extension for WindowsStandalone target not found
Native extension for WebGL target not found
Refreshing native plugins compatible for Editor in 0.43 ms, found 2 plugins.
Preloading 0 native plugins for Editor in 0.00 ms.
Mono: successfully reloaded assembly
- Completed reload, in  2.977 seconds
Domain Reload Profiling:
	ReloadAssembly (2978ms)
		BeginReloadAssembly (235ms)
			ExecutionOrderSort (0ms)
			DisableScriptedObjects (7ms)
			BackupInstance (0ms)
			ReleaseScriptingObjects (0ms)
			CreateAndSetChildDomain (30ms)
		EndReloadAssembly (2643ms)
			LoadAssemblies (1617ms)
			RebuildTransferFunctionScriptingTraits (0ms)
			SetupTypeCache (457ms)
			ReleaseScriptCaches (0ms)
			RebuildScriptCaches (54ms)
			SetupLoadedEditorAssemblies (414ms)
				LogAssemblyErrors (0ms)
				InitializePlatformSupportModulesInManaged (6ms)
				SetLoadedEditorAssemblies (1ms)
				RefreshPlugins (0ms)
				BeforeProcessingInitializeOnLoad (62ms)
				ProcessInitializeOnLoadAttributes (278ms)
				ProcessInitializeOnLoadMethodAttributes (64ms)
				AfterProcessingInitializeOnLoad (3ms)
				EditorAssembliesLoaded (0ms)
			ExecutionOrderSort2 (0ms)
			AwakeInstancesAfterBackupRestoration (8ms)
Platform modules already initialized, skipping
========================================================================
Worker process is ready to serve import requests
Launched and connected shader compiler UnityShaderCompiler.exe after 0.29 seconds
Refreshing native plugins compatible for Editor in 0.79 ms, found 2 plugins.
Preloading 0 native plugins for Editor in 0.00 ms.
Unloading 1673 Unused Serialized files (Serialized files now loaded: 0)
System memory in use before: 97.2 MB.
System memory in use after: 97.0 MB.

Unloading 21 unused Assets to reduce memory usage. Loaded Objects now: 2124.
Total: 4.881600 ms (FindLiveObjects: 0.243500 ms CreateObjectMapping: 0.256900 ms MarkObjects: 3.929800 ms  DeleteObjects: 0.449000 ms)

AssetImportParameters requested are different than current active one (requested -> active):
  custom:framework-win-MediaFoundation: 216162199b28c13a410421893ffa2e32 -> 
  custom:video-decoder-ogg-theora: a1e56fd34408186e4bbccfd4996cb3dc -> 
  custom:container-muxer-webm: aa71ff27fc2769a1b78a27578f13a17b -> 
  custom:container-demuxer-webm: 4f35f7cbe854078d1ac9338744f61a02 -> 
  custom:container-demuxer-ogg: 62fdf1f143b41e24485cea50d1cbac27 -> 
  custom:video-encoder-webm-vp8: eb34c28f22e8b96e1ab97ce403110664 -> 
  custom:video-decoder-webm-vp8: 9c59270c3fd7afecdb556c50c9e8de78 -> 
  custom:audio-decoder-ogg-vorbis: bf7c407c2cedff20999df2af8eb42d56 -> 
  custom:audio-encoder-webm-vorbis: bf7c407c2cedff20999df2af8eb42d56 -> 
========================================================================
Received Import Request.
  path: Assets/Blood decal pack/blood/Materials/blood6.mat
  artifactKey: Guid(f1c8640aac8abf745b35b3f9981bbbe1) Importer(815301076,1909f56bfc062723c751e8b465ee728b)
Start importing Assets/Blood decal pack/blood/Materials/blood6.mat using Guid(f1c8640aac8abf745b35b3f9981bbbe1) Importer(815301076,1909f56bfc062723c751e8b465ee728b)  -> (artifact id: 'ce9ca21b35705d6cd81b0d64b4e7f637') in 0.885614 seconds 
  Import took 0.914765 seconds .

========================================================================
Received Import Request.
  Time since last request: 0.000283 seconds.
  path: Assets/Blood decal pack/blood/Materials/blood1.mat
  artifactKey: Guid(c7b8c10c9034dc74c847efc0e726e4cf) Importer(815301076,1909f56bfc062723c751e8b465ee728b)
Start importing Assets/Blood decal pack/blood/Materials/blood1.mat using Guid(c7b8c10c9034dc74c847efc0e726e4cf) Importer(815301076,1909f56bfc062723c751e8b465ee728b)  -> (artifact id: '5611a58fd64cbda510df400845eaf70c') in 0.123852 seconds 
  Import took 0.150501 seconds .

========================================================================
Received Import Request.
  Time since last request: 0.000225 seconds.
  path: Assets/Blood decal pack/blood/Materials/blood7.mat
  artifactKey: Guid(cd1bbe8da83efce4a8a8a7e40fe0c8da) Importer(815301076,1909f56bfc062723c751e8b465ee728b)
Start importing Assets/Blood decal pack/blood/Materials/blood7.mat using Guid(cd1bbe8da83efce4a8a8a7e40fe0c8da) Importer(815301076,1909f56bfc062723c751e8b465ee728b)  -> (artifact id: '477afa4e689d5dafd27ac158c1899769') in 0.071159 seconds 
  Import took 0.077556 seconds .

========================================================================
Received Import Request.
  Time since last request: 0.000372 seconds.
  path: Assets/Blood decal pack/blood/Materials/blood.mat
  artifactKey: Guid(70062ce0abc87524aac73486097c6d74) Importer(815301076,1909f56bfc062723c751e8b465ee728b)
Start importing Assets/Blood decal pack/blood/Materials/blood.mat using Guid(70062ce0abc87524aac73486097c6d74) Importer(815301076,1909f56bfc062723c751e8b465ee728b)  -> (artifact id: '209484d81baeca5f81f2cd54671f84a1') in 0.022872 seconds 
  Import took 0.046541 seconds .

========================================================================
Received Import Request.
  Time since last request: 0.000337 seconds.
  path: Assets/Blood decal pack/blood/Materials/blood5.mat
  artifactKey: Guid(5a4f9a5bed438cf4fb17835af3933468) Importer(815301076,1909f56bfc062723c751e8b465ee728b)
Start importing Assets/Blood decal pack/blood/Materials/blood5.mat using Guid(5a4f9a5bed438cf4fb17835af3933468) Importer(815301076,1909f56bfc062723c751e8b465ee728b)  -> (artifact id: '99783a09abfcba0a1fe201901fa1c355') in 0.062868 seconds 
  Import took 0.086999 seconds .

========================================================================
Received Import Request.
  Time since last request: 0.000255 seconds.
  path: Assets/Blood decal pack/blood/Materials/blood4.mat
  artifactKey: Guid(2fbd43daba913ec4d9683d53fee38fa4) Importer(815301076,1909f56bfc062723c751e8b465ee728b)
Start importing Assets/Blood decal pack/blood/Materials/blood4.mat using Guid(2fbd43daba913ec4d9683d53fee38fa4) Importer(815301076,1909f56bfc062723c751e8b465ee728b)  -> (artifact id: '11b67465c71b0d2bdcc4bb9d6ee5db51') in 0.059583 seconds 
  Import took 0.084727 seconds .

========================================================================
Received Import Request.
  Time since last request: 0.000265 seconds.
  path: Assets/Blood decal pack/blood/Materials/blood3.mat
  artifactKey: Guid(292e2c0caaabe0543b654be5f70d5eb1) Importer(815301076,1909f56bfc062723c751e8b465ee728b)
Start importing Assets/Blood decal pack/blood/Materials/blood3.mat using Guid(292e2c0caaabe0543b654be5f70d5eb1) Importer(815301076,1909f56bfc062723c751e8b465ee728b)  -> (artifact id: '95f25c2bde7b193a7ebace0a01d70e00') in 0.019977 seconds 
  Import took 0.041765 seconds .

========================================================================
Received Import Request.
  Time since last request: 0.000258 seconds.
  path: Assets/Blood decal pack/blood/Materials/blood2.mat
  artifactKey: Guid(a7b4df171e5fdd6408b5823b6106352a) Importer(815301076,1909f56bfc062723c751e8b465ee728b)
Start importing Assets/Blood decal pack/blood/Materials/blood2.mat using Guid(a7b4df171e5fdd6408b5823b6106352a) Importer(815301076,1909f56bfc062723c751e8b465ee728b)  -> (artifact id: '5eb32da6455a12742cc5977cdaa5b365') in 0.102732 seconds 
  Import took 0.137187 seconds .

========================================================================
Received Import Request.
  Time since last request: 265.369373 seconds.
  path: Assets/PBR Texture Pack Vol 1/Textures
  artifactKey: Guid(918274aec713de54584288583e61ef57) Importer(815301076,1909f56bfc062723c751e8b465ee728b)
Start importing Assets/PBR Texture Pack Vol 1/Textures using Guid(918274aec713de54584288583e61ef57) Importer(815301076,1909f56bfc062723c751e8b465ee728b)  -> (artifact id: 'c4ba1b19b4c4292723a3e87078f4fa2b') in 0.285228 seconds 
  Import took 0.290320 seconds .

========================================================================
Received Import Request.
  Time since last request: 1.189848 seconds.
  path: Assets/PBR Texture Pack Vol 1/Textures/Drought Sand Oiled
  artifactKey: Guid(11b854f5483f5d94bae36cc71e3a5c0d) Importer(815301076,1909f56bfc062723c751e8b465ee728b)
Start importing Assets/PBR Texture Pack Vol 1/Textures/Drought Sand Oiled using Guid(11b854f5483f5d94bae36cc71e3a5c0d) Importer(815301076,1909f56bfc062723c751e8b465ee728b)  -> (artifact id: 'db4c5bcfa7e55737d717c6aed589d30c') in 0.040291 seconds 
  Import took 0.061329 seconds .

========================================================================
Received Import Request.
  Time since last request: 0.000249 seconds.
  path: Assets/PBR Texture Pack Vol 1/Textures/Drought Sand Oiled/Drought Sand Oiled_height.png
  artifactKey: Guid(7fa6452a4cca5d243ae049515fe96ff5) Importer(815301076,1909f56bfc062723c751e8b465ee728b)
Start importing Assets/PBR Texture Pack Vol 1/Textures/Drought Sand Oiled/Drought Sand Oiled_height.png using Guid(7fa6452a4cca5d243ae049515fe96ff5) Importer(815301076,1909f56bfc062723c751e8b465ee728b)  -> (artifact id: 'ac727460a41becdcfa4da2d8b6154a95') in 0.219282 seconds 
  Import took 0.251611 seconds .

========================================================================
Received Import Request.
  Time since last request: 0.000209 seconds.
  path: Assets/PBR Texture Pack Vol 1/Textures/Drought Sand Oiled/Drought Sand Oiled_opacity.png
  artifactKey: Guid(64a59da30a7ec3b4385e032488923521) Importer(815301076,1909f56bfc062723c751e8b465ee728b)
Start importing Assets/PBR Texture Pack Vol 1/Textures/Drought Sand Oiled/Drought Sand Oiled_opacity.png using Guid(64a59da30a7ec3b4385e032488923521) Importer(815301076,1909f56bfc062723c751e8b465ee728b)  -> (artifact id: 'e14f8b71546e2ed81ebf3b0f9b6cb6bb') in 0.159460 seconds 
  Import took 0.179800 seconds .

========================================================================
Received Import Request.
  Time since last request: 0.000268 seconds.
  path: Assets/PBR Texture Pack Vol 1/Textures/Drought Sand Oiled/Drought Sand Oiled_roughness.png
  artifactKey: Guid(739f23b256a3fb343b008302ef32f3a4) Importer(815301076,1909f56bfc062723c751e8b465ee728b)
Start importing Assets/PBR Texture Pack Vol 1/Textures/Drought Sand Oiled/Drought Sand Oiled_roughness.png using Guid(739f23b256a3fb343b008302ef32f3a4) Importer(815301076,1909f56bfc062723c751e8b465ee728b)  -> (artifact id: '40702514dde35b8b2841b631d22c820f') in 0.138642 seconds 
  Import took 0.168138 seconds .

========================================================================
Received Import Request.
  Time since last request: 0.000219 seconds.
  path: Assets/PBR Texture Pack Vol 1/Textures/Drought Sand Oiled/Drought Sand Oiled_specularLevel.png
  artifactKey: Guid(236ebcc4e6f145d4d947062e4317f3f1) Importer(815301076,1909f56bfc062723c751e8b465ee728b)
Start importing Assets/PBR Texture Pack Vol 1/Textures/Drought Sand Oiled/Drought Sand Oiled_specularLevel.png using Guid(236ebcc4e6f145d4d947062e4317f3f1) Importer(815301076,1909f56bfc062723c751e8b465ee728b)  -> (artifact id: '03a766a81ec2a3a001974576c088078d') in 0.077879 seconds 
  Import took 0.094710 seconds .

========================================================================
Received Import Request.
  Time since last request: 0.000249 seconds.
  path: Assets/PBR Texture Pack Vol 1/Textures/Drought Sand Oiled/Drought Sand Oiled_normal.png
  artifactKey: Guid(f3047000b4695ab48b9342fe6feff433) Importer(815301076,1909f56bfc062723c751e8b465ee728b)
Start importing Assets/PBR Texture Pack Vol 1/Textures/Drought Sand Oiled/Drought Sand Oiled_normal.png using Guid(f3047000b4695ab48b9342fe6feff433) Importer(815301076,1909f56bfc062723c751e8b465ee728b)  -> (artifact id: 'e7a1a45c0d467d5f8fb1d371b6a0acdc') in 0.176485 seconds 
  Import took 0.196426 seconds .

========================================================================
Received Import Request.
  Time since last request: 0.000250 seconds.
  path: Assets/PBR Texture Pack Vol 1/Textures/Drought Sand Oiled/Drought Sand Oiled_metallic.png
  artifactKey: Guid(03ade3e49b487844fb4490f9e59bed0e) Importer(815301076,1909f56bfc062723c751e8b465ee728b)
Start importing Assets/PBR Texture Pack Vol 1/Textures/Drought Sand Oiled/Drought Sand Oiled_metallic.png using Guid(03ade3e49b487844fb4490f9e59bed0e) Importer(815301076,1909f56bfc062723c751e8b465ee728b)  -> (artifact id: 'ac3cce1f6f06a70718ecd6608e13d10c') in 0.083365 seconds 
  Import took 0.098717 seconds .

========================================================================
Received Import Request.
  Time since last request: 3.810151 seconds.
  path: Assets/PBR Texture Pack Vol 1/Textures/Old Cement/Old Cement_ambientOcclusion.png
  artifactKey: Guid(19b4f6bd46c1b3f4db7f91cbab5be4ce) Importer(815301076,1909f56bfc062723c751e8b465ee728b)
Start importing Assets/PBR Texture Pack Vol 1/Textures/Old Cement/Old Cement_ambientOcclusion.png using Guid(19b4f6bd46c1b3f4db7f91cbab5be4ce) Importer(815301076,1909f56bfc062723c751e8b465ee728b)  -> (artifact id: '6cfa7049edec8114e612d6fd3132d3ee') in 0.169039 seconds 
  Import took 0.202534 seconds .

========================================================================
Received Import Request.
  Time since last request: 0.000429 seconds.
  path: Assets/PBR Texture Pack Vol 1/Textures/Old Cement/Old Cement_opacity.png
  artifactKey: Guid(4e9b85709cb798b4ba4bcbaa93a065ee) Importer(815301076,1909f56bfc062723c751e8b465ee728b)
Start importing Assets/PBR Texture Pack Vol 1/Textures/Old Cement/Old Cement_opacity.png using Guid(4e9b85709cb798b4ba4bcbaa93a065ee) Importer(815301076,1909f56bfc062723c751e8b465ee728b)  -> (artifact id: '1a404f56c940760e8f7580577115d241') in 0.124514 seconds 
  Import took 0.149731 seconds .

========================================================================
Received Import Request.
  Time since last request: 0.000350 seconds.
  path: Assets/PBR Texture Pack Vol 1/Textures/Old Cement/Old Cement_height.png
  artifactKey: Guid(eccf6e1bec91a9b4ea52f82e753514be) Importer(815301076,1909f56bfc062723c751e8b465ee728b)
Start importing Assets/PBR Texture Pack Vol 1/Textures/Old Cement/Old Cement_height.png using Guid(eccf6e1bec91a9b4ea52f82e753514be) Importer(815301076,1909f56bfc062723c751e8b465ee728b)  -> (artifact id: '0d58a4f42a5b01f4b2449fc9ca4bda86') in 0.165418 seconds 
  Import took 0.180425 seconds .

========================================================================
Received Import Request.
  Time since last request: 0.000358 seconds.
  path: Assets/PBR Texture Pack Vol 1/Textures/Old Cement/Old Cement_specularLevel.png
  artifactKey: Guid(3ce69f99c8bdab94abfba707bd3246f7) Importer(815301076,1909f56bfc062723c751e8b465ee728b)
Start importing Assets/PBR Texture Pack Vol 1/Textures/Old Cement/Old Cement_specularLevel.png using Guid(3ce69f99c8bdab94abfba707bd3246f7) Importer(815301076,1909f56bfc062723c751e8b465ee728b)  -> (artifact id: 'c7d84ec3091d13ad44f9a73f64d605a7') in 0.151788 seconds 
  Import took 0.178523 seconds .

========================================================================
Received Import Request.
  Time since last request: 0.000331 seconds.
  path: Assets/PBR Texture Pack Vol 1/Textures/Swamp Ground/Swamp Ground_ambientOcclusion.png
  artifactKey: Guid(e254dce480f2dec4d90845f7f9b4fb95) Importer(815301076,1909f56bfc062723c751e8b465ee728b)
Start importing Assets/PBR Texture Pack Vol 1/Textures/Swamp Ground/Swamp Ground_ambientOcclusion.png using Guid(e254dce480f2dec4d90845f7f9b4fb95) Importer(815301076,1909f56bfc062723c751e8b465ee728b)  -> (artifact id: 'b83adc1ac4ca4013a794e60ccb0884e3') in 0.171746 seconds 
  Import took 0.192342 seconds .

========================================================================
Received Import Request.
  Time since last request: 0.000380 seconds.
  path: Assets/PBR Texture Pack Vol 1/Textures/Old Cement/Old Cement_baseColor.png
  artifactKey: Guid(cbc3a88565154a049a73000f6a84809c) Importer(815301076,1909f56bfc062723c751e8b465ee728b)
Start importing Assets/PBR Texture Pack Vol 1/Textures/Old Cement/Old Cement_baseColor.png using Guid(cbc3a88565154a049a73000f6a84809c) Importer(815301076,1909f56bfc062723c751e8b465ee728b)  -> (artifact id: 'f63f91d7dfc96e495acb1b3018baad4e') in 0.136040 seconds 
  Import took 0.158955 seconds .

========================================================================
Received Import Request.
  Time since last request: 0.000300 seconds.
  path: Assets/PBR Texture Pack Vol 1/Textures/Wood Planks/Wood Planks_opacity.png
  artifactKey: Guid(6e19d4eb2f08f3d43a9bb4e6525ae939) Importer(815301076,1909f56bfc062723c751e8b465ee728b)
Start importing Assets/PBR Texture Pack Vol 1/Textures/Wood Planks/Wood Planks_opacity.png using Guid(6e19d4eb2f08f3d43a9bb4e6525ae939) Importer(815301076,1909f56bfc062723c751e8b465ee728b)  -> (artifact id: '177c02794b1bbbad8ab4ef4003a262a3') in 0.135578 seconds 
  Import took 0.146332 seconds .

========================================================================
Received Import Request.
  Time since last request: 0.000424 seconds.
  path: Assets/PBR Texture Pack Vol 1/Textures/Wood Planks/Wood Planks_metallic.png
  artifactKey: Guid(d468ceed18bfb3f4a997362141c1f8ab) Importer(815301076,1909f56bfc062723c751e8b465ee728b)
Start importing Assets/PBR Texture Pack Vol 1/Textures/Wood Planks/Wood Planks_metallic.png using Guid(d468ceed18bfb3f4a997362141c1f8ab) Importer(815301076,1909f56bfc062723c751e8b465ee728b)  -> (artifact id: 'fca8930391ef2b875938c3504682ab47') in 0.140504 seconds 
  Import took 0.160886 seconds .

========================================================================
Received Import Request.
  Time since last request: 0.000245 seconds.
  path: Assets/PBR Texture Pack Vol 1/Textures/Wood Planks/Wood Planks_roughness.png
  artifactKey: Guid(5065c5dfe6aa0ee47970933e393de780) Importer(815301076,1909f56bfc062723c751e8b465ee728b)
Start importing Assets/PBR Texture Pack Vol 1/Textures/Wood Planks/Wood Planks_roughness.png using Guid(5065c5dfe6aa0ee47970933e393de780) Importer(815301076,1909f56bfc062723c751e8b465ee728b)  -> (artifact id: 'aafeb9f60b84392d870986a4eef98398') in 0.081850 seconds 
  Import took 0.096436 seconds .

========================================================================
Received Import Request.
  Time since last request: 0.000396 seconds.
  path: Assets/PBR Texture Pack Vol 1/Textures/Swamp Ground/Swamp Ground_normal.png
  artifactKey: Guid(589e6324ff07d0748b3b1c863bc1b5c2) Importer(815301076,1909f56bfc062723c751e8b465ee728b)
Start importing Assets/PBR Texture Pack Vol 1/Textures/Swamp Ground/Swamp Ground_normal.png using Guid(589e6324ff07d0748b3b1c863bc1b5c2) Importer(815301076,1909f56bfc062723c751e8b465ee728b)  -> (artifact id: 'eb8d474f6e9340f0946ab12a11dab136') in 0.173398 seconds 
  Import took 0.214078 seconds .

========================================================================
Received Import Request.
  Time since last request: 0.000340 seconds.
  path: Assets/PBR Texture Pack Vol 1/Textures/Wood Planks/Wood Planks_specularLevel.png
  artifactKey: Guid(299ebd17e0a73cf43aca8d0aacec4f71) Importer(815301076,1909f56bfc062723c751e8b465ee728b)
Start importing Assets/PBR Texture Pack Vol 1/Textures/Wood Planks/Wood Planks_specularLevel.png using Guid(299ebd17e0a73cf43aca8d0aacec4f71) Importer(815301076,1909f56bfc062723c751e8b465ee728b)  -> (artifact id: '016b860466c0ba4c125293c350aa3a86') in 0.146915 seconds 
  Import took 0.151350 seconds .

========================================================================
Received Import Request.
  Time since last request: 0.000227 seconds.
  path: Assets/PBR Texture Pack Vol 1/Textures/Old Cement/Old Cement_roughness.png
  artifactKey: Guid(b53b04ed47c67bb4ebac9fff9aa091f3) Importer(815301076,1909f56bfc062723c751e8b465ee728b)
Start importing Assets/PBR Texture Pack Vol 1/Textures/Old Cement/Old Cement_roughness.png using Guid(b53b04ed47c67bb4ebac9fff9aa091f3) Importer(815301076,1909f56bfc062723c751e8b465ee728b)  -> (artifact id: '19f6894711dde5e53f63f30a48741bed') in 0.160802 seconds 
  Import took 0.164691 seconds .

========================================================================
Received Import Request.
  Time since last request: 0.000289 seconds.
  path: Assets/PBR Texture Pack Vol 1/Textures/Swamp Ground/Swamp Ground_metallic.png
  artifactKey: Guid(e925b780539e86c4890b4ee44a11670f) Importer(815301076,1909f56bfc062723c751e8b465ee728b)
Start importing Assets/PBR Texture Pack Vol 1/Textures/Swamp Ground/Swamp Ground_metallic.png using Guid(e925b780539e86c4890b4ee44a11670f) Importer(815301076,1909f56bfc062723c751e8b465ee728b)  -> (artifact id: 'e7d344a58771ea70ef6a75410867eb3f') in 0.106242 seconds 
  Import took 0.110351 seconds .

========================================================================
Received Import Request.
  Time since last request: 0.000262 seconds.
  path: Assets/PBR Texture Pack Vol 1/Textures/Swamp Ground/Swamp Ground_opacity.png
  artifactKey: Guid(2acb9e20b26b0124da6ea2bcd7e56035) Importer(815301076,1909f56bfc062723c751e8b465ee728b)
Start importing Assets/PBR Texture Pack Vol 1/Textures/Swamp Ground/Swamp Ground_opacity.png using Guid(2acb9e20b26b0124da6ea2bcd7e56035) Importer(815301076,1909f56bfc062723c751e8b465ee728b)  -> (artifact id: '4be941e6bdf12cceedc9eeffbed8c438') in 0.148292 seconds 
  Import took 0.165559 seconds .

========================================================================
Received Import Request.
  Time since last request: 0.000212 seconds.
  path: Assets/PBR Texture Pack Vol 1/Textures/Swamp Ground/Swamp Ground_roughness.png
  artifactKey: Guid(f2a66ee7a470d194c9dcaf2ad91f10e9) Importer(815301076,1909f56bfc062723c751e8b465ee728b)
Start importing Assets/PBR Texture Pack Vol 1/Textures/Swamp Ground/Swamp Ground_roughness.png using Guid(f2a66ee7a470d194c9dcaf2ad91f10e9) Importer(815301076,1909f56bfc062723c751e8b465ee728b)  -> (artifact id: '91236f1f3f122087310197294fd7a590') in 0.111433 seconds 
  Import took 0.150817 seconds .

========================================================================
Received Import Request.
  Time since last request: 0.000212 seconds.
  path: Assets/PBR Texture Pack Vol 1/Textures/Wood Planks/Wood Planks_height.png
  artifactKey: Guid(9dfc2024d861c1348bbaf7d425a795d0) Importer(815301076,1909f56bfc062723c751e8b465ee728b)
Start importing Assets/PBR Texture Pack Vol 1/Textures/Wood Planks/Wood Planks_height.png using Guid(9dfc2024d861c1348bbaf7d425a795d0) Importer(815301076,1909f56bfc062723c751e8b465ee728b)  -> (artifact id: '86527889aa75829e04556c794ce8593a') in 0.140616 seconds 
  Import took 0.159772 seconds .

========================================================================
Received Import Request.
  Time since last request: 0.000722 seconds.
  path: Assets/PBR Texture Pack Vol 1/Textures/Old Cement/Old Cement_metallic.png
  artifactKey: Guid(77223a8d3cb78f343b91ed8176168036) Importer(815301076,1909f56bfc062723c751e8b465ee728b)
Start importing Assets/PBR Texture Pack Vol 1/Textures/Old Cement/Old Cement_metallic.png using Guid(77223a8d3cb78f343b91ed8176168036) Importer(815301076,1909f56bfc062723c751e8b465ee728b)  -> (artifact id: 'f214cf7ff3e87ebfb46bdedc73aeceba') in 0.145969 seconds 
  Import took 0.164827 seconds .

========================================================================
Received Import Request.
  Time since last request: 0.000236 seconds.
  path: Assets/PBR Texture Pack Vol 1/Textures/Swamp Ground/Swamp Ground_baseColor.png
  artifactKey: Guid(07d39223b06b25f449d2a5320a1e8a05) Importer(815301076,1909f56bfc062723c751e8b465ee728b)
Start importing Assets/PBR Texture Pack Vol 1/Textures/Swamp Ground/Swamp Ground_baseColor.png using Guid(07d39223b06b25f449d2a5320a1e8a05) Importer(815301076,1909f56bfc062723c751e8b465ee728b)  -> (artifact id: '7cc18b16e49247ed6f22a5b08792917f') in 0.154548 seconds 
  Import took 0.158200 seconds .

========================================================================
Received Import Request.
  Time since last request: 0.000225 seconds.
  path: Assets/PBR Texture Pack Vol 1/Textures/Wood Planks/Wood Planks_ambientOcclusion.png
  artifactKey: Guid(f616412a5f596844ea06e6ab93289a76) Importer(815301076,1909f56bfc062723c751e8b465ee728b)
Start importing Assets/PBR Texture Pack Vol 1/Textures/Wood Planks/Wood Planks_ambientOcclusion.png using Guid(f616412a5f596844ea06e6ab93289a76) Importer(815301076,1909f56bfc062723c751e8b465ee728b)  -> (artifact id: '1db9c0de606478fbb30c5b85d197fc02') in 0.127780 seconds 
  Import took 0.144760 seconds .

========================================================================
Received Import Request.
  Time since last request: 0.000235 seconds.
  path: Assets/PBR Texture Pack Vol 1/Textures/Swamp Ground/Swamp Ground_height.png
  artifactKey: Guid(a964931036a201f4596ab2a686c5269f) Importer(815301076,1909f56bfc062723c751e8b465ee728b)
Start importing Assets/PBR Texture Pack Vol 1/Textures/Swamp Ground/Swamp Ground_height.png using Guid(a964931036a201f4596ab2a686c5269f) Importer(815301076,1909f56bfc062723c751e8b465ee728b)  -> (artifact id: 'b55ab4592c1d2360794e28d4ab385310') in 0.115001 seconds 
  Import took 0.139543 seconds .

========================================================================
Received Import Request.
  Time since last request: 0.000246 seconds.
  path: Assets/PBR Texture Pack Vol 1/Textures/Swamp Ground/Swamp Ground_specularLevel.png
  artifactKey: Guid(bd8b90b4c45f93e40b0165bea372bfac) Importer(815301076,1909f56bfc062723c751e8b465ee728b)
Start importing Assets/PBR Texture Pack Vol 1/Textures/Swamp Ground/Swamp Ground_specularLevel.png using Guid(bd8b90b4c45f93e40b0165bea372bfac) Importer(815301076,1909f56bfc062723c751e8b465ee728b)  -> (artifact id: '2658013a2c91a239d3240a32b8d5576c') in 0.137590 seconds 
  Import took 0.141913 seconds .

========================================================================
Received Import Request.
  Time since last request: 0.000240 seconds.
  path: Assets/PBR Texture Pack Vol 1/Textures/Wood Planks/Wood Planks_baseColor.png
  artifactKey: Guid(7f7d15dc31c05244c9073ca185b2fa16) Importer(815301076,1909f56bfc062723c751e8b465ee728b)
Start importing Assets/PBR Texture Pack Vol 1/Textures/Wood Planks/Wood Planks_baseColor.png using Guid(7f7d15dc31c05244c9073ca185b2fa16) Importer(815301076,1909f56bfc062723c751e8b465ee728b)  -> (artifact id: 'f82b03d71736e9390801d4e0a3357f91') in 0.118367 seconds 
  Import took 0.137077 seconds .

========================================================================
Received Import Request.
  Time since last request: 0.000206 seconds.
  path: Assets/PBR Texture Pack Vol 1/Textures/Old Cement/Old Cement_normal.png
  artifactKey: Guid(14da27be94cdd3742a517152cfd5ad92) Importer(815301076,1909f56bfc062723c751e8b465ee728b)
Start importing Assets/PBR Texture Pack Vol 1/Textures/Old Cement/Old Cement_normal.png using Guid(14da27be94cdd3742a517152cfd5ad92) Importer(815301076,1909f56bfc062723c751e8b465ee728b)  -> (artifact id: '6bfbf23ff13a557a38f40a3750ae5929') in 0.119563 seconds 
  Import took 0.139463 seconds .

========================================================================
Received Import Request.
  Time since last request: 0.000203 seconds.
  path: Assets/PBR Texture Pack Vol 1/Textures/Wood Planks/Wood Planks_normal.png
  artifactKey: Guid(f4736e54351a7d64f9d949fb9d7e7368) Importer(815301076,1909f56bfc062723c751e8b465ee728b)
Start importing Assets/PBR Texture Pack Vol 1/Textures/Wood Planks/Wood Planks_normal.png using Guid(f4736e54351a7d64f9d949fb9d7e7368) Importer(815301076,1909f56bfc062723c751e8b465ee728b)  -> (artifact id: 'ece7c84241294a449133fb4ad0551692') in 0.179321 seconds 
  Import took 0.216132 seconds .

========================================================================
Received Import Request.
  Time since last request: 13.184550 seconds.
  path: Assets/Standard Assets/CrossPlatformInput
  artifactKey: Guid(eb6d0d11aa24844488ea026462c8b6aa) Importer(815301076,1909f56bfc062723c751e8b465ee728b)
Start importing Assets/Standard Assets/CrossPlatformInput using Guid(eb6d0d11aa24844488ea026462c8b6aa) Importer(815301076,1909f56bfc062723c751e8b465ee728b)  -> (artifact id: 'd24fe9fc499f02881aaa720feb77b88e') in 0.051929 seconds 
  Import took 0.084260 seconds .

========================================================================
Received Import Request.
  Time since last request: 2.433019 seconds.
  path: Assets/Standard Assets/CrossPlatformInput/Prefabs
  artifactKey: Guid(f030ca9293dfc164c8bc07b982e19f38) Importer(815301076,1909f56bfc062723c751e8b465ee728b)
Start importing Assets/Standard Assets/CrossPlatformInput/Prefabs using Guid(f030ca9293dfc164c8bc07b982e19f38) Importer(815301076,1909f56bfc062723c751e8b465ee728b)  -> (artifact id: '2854bb233e30a9a74a27aa95674dc9d0') in 0.014191 seconds 
  Import took 0.054269 seconds .

========================================================================
Received Import Request.
  Time since last request: 0.089966 seconds.
  path: Assets/Standard Assets/CrossPlatformInput/Prefabs/CarTiltControls.prefab
  artifactKey: Guid(174090ae7f9eff84abe76f0ff062efac) Importer(815301076,1909f56bfc062723c751e8b465ee728b)
Start importing Assets/Standard Assets/CrossPlatformInput/Prefabs/CarTiltControls.prefab using Guid(174090ae7f9eff84abe76f0ff062efac) Importer(815301076,1909f56bfc062723c751e8b465ee728b)  -> (artifact id: '0b0e989b5c8e7a04e451e4e86ac8b2e6') in 0.396981 seconds 
  Import took 0.408327 seconds .

========================================================================
Received Import Request.
  Time since last request: 0.000269 seconds.
  path: Assets/Standard Assets/CrossPlatformInput/Prefabs/MobileTiltControlRig.prefab
  artifactKey: Guid(999388b68bb99b44099461bfbed94358) Importer(815301076,1909f56bfc062723c751e8b465ee728b)
Start importing Assets/Standard Assets/CrossPlatformInput/Prefabs/MobileTiltControlRig.prefab using Guid(999388b68bb99b44099461bfbed94358) Importer(815301076,1909f56bfc062723c751e8b465ee728b)  -> (artifact id: '8e75aae8343263ad703e632df3d866a7') in 0.009524 seconds 
  Import took 0.028813 seconds .

========================================================================
Received Import Request.
  Time since last request: 0.000246 seconds.
  path: Assets/Standard Assets/CrossPlatformInput/Prefabs/MobileAircraftControls.prefab
  artifactKey: Guid(3369231b1ed7ad34e84d9240a571db81) Importer(815301076,1909f56bfc062723c751e8b465ee728b)
Start importing Assets/Standard Assets/CrossPlatformInput/Prefabs/MobileAircraftControls.prefab using Guid(3369231b1ed7ad34e84d9240a571db81) Importer(815301076,1909f56bfc062723c751e8b465ee728b)  -> (artifact id: '15ac2ec1c4f1900b6076de843033114b') in 0.152215 seconds 
  Import took 0.171661 seconds .

========================================================================
Received Import Request.
  Time since last request: 0.000223 seconds.
  path: Assets/Standard Assets/CrossPlatformInput/Prefabs/DualTouchControls.prefab
  artifactKey: Guid(2169821f0567671499a5c10104c69c24) Importer(815301076,1909f56bfc062723c751e8b465ee728b)
Start importing Assets/Standard Assets/CrossPlatformInput/Prefabs/DualTouchControls.prefab using Guid(2169821f0567671499a5c10104c69c24) Importer(815301076,1909f56bfc062723c751e8b465ee728b)  -> (artifact id: '5fc30c6e562e3a9f2e35549539c149b5') in 0.011948 seconds 
  Import took 0.016012 seconds .

========================================================================
Received Import Request.
  Time since last request: 0.000221 seconds.
  path: Assets/Standard Assets/CrossPlatformInput/Prefabs/MobileSingleStickControl.prefab
  artifactKey: Guid(9529ecc3d479da5499993355e6c2cb4f) Importer(815301076,1909f56bfc062723c751e8b465ee728b)
Start importing Assets/Standard Assets/CrossPlatformInput/Prefabs/MobileSingleStickControl.prefab using Guid(9529ecc3d479da5499993355e6c2cb4f) Importer(815301076,1909f56bfc062723c751e8b465ee728b)  -> (artifact id: 'ec56d3070b4d3df628d61c76f5bb827b') in 0.037024 seconds 
  Import took 0.050962 seconds .

========================================================================
Received Import Request.
  Time since last request: 14.191480 seconds.
  path: Assets/Standard Assets/Characters/ThirdPersonCharacter/Prefabs
  artifactKey: Guid(e09f07f9be24b2d4180a74a671348b5b) Importer(815301076,1909f56bfc062723c751e8b465ee728b)
Start importing Assets/Standard Assets/Characters/ThirdPersonCharacter/Prefabs using Guid(e09f07f9be24b2d4180a74a671348b5b) Importer(815301076,1909f56bfc062723c751e8b465ee728b)  -> (artifact id: 'f34f5f425588cd92801f7bc3758436c1') in 0.018256 seconds 
  Import took 0.040214 seconds .

========================================================================
Received Import Request.
  Time since last request: 0.109586 seconds.
  path: Assets/Standard Assets/Characters/ThirdPersonCharacter/Prefabs/AIThirdPersonController.prefab
  artifactKey: Guid(54eb5844754051b40a918a84c33b7c1a) Importer(815301076,1909f56bfc062723c751e8b465ee728b)
Start importing Assets/Standard Assets/Characters/ThirdPersonCharacter/Prefabs/AIThirdPersonController.prefab using Guid(54eb5844754051b40a918a84c33b7c1a) Importer(815301076,1909f56bfc062723c751e8b465ee728b)  -> (artifact id: '77e069c37102a22edfcc0a1865906ab0') in 1.926363 seconds 
  Import took 2.158328 seconds .

========================================================================
Received Import Request.
  Time since last request: 0.000320 seconds.
  path: Assets/Standard Assets/Characters/ThirdPersonCharacter/Prefabs/ThirdPersonController.prefab
  artifactKey: Guid(7737647c22c1fc64a88d5cd030c352ce) Importer(815301076,1909f56bfc062723c751e8b465ee728b)
Start importing Assets/Standard Assets/Characters/ThirdPersonCharacter/Prefabs/ThirdPersonController.prefab using Guid(7737647c22c1fc64a88d5cd030c352ce) Importer(815301076,1909f56bfc062723c751e8b465ee728b)  -> (artifact id: '92966b31f93e98b054e0bc321e349707') in 0.098403 seconds 
  Import took 0.127614 seconds .

========================================================================
Received Import Request.
  Time since last request: 14.242714 seconds.
  path: Assets/Standard Assets/Characters/RollerBall/Prefabs
  artifactKey: Guid(5d2f1a0944eff024ab396500807b91cd) Importer(815301076,1909f56bfc062723c751e8b465ee728b)
Start importing Assets/Standard Assets/Characters/RollerBall/Prefabs using Guid(5d2f1a0944eff024ab396500807b91cd) Importer(815301076,1909f56bfc062723c751e8b465ee728b)  -> (artifact id: '0ee8b32a7fe714323205608c384a4073') in 0.037780 seconds 
  Import took 0.057682 seconds .

========================================================================
Received Import Request.
  Time since last request: 0.049199 seconds.
  path: Assets/Standard Assets/Characters/RollerBall/Prefabs/RollerBall.prefab
  artifactKey: Guid(753ea9ccf9eee6c42a0954ec8663b992) Importer(815301076,1909f56bfc062723c751e8b465ee728b)
Start importing Assets/Standard Assets/Characters/RollerBall/Prefabs/RollerBall.prefab using Guid(753ea9ccf9eee6c42a0954ec8663b992) Importer(815301076,1909f56bfc062723c751e8b465ee728b)  -> (artifact id: 'e39349ff0db517173efb679fed0910af') in 0.465866 seconds 
  Import took 0.469811 seconds .

========================================================================
Received Import Request.
  Time since last request: 18.346220 seconds.
  path: Assets/TestMap/LightmapSnapshot.asset
  artifactKey: Guid(109adbef35ab6c843b100e7afcb5832d) Importer(815301076,1909f56bfc062723c751e8b465ee728b)
Start importing Assets/TestMap/LightmapSnapshot.asset using Guid(109adbef35ab6c843b100e7afcb5832d) Importer(815301076,1909f56bfc062723c751e8b465ee728b) Lighting data asset ‘LightmapSnapshot’ is inconsistent because 2 files out of 10 are missing.  Please use Generate Lighting to rebuild the lighting data.
Lighting data asset ‘LightmapSnapshot’ is incompatible with the current Unity version. Please use Generate Lighting to rebuild the lighting data.  Realtime Global Illumination cannot be used until the lighting data is rebuilt.
 -> (artifact id: 'cda4f8a342485f98fb7302a2276dd807') in 0.066890 seconds 
  Import took 0.109099 seconds .

========================================================================
Received Import Request.
  Time since last request: 0.000230 seconds.
  path: Assets/TestMap/SkyboxProbe-0.exr
  artifactKey: Guid(a2d46ee4409f8a74689ce5ea70e5cc69) Importer(815301076,1909f56bfc062723c751e8b465ee728b)
Start importing Assets/TestMap/SkyboxProbe-0.exr using Guid(a2d46ee4409f8a74689ce5ea70e5cc69) Importer(815301076,1909f56bfc062723c751e8b465ee728b)  -> (artifact id: 'fa132615bc6d1ce20dd02ecb6388d85e') in 0.138297 seconds 
  Import took 0.151333 seconds .

========================================================================
Received Import Request.
  Time since last request: 1.339309 seconds.
  path: Assets/TileableBricksWall/Textures
  artifactKey: Guid(16f6aa23abbae9240a2d8237043ce130) Importer(815301076,1909f56bfc062723c751e8b465ee728b)
Start importing Assets/TileableBricksWall/Textures using Guid(16f6aa23abbae9240a2d8237043ce130) Importer(815301076,1909f56bfc062723c751e8b465ee728b)  -> (artifact id: 'e8a0e1f2598e4168d7fe4f5f5dd0db66') in 0.002200 seconds 
  Import took 0.077409 seconds .

========================================================================
Received Import Request.
  Time since last request: 26.173117 seconds.
  path: Assets/Standard Assets/CrossPlatformInput/Sprites/ButtonAcceleratorOverSprite.png
  artifactKey: Guid(eb5f6e2757c821940b69cf1456f7865a) Importer(815301076,1909f56bfc062723c751e8b465ee728b)
Start importing Assets/Standard Assets/CrossPlatformInput/Sprites/ButtonAcceleratorOverSprite.png using Guid(eb5f6e2757c821940b69cf1456f7865a) Importer(815301076,1909f56bfc062723c751e8b465ee728b)  -> (artifact id: '9f2c1b8343f5746424f04c275ae4dc23') in 0.072401 seconds 
  Import took 0.110871 seconds .

========================================================================
Received Import Request.
  Time since last request: 0.000285 seconds.
  path: Assets/Standard Assets/CrossPlatformInput/Sprites/ButtonBrakeUpSprite.png
  artifactKey: Guid(827c9cd4a3943534f909ac6473e17288) Importer(815301076,1909f56bfc062723c751e8b465ee728b)
Start importing Assets/Standard Assets/CrossPlatformInput/Sprites/ButtonBrakeUpSprite.png using Guid(827c9cd4a3943534f909ac6473e17288) Importer(815301076,1909f56bfc062723c751e8b465ee728b)  -> (artifact id: '0b0fb99122e223eda4c3282de981c768') in 0.043271 seconds 
  Import took 0.046251 seconds .

========================================================================
Received Import Request.
  Time since last request: 0.000336 seconds.
  path: Assets/Standard Assets/CrossPlatformInput/Sprites/SliderHandleSprite.png
  artifactKey: Guid(0626b924325d1c34cafa6b22297f4e4f) Importer(815301076,1909f56bfc062723c751e8b465ee728b)
Start importing Assets/Standard Assets/CrossPlatformInput/Sprites/SliderHandleSprite.png using Guid(0626b924325d1c34cafa6b22297f4e4f) Importer(815301076,1909f56bfc062723c751e8b465ee728b)  -> (artifact id: 'cf85f1984e7d696c30f1185bded2380a') in 0.071622 seconds 
  Import took 0.075203 seconds .

========================================================================
Received Import Request.
  Time since last request: 0.000363 seconds.
  path: Assets/Standard Assets/CrossPlatformInput/Sprites/ButtonThumbstickOverSprite.png
  artifactKey: Guid(5485e2f56028a3c4cb54f5caa167377e) Importer(815301076,1909f56bfc062723c751e8b465ee728b)
Start importing Assets/Standard Assets/CrossPlatformInput/Sprites/ButtonThumbstickOverSprite.png using Guid(5485e2f56028a3c4cb54f5caa167377e) Importer(815301076,1909f56bfc062723c751e8b465ee728b)  -> (artifact id: '4709fb03d84c33dd12e8b21a402443ab') in 0.070915 seconds 
  Import took 0.074884 seconds .

========================================================================
Received Import Request.
  Time since last request: 0.000356 seconds.
  path: Assets/Standard Assets/CrossPlatformInput/Sprites/ButtonTimescaleFullUpSprite.png
  artifactKey: Guid(0c6271a290ef75b4c97d58746c86c5b8) Importer(815301076,1909f56bfc062723c751e8b465ee728b)
Start importing Assets/Standard Assets/CrossPlatformInput/Sprites/ButtonTimescaleFullUpSprite.png using Guid(0c6271a290ef75b4c97d58746c86c5b8) Importer(815301076,1909f56bfc062723c751e8b465ee728b)  -> (artifact id: 'e00988ab8274d1a431266d96a8063073') in 0.027545 seconds 
  Import took 0.049997 seconds .

========================================================================
Received Import Request.
  Time since last request: 0.000341 seconds.
  path: Assets/Standard Assets/CrossPlatformInput/Sprites/ButtonTimescaleSlowUpSprite.png
  artifactKey: Guid(9d7c6e4896067aa4fa512a00f692ac1c) Importer(815301076,1909f56bfc062723c751e8b465ee728b)
Start importing Assets/Standard Assets/CrossPlatformInput/Sprites/ButtonTimescaleSlowUpSprite.png using Guid(9d7c6e4896067aa4fa512a00f692ac1c) Importer(815301076,1909f56bfc062723c751e8b465ee728b)  -> (artifact id: '81338aa73971ca30ee96944a52e05c08') in 0.057943 seconds 
  Import took 0.079060 seconds .

========================================================================
Received Import Request.
  Time since last request: 0.000826 seconds.
  path: Assets/Standard Assets/CrossPlatformInput/Sprites/ButtonArrowOverSprite.png
  artifactKey: Guid(49b611e658efbf443b686a4036f74fe3) Importer(815301076,1909f56bfc062723c751e8b465ee728b)
Start importing Assets/Standard Assets/CrossPlatformInput/Sprites/ButtonArrowOverSprite.png using Guid(49b611e658efbf443b686a4036f74fe3) Importer(815301076,1909f56bfc062723c751e8b465ee728b)  -> (artifact id: '59ad20d293dabfa0924cefed46dae44e') in 0.042508 seconds 
  Import took 0.062403 seconds .

========================================================================
Received Import Request.
  Time since last request: 0.000347 seconds.
  path: Assets/Standard Assets/CrossPlatformInput/Sprites/ButtonBrakeOverSprite.png
  artifactKey: Guid(5b1a64ea234fb2343b8d0686c51280de) Importer(815301076,1909f56bfc062723c751e8b465ee728b)
Start importing Assets/Standard Assets/CrossPlatformInput/Sprites/ButtonBrakeOverSprite.png using Guid(5b1a64ea234fb2343b8d0686c51280de) Importer(815301076,1909f56bfc062723c751e8b465ee728b)  -> (artifact id: 'f09716f4407943d76067da5ccc87abef') in 0.040158 seconds 
  Import took 0.045590 seconds .

========================================================================
Received Import Request.
  Time since last request: 0.000384 seconds.
  path: Assets/Standard Assets/CrossPlatformInput/Sprites/ButtonSpacebarSprite.png
  artifactKey: Guid(3d8675433a508ec47b8f895201eacf20) Importer(815301076,1909f56bfc062723c751e8b465ee728b)
Start importing Assets/Standard Assets/CrossPlatformInput/Sprites/ButtonSpacebarSprite.png using Guid(3d8675433a508ec47b8f895201eacf20) Importer(815301076,1909f56bfc062723c751e8b465ee728b)  -> (artifact id: '1afecb9031b70c0d1ee6b70ea9de4a5f') in 0.045455 seconds 
  Import took 0.060945 seconds .

========================================================================
Received Import Request.
  Time since last request: 0.000382 seconds.
  path: Assets/Standard Assets/CrossPlatformInput/Sprites/SliderBackgroundSprite.png
  artifactKey: Guid(ea5873cfd9158664f89459f0c9e1d853) Importer(815301076,1909f56bfc062723c751e8b465ee728b)
Start importing Assets/Standard Assets/CrossPlatformInput/Sprites/SliderBackgroundSprite.png using Guid(ea5873cfd9158664f89459f0c9e1d853) Importer(815301076,1909f56bfc062723c751e8b465ee728b)  -> (artifact id: '22e6cafbf4403a8b7b0b480d30d7cbeb') in 0.041129 seconds 
  Import took 0.059366 seconds .

========================================================================
Received Import Request.
  Time since last request: 0.000414 seconds.
  path: Assets/Standard Assets/CrossPlatformInput/Sprites/ButtonThumbstickUpSprite.png
  artifactKey: Guid(9866a92691696b346901281f2b329034) Importer(815301076,1909f56bfc062723c751e8b465ee728b)
Start importing Assets/Standard Assets/CrossPlatformInput/Sprites/ButtonThumbstickUpSprite.png using Guid(9866a92691696b346901281f2b329034) Importer(815301076,1909f56bfc062723c751e8b465ee728b)  -> (artifact id: '62d0ea20c37b9e923d46a2a19087816c') in 0.032599 seconds 
  Import took 0.044891 seconds .

========================================================================
Received Import Request.
  Time since last request: 0.000303 seconds.
  path: Assets/Standard Assets/CrossPlatformInput/Sprites/ButtonResetSprite.png
  artifactKey: Guid(a94c9a7eb94ceec4a8d67a1890e22e51) Importer(815301076,1909f56bfc062723c751e8b465ee728b)
Start importing Assets/Standard Assets/CrossPlatformInput/Sprites/ButtonResetSprite.png using Guid(a94c9a7eb94ceec4a8d67a1890e22e51) Importer(815301076,1909f56bfc062723c751e8b465ee728b)  -> (artifact id: '885e66beef94ee9b0b5ed59e09b4805c') in 0.048141 seconds 
  Import took 0.068921 seconds .

========================================================================
Received Import Request.
  Time since last request: 0.000431 seconds.
  path: Assets/Standard Assets/CrossPlatformInput/Sprites/ButtonArrowUpSprite.png
  artifactKey: Guid(4db017495c69e8140a56a0e2b669e3f8) Importer(815301076,1909f56bfc062723c751e8b465ee728b)
Start importing Assets/Standard Assets/CrossPlatformInput/Sprites/ButtonArrowUpSprite.png using Guid(4db017495c69e8140a56a0e2b669e3f8) Importer(815301076,1909f56bfc062723c751e8b465ee728b)  -> (artifact id: 'e16b9d820017ca2f17c610fc44730083') in 0.034308 seconds 
  Import took 0.038585 seconds .

========================================================================
Received Import Request.
  Time since last request: 0.000309 seconds.
  path: Assets/Standard Assets/CrossPlatformInput/Sprites/ButtonCameraCycleUpSprite.png
  artifactKey: Guid(a3983c59ebf804b4abba687bd7c9e92f) Importer(815301076,1909f56bfc062723c751e8b465ee728b)
Start importing Assets/Standard Assets/CrossPlatformInput/Sprites/ButtonCameraCycleUpSprite.png using Guid(a3983c59ebf804b4abba687bd7c9e92f) Importer(815301076,1909f56bfc062723c751e8b465ee728b)  -> (artifact id: 'fc77302b1efb4d1bc5c11bb307749db2') in 0.048770 seconds 
  Import took 0.053447 seconds .

========================================================================
Received Import Request.
  Time since last request: 0.000296 seconds.
  path: Assets/Standard Assets/CrossPlatformInput/Sprites/TouchpadSprite.png
  artifactKey: Guid(e4f1fee3de32377429fd1348fae62b10) Importer(815301076,1909f56bfc062723c751e8b465ee728b)
Start importing Assets/Standard Assets/CrossPlatformInput/Sprites/TouchpadSprite.png using Guid(e4f1fee3de32377429fd1348fae62b10) Importer(815301076,1909f56bfc062723c751e8b465ee728b)  -> (artifact id: 'f3792941e826f1656bd05a2c4e5e5856') in 0.041125 seconds 
  Import took 0.044962 seconds .

========================================================================
Received Import Request.
  Time since last request: 0.000360 seconds.
  path: Assets/Standard Assets/CrossPlatformInput/Sprites/ButtonAcceleratorUpSprite.png
  artifactKey: Guid(f588d850485d0ae479d73cf3bd0b7b00) Importer(815301076,1909f56bfc062723c751e8b465ee728b)
Start importing Assets/Standard Assets/CrossPlatformInput/Sprites/ButtonAcceleratorUpSprite.png using Guid(f588d850485d0ae479d73cf3bd0b7b00) Importer(815301076,1909f56bfc062723c751e8b465ee728b)  -> (artifact id: '299f0564c6859dba15731b4a38c62e6b') in 0.032571 seconds 
  Import took 0.037291 seconds .

========================================================================
Received Import Request.
  Time since last request: 18.102532 seconds.
  path: Assets/Standard Assets/Effects
  artifactKey: Guid(115d1f9d9bd29064ab981e57c8fc8cdf) Importer(815301076,1909f56bfc062723c751e8b465ee728b)
Start importing Assets/Standard Assets/Effects using Guid(115d1f9d9bd29064ab981e57c8fc8cdf) Importer(815301076,1909f56bfc062723c751e8b465ee728b)  -> (artifact id: 'f33c8fc7c84478f73c71652a8554031b') in 0.008618 seconds 
  Import took 0.050141 seconds .

========================================================================
Received Import Request.
  Time since last request: 10.139306 seconds.
  path: Assets/Standard Assets/PhysicsMaterials
  artifactKey: Guid(5eebb5849c50a2c4ea24ded96e6f3aac) Importer(815301076,1909f56bfc062723c751e8b465ee728b)
Start importing Assets/Standard Assets/PhysicsMaterials using Guid(5eebb5849c50a2c4ea24ded96e6f3aac) Importer(815301076,1909f56bfc062723c751e8b465ee728b)  -> (artifact id: 'faf890640933dabe807afbf679ea7926') in 0.046444 seconds 
  Import took 0.068770 seconds .

========================================================================
Received Import Request.
  Time since last request: 0.469525 seconds.
  path: Assets/Standard Assets/PhysicsMaterials/Bouncy.physicmaterial
  artifactKey: Guid(9f93f63d068b08c459038c40fce897d8) Importer(815301076,1909f56bfc062723c751e8b465ee728b)
Start importing Assets/Standard Assets/PhysicsMaterials/Bouncy.physicmaterial using Guid(9f93f63d068b08c459038c40fce897d8) Importer(815301076,1909f56bfc062723c751e8b465ee728b)  -> (artifact id: 'b509c8d087de20f611744b870a91fcf2') in 0.013750 seconds 
  Import took 0.068816 seconds .

========================================================================
Received Import Request.
  Time since last request: 0.000364 seconds.
  path: Assets/Standard Assets/PhysicsMaterials/Ice.physicmaterial
  artifactKey: Guid(ba92fb44336020f40bdf294bb66bc9da) Importer(815301076,1909f56bfc062723c751e8b465ee728b)
Start importing Assets/Standard Assets/PhysicsMaterials/Ice.physicmaterial using Guid(ba92fb44336020f40bdf294bb66bc9da) Importer(815301076,1909f56bfc062723c751e8b465ee728b)  -> (artifact id: '226e21a51ac5fecc830b62ba8c1da937') in 0.013610 seconds 
  Import took 0.018618 seconds .

========================================================================
Received Import Request.
  Time since last request: 0.000330 seconds.
  path: Assets/Standard Assets/PhysicsMaterials/Rubber.physicmaterial
  artifactKey: Guid(52baaeb214519f347a35cf0edfd262ff) Importer(815301076,1909f56bfc062723c751e8b465ee728b)
Start importing Assets/Standard Assets/PhysicsMaterials/Rubber.physicmaterial using Guid(52baaeb214519f347a35cf0edfd262ff) Importer(815301076,1909f56bfc062723c751e8b465ee728b)  -> (artifact id: 'd0c39e8d83ea72a372b68d0276e0e6dd') in 0.012480 seconds 
  Import took 0.031743 seconds .

========================================================================
Received Import Request.
  Time since last request: 0.000321 seconds.
  path: Assets/Standard Assets/PhysicsMaterials/Wood.physicmaterial
  artifactKey: Guid(3aeb7dadc0c69d54d9e5777e9d5631f1) Importer(815301076,1909f56bfc062723c751e8b465ee728b)
Start importing Assets/Standard Assets/PhysicsMaterials/Wood.physicmaterial using Guid(3aeb7dadc0c69d54d9e5777e9d5631f1) Importer(815301076,1909f56bfc062723c751e8b465ee728b)  -> (artifact id: 'cd910b21f786d525678b2c1af82aa3c5') in 0.016410 seconds 
  Import took 0.020633 seconds .

========================================================================
Received Import Request.
  Time since last request: 0.000377 seconds.
  path: Assets/Standard Assets/PhysicsMaterials/ZeroFriction.physicMaterial
  artifactKey: Guid(c2815a7ab32e42c4bb42f59caacb8ec1) Importer(815301076,1909f56bfc062723c751e8b465ee728b)
Start importing Assets/Standard Assets/PhysicsMaterials/ZeroFriction.physicMaterial using Guid(c2815a7ab32e42c4bb42f59caacb8ec1) Importer(815301076,1909f56bfc062723c751e8b465ee728b)  -> (artifact id: '8d34b72fb9b939ee1f37c28943b73489') in 0.010512 seconds 
  Import took 0.015425 seconds .

========================================================================
Received Import Request.
  Time since last request: 0.000364 seconds.
  path: Assets/Standard Assets/PhysicsMaterials/MaxFriction.physicMaterial
  artifactKey: Guid(e52fb17f9b1e7fd48b8955f1391d3688) Importer(815301076,1909f56bfc062723c751e8b465ee728b)
Start importing Assets/Standard Assets/PhysicsMaterials/MaxFriction.physicMaterial using Guid(e52fb17f9b1e7fd48b8955f1391d3688) Importer(815301076,1909f56bfc062723c751e8b465ee728b)  -> (artifact id: '5e5caaf355752d5eb823d6d046407924') in 0.030695 seconds 
  Import took 0.036698 seconds .

========================================================================
Received Import Request.
  Time since last request: 0.000322 seconds.
  path: Assets/Standard Assets/PhysicsMaterials/Metal.physicmaterial
  artifactKey: Guid(01571ba68fb2dad46aa03094ab219579) Importer(815301076,1909f56bfc062723c751e8b465ee728b)
Start importing Assets/Standard Assets/PhysicsMaterials/Metal.physicmaterial using Guid(01571ba68fb2dad46aa03094ab219579) Importer(815301076,1909f56bfc062723c751e8b465ee728b)  -> (artifact id: '86700fd1ba519a5ab37cae1aa5993e25') in 0.015766 seconds 
  Import took 0.020406 seconds .

========================================================================
Received Import Request.
  Time since last request: 46.449729 seconds.
  path: Assets/Editor/CrossPlatformInput
  artifactKey: Guid(41e4f29e5dee9ec48a2538955ef1de71) Importer(815301076,1909f56bfc062723c751e8b465ee728b)
Start importing Assets/Editor/CrossPlatformInput using Guid(41e4f29e5dee9ec48a2538955ef1de71) Importer(815301076,1909f56bfc062723c751e8b465ee728b)  -> (artifact id: 'baa7718a1d4a2e9f2cd3da5da44b3025') in 0.003556 seconds 
  Import took 0.071334 seconds .

========================================================================
Received Import Request.
  Time since last request: 23.163879 seconds.
  path: Assets/PBR Texture Pack Vol 1/Materials
  artifactKey: Guid(1c2c7aec9f111fc4b800c65c90fe3512) Importer(815301076,1909f56bfc062723c751e8b465ee728b)
Start importing Assets/PBR Texture Pack Vol 1/Materials using Guid(1c2c7aec9f111fc4b800c65c90fe3512) Importer(815301076,1909f56bfc062723c751e8b465ee728b)  -> (artifact id: 'a86d49f632b400e31e7554c0c782c2e0') in 0.010813 seconds 
  Import took 0.062391 seconds .

========================================================================
Received Import Request.
  Time since last request: 2.089863 seconds.
  path: Assets/PBR Texture Pack Vol 1/Showcase
  artifactKey: Guid(41f58b56c060ede49adc15a8532b94f0) Importer(815301076,1909f56bfc062723c751e8b465ee728b)
Start importing Assets/PBR Texture Pack Vol 1/Showcase using Guid(41f58b56c060ede49adc15a8532b94f0) Importer(815301076,1909f56bfc062723c751e8b465ee728b)  -> (artifact id: '7979020612625d2ed00be3db429584ed') in 0.079713 seconds 
  Import took 0.106910 seconds .

========================================================================
Received Import Request.
  Time since last request: 3.013705 seconds.
  path: Assets/PBR Texture Pack Vol 1/Textures/Old Cement
  artifactKey: Guid(58c588c41f2de9b48b171c55c485b423) Importer(815301076,1909f56bfc062723c751e8b465ee728b)
Start importing Assets/PBR Texture Pack Vol 1/Textures/Old Cement using Guid(58c588c41f2de9b48b171c55c485b423) Importer(815301076,1909f56bfc062723c751e8b465ee728b)  -> (artifact id: '336e8d417fe549d2bcc48d48a1cbdfe7') in 0.008234 seconds 
  Import took 0.050728 seconds .

========================================================================
Received Import Request.
  Time since last request: 2.310586 seconds.
  path: Assets/PBR Texture Pack Vol 1/Textures/Wood Planks
  artifactKey: Guid(918d95a03ddaab24487b2765b275d73d) Importer(815301076,1909f56bfc062723c751e8b465ee728b)
Start importing Assets/PBR Texture Pack Vol 1/Textures/Wood Planks using Guid(918d95a03ddaab24487b2765b275d73d) Importer(815301076,1909f56bfc062723c751e8b465ee728b)  -> (artifact id: '4f318aa93f80a8d58c9d8259bf2adacd') in 0.008607 seconds 
  Import took 0.031846 seconds .

========================================================================
Received Import Request.
  Time since last request: 94.773173 seconds.
  path: Assets/Dungeon Floor Traps/Prefabs
  artifactKey: Guid(11c367a937d07ce40b5babae1e4a7afd) Importer(815301076,1909f56bfc062723c751e8b465ee728b)
Start importing Assets/Dungeon Floor Traps/Prefabs using Guid(11c367a937d07ce40b5babae1e4a7afd) Importer(815301076,1909f56bfc062723c751e8b465ee728b)  -> (artifact id: '25ea3f553485be61d1e590cb615719a7') in 0.010266 seconds 
  Import took 0.062445 seconds .

========================================================================
Received Import Request.
  Time since last request: 2.402607 seconds.
  path: Assets/Dungeon Floor Traps/Prefabs/Mobile
  artifactKey: Guid(8f678e091d938a34babf19435d7e3c11) Importer(815301076,1909f56bfc062723c751e8b465ee728b)
Start importing Assets/Dungeon Floor Traps/Prefabs/Mobile using Guid(8f678e091d938a34babf19435d7e3c11) Importer(815301076,1909f56bfc062723c751e8b465ee728b)  -> (artifact id: '910a8ebe798e70d14ea01e6e6dcd8b47') in 0.009587 seconds 
  Import took 0.014251 seconds .

========================================================================
Received Import Request.
  Time since last request: 0.466968 seconds.
  path: Assets/Dungeon Floor Traps/Prefabs/PBR
  artifactKey: Guid(7455414c9c7fc564689a83f394763007) Importer(815301076,1909f56bfc062723c751e8b465ee728b)
Start importing Assets/Dungeon Floor Traps/Prefabs/PBR using Guid(7455414c9c7fc564689a83f394763007) Importer(815301076,1909f56bfc062723c751e8b465ee728b)  -> (artifact id: '0105b92f8dfb29937908aca3435f5caa') in 0.007858 seconds 
  Import took 0.012864 seconds .

========================================================================
Received Import Request.
  Time since last request: 0.269161 seconds.
  path: Assets/Dungeon Floor Traps/Prefabs/PBR/Dungeon_Floor_Trap_Grid.prefab
  artifactKey: Guid(a5b2c973fbd4bcf49b07ded49a003a51) Importer(815301076,1909f56bfc062723c751e8b465ee728b)
Start importing Assets/Dungeon Floor Traps/Prefabs/PBR/Dungeon_Floor_Trap_Grid.prefab using Guid(a5b2c973fbd4bcf49b07ded49a003a51) Importer(815301076,1909f56bfc062723c751e8b465ee728b)  -> (artifact id: 'ffb478e37586e7ab503ddb775615a520') in 0.030122 seconds 
  Import took 0.034797 seconds .

========================================================================
Received Import Request.
  Time since last request: 0.000216 seconds.
  path: Assets/Dungeon Floor Traps/Prefabs/PBR/Dungeon_Floor_Trap_Round.prefab
  artifactKey: Guid(390c3e301d761084694df43e15a0d9bb) Importer(815301076,1909f56bfc062723c751e8b465ee728b)
Start importing Assets/Dungeon Floor Traps/Prefabs/PBR/Dungeon_Floor_Trap_Round.prefab using Guid(390c3e301d761084694df43e15a0d9bb) Importer(815301076,1909f56bfc062723c751e8b465ee728b)  -> (artifact id: '1aa4de1f07be94b3ac5b0943288d2f99') in 0.036661 seconds 
  Import took 0.041712 seconds .

========================================================================
Received Import Request.
  Time since last request: 0.000263 seconds.
  path: Assets/Dungeon Floor Traps/Prefabs/PBR/Dungeon_Floor_Trap_Star.prefab
  artifactKey: Guid(cb713cc3279397b498f41ebe7ece59dc) Importer(815301076,1909f56bfc062723c751e8b465ee728b)
Start importing Assets/Dungeon Floor Traps/Prefabs/PBR/Dungeon_Floor_Trap_Star.prefab using Guid(cb713cc3279397b498f41ebe7ece59dc) Importer(815301076,1909f56bfc062723c751e8b465ee728b)  -> (artifact id: '3002102c8e1e0dc6ebc7293bab9ff582') in 0.042044 seconds 
  Import took 0.049088 seconds .

========================================================================
Received Import Request.
  Time since last request: 328.245590 seconds.
  path: Assets/DungeonTraps/Trap
  artifactKey: Guid(2fdfeb56a3a521d4580b1a4143ada062) Importer(815301076,1909f56bfc062723c751e8b465ee728b)
Start importing Assets/DungeonTraps/Trap using Guid(2fdfeb56a3a521d4580b1a4143ada062) Importer(815301076,1909f56bfc062723c751e8b465ee728b)  -> (artifact id: 'b633f7a899e94d0de824570ff5d182ac') in 0.009501 seconds 
  Import took 0.046513 seconds .

========================================================================
Received Import Request.
  Time since last request: 0.850982 seconds.
  path: Assets/DungeonTraps/Trap/Axe.FBX
  artifactKey: Guid(dd7cc768a6132134d814e304aeaaffdb) Importer(815301076,1909f56bfc062723c751e8b465ee728b)
Start importing Assets/DungeonTraps/Trap/Axe.FBX using Guid(dd7cc768a6132134d814e304aeaaffdb) Importer(815301076,1909f56bfc062723c751e8b465ee728b)  -> (artifact id: '47fa3466197f76e4ab0c12725dae10b8') in 0.262082 seconds 
  Import took 0.291696 seconds .

========================================================================
Received Import Request.
  Time since last request: 0.000217 seconds.
  path: Assets/DungeonTraps/Trap/BladeFrame.FBX
  artifactKey: Guid(f21a06c8e9720ef4d8c84b13183cf183) Importer(815301076,1909f56bfc062723c751e8b465ee728b)
Start importing Assets/DungeonTraps/Trap/BladeFrame.FBX using Guid(f21a06c8e9720ef4d8c84b13183cf183) Importer(815301076,1909f56bfc062723c751e8b465ee728b)  -> (artifact id: 'e8165fae0716831708c5463ca5dfe5c3') in 0.023559 seconds 
  Import took 0.028208 seconds .

========================================================================
Received Import Request.
  Time since last request: 0.000585 seconds.
  path: Assets/DungeonTraps/Trap/Blade.FBX
  artifactKey: Guid(d7c86d0a96a13c94b9624c29250e11e4) Importer(815301076,1909f56bfc062723c751e8b465ee728b)
Start importing Assets/DungeonTraps/Trap/Blade.FBX using Guid(d7c86d0a96a13c94b9624c29250e11e4) Importer(815301076,1909f56bfc062723c751e8b465ee728b)  -> (artifact id: '23279200a62bd443534f7c3a9ca170bf') in 0.025793 seconds 
  Import took 0.031047 seconds .

========================================================================
Received Import Request.
  Time since last request: 0.000342 seconds.
  path: Assets/DungeonTraps/Trap/GreatAxeRing.FBX
  artifactKey: Guid(bab1d8e407bbb19498ba98659c7ea4af) Importer(815301076,1909f56bfc062723c751e8b465ee728b)
Start importing Assets/DungeonTraps/Trap/GreatAxeRing.FBX using Guid(bab1d8e407bbb19498ba98659c7ea4af) Importer(815301076,1909f56bfc062723c751e8b465ee728b)  -> (artifact id: 'c8a4d9d41bbdeb120b4c647a0b754805') in 0.026846 seconds 
  Import took 0.033022 seconds .

========================================================================
Received Import Request.
  Time since last request: 0.000336 seconds.
  path: Assets/DungeonTraps/Trap/Hammer.FBX
  artifactKey: Guid(d768d928a70b225449fbb445abf50afe) Importer(815301076,1909f56bfc062723c751e8b465ee728b)
Start importing Assets/DungeonTraps/Trap/Hammer.FBX using Guid(d768d928a70b225449fbb445abf50afe) Importer(815301076,1909f56bfc062723c751e8b465ee728b)  -> (artifact id: '63aaba77d84ad1665b2fa97665f39d58') in 0.026024 seconds 
  Import took 0.032639 seconds .

========================================================================
Received Import Request.
  Time since last request: 0.000530 seconds.
  path: Assets/DungeonTraps/Trap/GreatAxe.FBX
  artifactKey: Guid(b9cb6abd86b0af442b58106bea0f3ebe) Importer(815301076,1909f56bfc062723c751e8b465ee728b)
Start importing Assets/DungeonTraps/Trap/GreatAxe.FBX using Guid(b9cb6abd86b0af442b58106bea0f3ebe) Importer(815301076,1909f56bfc062723c751e8b465ee728b)  -> (artifact id: 'dd5492c329be142a90af11f2e7983452') in 0.023974 seconds 
  Import took 0.065086 seconds .

========================================================================
Received Import Request.
  Time since last request: 0.000378 seconds.
  path: Assets/DungeonTraps/Trap/AxeRing.FBX
  artifactKey: Guid(67dc04eafc9ff5047a172f6abe1deb8b) Importer(815301076,1909f56bfc062723c751e8b465ee728b)
Start importing Assets/DungeonTraps/Trap/AxeRing.FBX using Guid(67dc04eafc9ff5047a172f6abe1deb8b) Importer(815301076,1909f56bfc062723c751e8b465ee728b)  -> (artifact id: 'c1c2719a8f552789828c93084475f27c') in 0.041643 seconds 
  Import took 0.063150 seconds .

========================================================================
Received Import Request.
  Time since last request: 0.000296 seconds.
  path: Assets/DungeonTraps/Trap/SawBlade.FBX
  artifactKey: Guid(e3a25d4ccafb5c740aa3c70982a173e2) Importer(815301076,1909f56bfc062723c751e8b465ee728b)
Start importing Assets/DungeonTraps/Trap/SawBlade.FBX using Guid(e3a25d4ccafb5c740aa3c70982a173e2) Importer(815301076,1909f56bfc062723c751e8b465ee728b)  -> (artifact id: '5ffc8157979f70fc23b3cf471a991c75') in 0.022295 seconds 
  Import took 0.026013 seconds .

========================================================================
Received Import Request.
  Time since last request: 1.122715 seconds.
  path: Assets/DungeonTraps/Trap/SawBladeFrameBar.FBX
  artifactKey: Guid(45cdd7be55c783844add8ed6d9828f62) Importer(815301076,1909f56bfc062723c751e8b465ee728b)
Start importing Assets/DungeonTraps/Trap/SawBladeFrameBar.FBX using Guid(45cdd7be55c783844add8ed6d9828f62) Importer(815301076,1909f56bfc062723c751e8b465ee728b)  -> (artifact id: 'acd1e89325a8026e30d67f1bb230f247') in 0.021572 seconds 
  Import took 0.027641 seconds .

========================================================================
Received Import Request.
  Time since last request: 0.000393 seconds.
  path: Assets/DungeonTraps/Trap/SawBladeFrameCap.FBX
  artifactKey: Guid(08b067646baffe04ea136d5357680c44) Importer(815301076,1909f56bfc062723c751e8b465ee728b)
Start importing Assets/DungeonTraps/Trap/SawBladeFrameCap.FBX using Guid(08b067646baffe04ea136d5357680c44) Importer(815301076,1909f56bfc062723c751e8b465ee728b)  -> (artifact id: '6c293a6aa9c6da39bb606ea8dea9ac11') in 0.028571 seconds 
  Import took 0.034075 seconds .

========================================================================
Received Import Request.
  Time since last request: 12.481753 seconds.
  path: Assets/DungeonTraps/Trap/Shuriken01.FBX
  artifactKey: Guid(778d36db5b078174c93a9b156467e4f5) Importer(815301076,1909f56bfc062723c751e8b465ee728b)
Start importing Assets/DungeonTraps/Trap/Shuriken01.FBX using Guid(778d36db5b078174c93a9b156467e4f5) Importer(815301076,1909f56bfc062723c751e8b465ee728b)  -> (artifact id: '9b50aba615d79ca28feed0c8097d10db') in 0.019030 seconds 
  Import took 0.023257 seconds .

========================================================================
Received Import Request.
  Time since last request: 0.000370 seconds.
  path: Assets/DungeonTraps/Trap/Shuriken02.FBX
  artifactKey: Guid(e381f218b6fc4b640bf8b7bdea5002c7) Importer(815301076,1909f56bfc062723c751e8b465ee728b)
Start importing Assets/DungeonTraps/Trap/Shuriken02.FBX using Guid(e381f218b6fc4b640bf8b7bdea5002c7) Importer(815301076,1909f56bfc062723c751e8b465ee728b)  -> (artifact id: '15b8aa3a83da8fb35f307e413c2fdd6b') in 0.022493 seconds 
  Import took 0.026051 seconds .

========================================================================
Received Import Request.
  Time since last request: 0.092885 seconds.
  path: Assets/DungeonTraps/Trap/Spear.FBX
  artifactKey: Guid(edebf8234a6037b40abab643812d316a) Importer(815301076,1909f56bfc062723c751e8b465ee728b)
Start importing Assets/DungeonTraps/Trap/Spear.FBX using Guid(edebf8234a6037b40abab643812d316a) Importer(815301076,1909f56bfc062723c751e8b465ee728b)  -> (artifact id: 'fc40714bead0f9271b7f78b497bc7c23') in 0.018763 seconds 
  Import took 0.023329 seconds .

========================================================================
Received Import Request.
  Time since last request: 0.000318 seconds.
  path: Assets/DungeonTraps/Trap/SpearLauncher.FBX
  artifactKey: Guid(6d1acf5ed9a24034892904fdd6c59359) Importer(815301076,1909f56bfc062723c751e8b465ee728b)
Start importing Assets/DungeonTraps/Trap/SpearLauncher.FBX using Guid(6d1acf5ed9a24034892904fdd6c59359) Importer(815301076,1909f56bfc062723c751e8b465ee728b)  -> (artifact id: 'd366431f0459a416d057d0d78e729e45') in 0.022169 seconds 
  Import took 0.061932 seconds .

========================================================================
Received Import Request.
  Time since last request: 0.345165 seconds.
  path: Assets/DungeonTraps/Trap/Spoon.FBX
  artifactKey: Guid(2652aade18e3fa2459b9f3cc633dc85a) Importer(815301076,1909f56bfc062723c751e8b465ee728b)
Start importing Assets/DungeonTraps/Trap/Spoon.FBX using Guid(2652aade18e3fa2459b9f3cc633dc85a) Importer(815301076,1909f56bfc062723c751e8b465ee728b)  -> (artifact id: '125a09bb99a8560d0826575ac3bb3853') in 0.022398 seconds 
  Import took 0.077918 seconds .

========================================================================
Received Import Request.
  Time since last request: 0.000452 seconds.
  path: Assets/DungeonTraps/Trap/Stone.FBX
  artifactKey: Guid(476893ca37405624c835218deedc81e9) Importer(815301076,1909f56bfc062723c751e8b465ee728b)
Start importing Assets/DungeonTraps/Trap/Stone.FBX using Guid(476893ca37405624c835218deedc81e9) Importer(815301076,1909f56bfc062723c751e8b465ee728b)  -> (artifact id: '4708bebe5164de911e7daece4b3b5ed8') in 0.037904 seconds 
  Import took 0.045298 seconds .

========================================================================
Received Import Request.
  Time since last request: 0.431803 seconds.
  path: Assets/DungeonTraps/Trap/Trap_Cutter.FBX
  artifactKey: Guid(9bf07121db191094aa8381ef67016a19) Importer(815301076,1909f56bfc062723c751e8b465ee728b)
Start importing Assets/DungeonTraps/Trap/Trap_Cutter.FBX using Guid(9bf07121db191094aa8381ef67016a19) Importer(815301076,1909f56bfc062723c751e8b465ee728b)  -> (artifact id: '8c418f55db51c619295d382ea72cace4') in 0.031807 seconds 
  Import took 0.036303 seconds .

========================================================================
Received Import Request.
  Time since last request: 0.000352 seconds.
  path: Assets/DungeonTraps/Trap/Trap_Fire.FBX
  artifactKey: Guid(8e5464c3bc40f874a932550f5cc4fd9e) Importer(815301076,1909f56bfc062723c751e8b465ee728b)
Start importing Assets/DungeonTraps/Trap/Trap_Fire.FBX using Guid(8e5464c3bc40f874a932550f5cc4fd9e) Importer(815301076,1909f56bfc062723c751e8b465ee728b)  -> (artifact id: 'cd3ec5bb8264583f513062af5b9cd382') in 0.022485 seconds 
  Import took 0.026510 seconds .

========================================================================
Received Import Request.
  Time since last request: 0.576858 seconds.
  path: Assets/DungeonTraps/Trap/Trap_Needle.FBX
  artifactKey: Guid(a07105af0bc77a942ac71b139b8f4c4b) Importer(815301076,1909f56bfc062723c751e8b465ee728b)
Start importing Assets/DungeonTraps/Trap/Trap_Needle.FBX using Guid(a07105af0bc77a942ac71b139b8f4c4b) Importer(815301076,1909f56bfc062723c751e8b465ee728b)  -> (artifact id: '70f38e43ed8a99dae874b7b40282cdb8') in 0.032332 seconds 
  Import took 0.035942 seconds .

========================================================================
Received Import Request.
  Time since last request: 11.967581 seconds.
  path: Assets/DungeonTraps/Effect/Eff_Fire.prefab
  artifactKey: Guid(67a85eac228b18b499329fd87f2a52c0) Importer(815301076,1909f56bfc062723c751e8b465ee728b)
Start importing Assets/DungeonTraps/Effect/Eff_Fire.prefab using Guid(67a85eac228b18b499329fd87f2a52c0) Importer(815301076,1909f56bfc062723c751e8b465ee728b)  -> (artifact id: 'bb1f23a5d918fc79de9122b3dcf7aed6') in 0.056301 seconds 
  Import took 0.103368 seconds .

========================================================================
Received Import Request.
  Time since last request: 1.294936 seconds.
  path: Assets/DungeonTraps/Effect/Materials
  artifactKey: Guid(d19d6f1014f525d47a6f642b743061f8) Importer(815301076,1909f56bfc062723c751e8b465ee728b)
Start importing Assets/DungeonTraps/Effect/Materials using Guid(d19d6f1014f525d47a6f642b743061f8) Importer(815301076,1909f56bfc062723c751e8b465ee728b)  -> (artifact id: 'eb6327034aac3542303de4928325f239') in 0.008661 seconds 
  Import took 0.014420 seconds .

========================================================================
Received Import Request.
  Time since last request: 0.038491 seconds.
  path: Assets/DungeonTraps/Effect/Materials/Tex_Eff_Fire.mat
  artifactKey: Guid(c6ba4799841e15244b9402d73b74ba24) Importer(815301076,1909f56bfc062723c751e8b465ee728b)
Start importing Assets/DungeonTraps/Effect/Materials/Tex_Eff_Fire.mat using Guid(c6ba4799841e15244b9402d73b74ba24) Importer(815301076,1909f56bfc062723c751e8b465ee728b)  -> (artifact id: 'e85e98623bc926d5baaec9acae190349') in 0.016111 seconds 
  Import took 0.020307 seconds .

========================================================================
Received Import Request.
  Time since last request: 0.000347 seconds.
  path: Assets/DungeonTraps/Effect/Materials/Tex_Eff_Smoke.mat
  artifactKey: Guid(3479abe40889881469c8d3349ec00325) Importer(815301076,1909f56bfc062723c751e8b465ee728b)
Start importing Assets/DungeonTraps/Effect/Materials/Tex_Eff_Smoke.mat using Guid(3479abe40889881469c8d3349ec00325) Importer(815301076,1909f56bfc062723c751e8b465ee728b)  -> (artifact id: 'b698e890e5c3dbad9a6ff17de19f5308') in 0.015403 seconds 
  Import took 0.020198 seconds .

========================================================================
Received Import Request.
  Time since last request: 0.000442 seconds.
  path: Assets/DungeonTraps/Effect/Materials/Tex_Eff_Fire.png
  artifactKey: Guid(da201e6170935eb40a75cac755ebccf1) Importer(815301076,1909f56bfc062723c751e8b465ee728b)
Start importing Assets/DungeonTraps/Effect/Materials/Tex_Eff_Fire.png using Guid(da201e6170935eb40a75cac755ebccf1) Importer(815301076,1909f56bfc062723c751e8b465ee728b)  -> (artifact id: '583e9c0e5bdcb9305c7a99fd99f23695') in 0.012541 seconds 
  Import took 0.091809 seconds .

========================================================================
Received Import Request.
  Time since last request: 0.000336 seconds.
  path: Assets/DungeonTraps/Effect/Materials/Tex_Eff_Smoke.png
  artifactKey: Guid(ed492c26bc6e45f42aacc0fee50f73bc) Importer(815301076,1909f56bfc062723c751e8b465ee728b)
Start importing Assets/DungeonTraps/Effect/Materials/Tex_Eff_Smoke.png using Guid(ed492c26bc6e45f42aacc0fee50f73bc) Importer(815301076,1909f56bfc062723c751e8b465ee728b)  -> (artifact id: '4dba37302e30e82c55ec980d2ff8a9b4') in 0.012020 seconds 
  Import took 0.017301 seconds .

========================================================================
Received Import Request.
  Time since last request: 3.386924 seconds.
  path: Assets/DungeonTraps/Trap/Prefab
  artifactKey: Guid(c4cd89c8385149c4d9a656f116d53a37) Importer(815301076,1909f56bfc062723c751e8b465ee728b)
Start importing Assets/DungeonTraps/Trap/Prefab using Guid(c4cd89c8385149c4d9a656f116d53a37) Importer(815301076,1909f56bfc062723c751e8b465ee728b)  -> (artifact id: '142b1f795d4eae383ceb5f57cc2d7f35') in 0.009036 seconds 
  Import took 0.013375 seconds .

========================================================================
Received Import Request.
  Time since last request: 1.153399 seconds.
  path: Assets/DungeonTraps/Trap/Prefab/Pf_AxeTrap.prefab
  artifactKey: Guid(2a6a1016b6a7de34889e991f0126ce38) Importer(815301076,1909f56bfc062723c751e8b465ee728b)
Start importing Assets/DungeonTraps/Trap/Prefab/Pf_AxeTrap.prefab using Guid(2a6a1016b6a7de34889e991f0126ce38) Importer(815301076,1909f56bfc062723c751e8b465ee728b)  -> (artifact id: '7f26008c6669c66689fdeea92669dc93') in 0.017852 seconds 
  Import took 0.022627 seconds .

========================================================================
Received Import Request.
  Time since last request: 0.000390 seconds.
  path: Assets/DungeonTraps/Trap/Prefab/Pf_SawTrap01.prefab
  artifactKey: Guid(a5939b4c5392ebf4cad04ece1aa33190) Importer(815301076,1909f56bfc062723c751e8b465ee728b)
Start importing Assets/DungeonTraps/Trap/Prefab/Pf_SawTrap01.prefab using Guid(a5939b4c5392ebf4cad04ece1aa33190) Importer(815301076,1909f56bfc062723c751e8b465ee728b)  -> (artifact id: '261ccd1eeb6801c95f2a970a52c34853') in 0.021518 seconds 
  Import took 0.026423 seconds .

========================================================================
Received Import Request.
  Time since last request: 0.000438 seconds.
  path: Assets/DungeonTraps/Trap/Prefab/Pf_Stone.prefab
  artifactKey: Guid(7215ecca71a9d854d8e685613e73af92) Importer(815301076,1909f56bfc062723c751e8b465ee728b)
Start importing Assets/DungeonTraps/Trap/Prefab/Pf_Stone.prefab using Guid(7215ecca71a9d854d8e685613e73af92) Importer(815301076,1909f56bfc062723c751e8b465ee728b)  -> (artifact id: '18823d426862a08887ace004bd39880b') in 0.018346 seconds 
  Import took 0.036459 seconds .

========================================================================
Received Import Request.
  Time since last request: 0.000350 seconds.
  path: Assets/DungeonTraps/Trap/Prefab/Pf_BladeTrap.prefab
  artifactKey: Guid(d5d36540320e5c04487d3779141d6971) Importer(815301076,1909f56bfc062723c751e8b465ee728b)
Start importing Assets/DungeonTraps/Trap/Prefab/Pf_BladeTrap.prefab using Guid(d5d36540320e5c04487d3779141d6971) Importer(815301076,1909f56bfc062723c751e8b465ee728b)  -> (artifact id: 'da8be183a63d8b6ec4bcedc07fbc9a7f') in 0.018053 seconds 
  Import took 0.023311 seconds .

========================================================================
Received Import Request.
  Time since last request: 0.000433 seconds.
  path: Assets/DungeonTraps/Trap/Prefab/Pf_Shuriken01.prefab
  artifactKey: Guid(eb8dff7252c175247a45389403b9ddf4) Importer(815301076,1909f56bfc062723c751e8b465ee728b)
Start importing Assets/DungeonTraps/Trap/Prefab/Pf_Shuriken01.prefab using Guid(eb8dff7252c175247a45389403b9ddf4) Importer(815301076,1909f56bfc062723c751e8b465ee728b)  -> (artifact id: '07dae104dec6d9dfc6113cabc288c43c') in 0.019398 seconds 
  Import took 0.040161 seconds .

========================================================================
Received Import Request.
  Time since last request: 0.000501 seconds.
  path: Assets/DungeonTraps/Trap/Prefab/Pf_SpearTrap.prefab
  artifactKey: Guid(427e851e8ea40af4a9c14a042a3f35ef) Importer(815301076,1909f56bfc062723c751e8b465ee728b)
Start importing Assets/DungeonTraps/Trap/Prefab/Pf_SpearTrap.prefab using Guid(427e851e8ea40af4a9c14a042a3f35ef) Importer(815301076,1909f56bfc062723c751e8b465ee728b)  -> (artifact id: 'd917ec7550f3a28a0f2e5ff8cc930dc4') in 0.017527 seconds 
  Import took 0.022244 seconds .

========================================================================
Received Import Request.
  Time since last request: 0.000364 seconds.
  path: Assets/DungeonTraps/Trap/Prefab/Pf_GreatAxeTrap.prefab
  artifactKey: Guid(3d0ba9093894f82429688ddeb31a11f1) Importer(815301076,1909f56bfc062723c751e8b465ee728b)
Start importing Assets/DungeonTraps/Trap/Prefab/Pf_GreatAxeTrap.prefab using Guid(3d0ba9093894f82429688ddeb31a11f1) Importer(815301076,1909f56bfc062723c751e8b465ee728b)  -> (artifact id: 'e43c09837163724c9d8569eeda74ed16') in 0.020431 seconds 
  Import took 0.025955 seconds .

========================================================================
Received Import Request.
  Time since last request: 0.000526 seconds.
  path: Assets/DungeonTraps/Trap/Prefab/Pf_Shuriken02.prefab
  artifactKey: Guid(4aa96aab3ae68a9419ef081a62b461d1) Importer(815301076,1909f56bfc062723c751e8b465ee728b)
Start importing Assets/DungeonTraps/Trap/Prefab/Pf_Shuriken02.prefab using Guid(4aa96aab3ae68a9419ef081a62b461d1) Importer(815301076,1909f56bfc062723c751e8b465ee728b)  -> (artifact id: '5c0418b781664a8061b7a3824429f3ce') in 0.017211 seconds 
  Import took 0.024629 seconds .

========================================================================
Received Import Request.
  Time since last request: 0.000681 seconds.
  path: Assets/DungeonTraps/Trap/Prefab/Pf_HammerTrap.prefab
  artifactKey: Guid(f72a59c09a71ed64381535a24991d8b6) Importer(815301076,1909f56bfc062723c751e8b465ee728b)
Start importing Assets/DungeonTraps/Trap/Prefab/Pf_HammerTrap.prefab using Guid(f72a59c09a71ed64381535a24991d8b6) Importer(815301076,1909f56bfc062723c751e8b465ee728b)  -> (artifact id: 'e71e23d32f38541b9e39a098fae3e528') in 0.022485 seconds 
  Import took 0.042653 seconds .

========================================================================
Received Import Request.
  Time since last request: 0.000291 seconds.
  path: Assets/DungeonTraps/Trap/Prefab/Pf_SawTrap02.prefab
  artifactKey: Guid(04c11f75ea6385a4eb9f4f260aba0402) Importer(815301076,1909f56bfc062723c751e8b465ee728b)
Start importing Assets/DungeonTraps/Trap/Prefab/Pf_SawTrap02.prefab using Guid(04c11f75ea6385a4eb9f4f260aba0402) Importer(815301076,1909f56bfc062723c751e8b465ee728b)  -> (artifact id: '93dae3f1c475f3c560e20928a33b30c4') in 0.022215 seconds 
  Import took 0.026280 seconds .

========================================================================
Received Import Request.
  Time since last request: 0.000365 seconds.
  path: Assets/DungeonTraps/Trap/Prefab/Pf_SpoonTrap.prefab
  artifactKey: Guid(4fa16beb95824b543a4243439d735bf8) Importer(815301076,1909f56bfc062723c751e8b465ee728b)
Start importing Assets/DungeonTraps/Trap/Prefab/Pf_SpoonTrap.prefab using Guid(4fa16beb95824b543a4243439d735bf8) Importer(815301076,1909f56bfc062723c751e8b465ee728b)  -> (artifact id: 'c6a92be00353481b742b7ad2d4b3d896') in 0.019552 seconds 
  Import took 0.025078 seconds .

========================================================================
Received Import Request.
  Time since last request: 4.293805 seconds.
  path: Assets/DungeonTraps/Trap/Prefab/Pf_Trap_Cutter.prefab
  artifactKey: Guid(28ad6bc8a17e7284d884987726cf5100) Importer(815301076,1909f56bfc062723c751e8b465ee728b)
Start importing Assets/DungeonTraps/Trap/Prefab/Pf_Trap_Cutter.prefab using Guid(28ad6bc8a17e7284d884987726cf5100) Importer(815301076,1909f56bfc062723c751e8b465ee728b)  -> (artifact id: '117ceb2c66f87e4933301f3933a2bbac') in 0.014356 seconds 
  Import took 0.018259 seconds .

========================================================================
Received Import Request.
  Time since last request: 0.000364 seconds.
  path: Assets/DungeonTraps/Trap/Prefab/Pf_Trap_Fire.prefab
  artifactKey: Guid(c8dc2031dea625e46a42a7c1688cf26d) Importer(815301076,1909f56bfc062723c751e8b465ee728b)
Start importing Assets/DungeonTraps/Trap/Prefab/Pf_Trap_Fire.prefab using Guid(c8dc2031dea625e46a42a7c1688cf26d) Importer(815301076,1909f56bfc062723c751e8b465ee728b)  -> (artifact id: 'a97a8bdd3bec9999b4f269164b2b643c') in 0.022814 seconds 
  Import took 0.027764 seconds .

========================================================================
Received Import Request.
  Time since last request: 1.200969 seconds.
  path: Assets/DungeonTraps/Trap/Prefab/Pf_Trap_Needle.prefab
  artifactKey: Guid(afd19ab1d4bb70b499bb2f62171a522d) Importer(815301076,1909f56bfc062723c751e8b465ee728b)
Start importing Assets/DungeonTraps/Trap/Prefab/Pf_Trap_Needle.prefab using Guid(afd19ab1d4bb70b499bb2f62171a522d) Importer(815301076,1909f56bfc062723c751e8b465ee728b)  -> (artifact id: 'eba718c03ea119d537635f65b14c0564') in 0.014188 seconds 
  Import took 0.018371 seconds .

AssetImportWorkerClient::OnTransportError - code=2 error=End of file
