Using pre-set license
Built from '2020.3/staging' branch; Version is '2020.3.25f1 (9b9180224418) revision 10195328'; Using compiler version '192528614'; Build Type 'Release'
OS: 'Windows 10  (10.0.19044) 64bit Core' Language: 'zh' Physical Memory: 24461 MB
BatchMode: 1, IsHumanControllingUs: 0, StartBugReporterOnCrash: 0, Is64bit: 1, IsPro: 0

COMMAND LINE ARGUMENTS:
D:\UNITY\Hub\Editor\2020.3.25f1\Editor\Unity.exe
-adb2
-batchMode
-noUpm
-name
AssetImportWorker0
-projectPath
D:/UNITY/GitHub/OtherSide/OtherSide
-logFile
Logs/AssetImportWorker0.log
-srvPort
50419
Successfully changed project path to: D:/UNITY/GitHub/OtherSide/OtherSide
D:/UNITY/GitHub/OtherSide/OtherSide
Using Asset Import Pipeline V2.
Refreshing native plugins compatible for Editor in 47.87 ms, found 2 plugins.
Preloading 0 native plugins for Editor in 0.00 ms.
Initialize engine version: 2020.3.25f1 (9b9180224418)
[Subsystems] Discovering subsystems at path D:/UNITY/Hub/Editor/2020.3.25f1/Editor/Data/Resources/UnitySubsystems
[Subsystems] Discovering subsystems at path D:/UNITY/GitHub/OtherSide/OtherSide/Assets
GfxDevice: creating device client; threaded=0
Direct3D:
    Version:  Direct3D 11.0 [level 11.1]
    Renderer: NVIDIA GeForce GTX 1070 (ID=0x1ba1)
    Vendor:   
    VRAM:     8082 MB
    Driver:   30.0.14.9729
Initialize mono
Mono path[0] = 'D:/UNITY/Hub/Editor/2020.3.25f1/Editor/Data/Managed'
Mono path[1] = 'D:/UNITY/Hub/Editor/2020.3.25f1/Editor/Data/MonoBleedingEdge/lib/mono/unityjit'
Mono config path = 'D:/UNITY/Hub/Editor/2020.3.25f1/Editor/Data/MonoBleedingEdge/etc'
Using monoOptions --debugger-agent=transport=dt_socket,embedding=1,server=y,suspend=n,address=127.0.0.1:56128
Begin MonoManager ReloadAssembly
Registering precompiled unity dll's ...
Register platform support module: D:/UNITY/Hub/Editor/2020.3.25f1/Editor/Data/PlaybackEngines/WebGLSupport/UnityEditor.WebGL.Extensions.dll
Register platform support module: D:/UNITY/Hub/Editor/2020.3.25f1/Editor/Data/PlaybackEngines/WindowsStandaloneSupport/UnityEditor.WindowsStandalone.Extensions.dll
Registered in 0.001806 seconds.
Native extension for WindowsStandalone target not found
Native extension for WebGL target not found
Refreshing native plugins compatible for Editor in 56.67 ms, found 2 plugins.
Preloading 0 native plugins for Editor in 0.00 ms.
Mono: successfully reloaded assembly
- Completed reload, in  0.902 seconds
Domain Reload Profiling:
	ReloadAssembly (903ms)
		BeginReloadAssembly (71ms)
			ExecutionOrderSort (0ms)
			DisableScriptedObjects (0ms)
			BackupInstance (0ms)
			ReleaseScriptingObjects (0ms)
			CreateAndSetChildDomain (1ms)
		EndReloadAssembly (726ms)
			LoadAssemblies (70ms)
			RebuildTransferFunctionScriptingTraits (0ms)
			SetupTypeCache (309ms)
			ReleaseScriptCaches (0ms)
			RebuildScriptCaches (50ms)
			SetupLoadedEditorAssemblies (231ms)
				LogAssemblyErrors (0ms)
				InitializePlatformSupportModulesInManaged (7ms)
				SetLoadedEditorAssemblies (0ms)
				RefreshPlugins (57ms)
				BeforeProcessingInitializeOnLoad (12ms)
				ProcessInitializeOnLoadAttributes (115ms)
				ProcessInitializeOnLoadMethodAttributes (39ms)
				AfterProcessingInitializeOnLoad (0ms)
				EditorAssembliesLoaded (0ms)
			ExecutionOrderSort2 (0ms)
			AwakeInstancesAfterBackupRestoration (0ms)
Platform modules already initialized, skipping
Registering precompiled user dll's ...
Registered in 0.004328 seconds.
Begin MonoManager ReloadAssembly
Native extension for WindowsStandalone target not found
Native extension for WebGL target not found
Refreshing native plugins compatible for Editor in 0.67 ms, found 2 plugins.
Preloading 0 native plugins for Editor in 0.00 ms.
Mono: successfully reloaded assembly
- Completed reload, in  1.542 seconds
Domain Reload Profiling:
	ReloadAssembly (1543ms)
		BeginReloadAssembly (247ms)
			ExecutionOrderSort (0ms)
			DisableScriptedObjects (7ms)
			BackupInstance (0ms)
			ReleaseScriptingObjects (0ms)
			CreateAndSetChildDomain (31ms)
		EndReloadAssembly (1197ms)
			LoadAssemblies (117ms)
			RebuildTransferFunctionScriptingTraits (0ms)
			SetupTypeCache (466ms)
			ReleaseScriptCaches (1ms)
			RebuildScriptCaches (70ms)
			SetupLoadedEditorAssemblies (399ms)
				LogAssemblyErrors (0ms)
				InitializePlatformSupportModulesInManaged (7ms)
				SetLoadedEditorAssemblies (1ms)
				RefreshPlugins (1ms)
				BeforeProcessingInitializeOnLoad (74ms)
				ProcessInitializeOnLoadAttributes (300ms)
				ProcessInitializeOnLoadMethodAttributes (13ms)
				AfterProcessingInitializeOnLoad (3ms)
				EditorAssembliesLoaded (0ms)
			ExecutionOrderSort2 (0ms)
			AwakeInstancesAfterBackupRestoration (9ms)
Platform modules already initialized, skipping
========================================================================
Worker process is ready to serve import requests
Launched and connected shader compiler UnityShaderCompiler.exe after 0.21 seconds
Refreshing native plugins compatible for Editor in 0.76 ms, found 2 plugins.
Preloading 0 native plugins for Editor in 0.00 ms.
Unloading 1673 Unused Serialized files (Serialized files now loaded: 0)
System memory in use before: 96.4 MB.
System memory in use after: 96.1 MB.

Unloading 21 unused Assets to reduce memory usage. Loaded Objects now: 2120.
Total: 3.624700 ms (FindLiveObjects: 0.228100 ms CreateObjectMapping: 0.090000 ms MarkObjects: 2.937500 ms  DeleteObjects: 0.367600 ms)

AssetImportParameters requested are different than current active one (requested -> active):
  custom:framework-win-MediaFoundation: 216162199b28c13a410421893ffa2e32 -> 
  custom:video-decoder-ogg-theora: a1e56fd34408186e4bbccfd4996cb3dc -> 
  custom:container-muxer-webm: aa71ff27fc2769a1b78a27578f13a17b -> 
  custom:container-demuxer-webm: 4f35f7cbe854078d1ac9338744f61a02 -> 
  custom:container-demuxer-ogg: 62fdf1f143b41e24485cea50d1cbac27 -> 
  custom:video-encoder-webm-vp8: eb34c28f22e8b96e1ab97ce403110664 -> 
  custom:video-decoder-webm-vp8: 9c59270c3fd7afecdb556c50c9e8de78 -> 
  custom:audio-decoder-ogg-vorbis: bf7c407c2cedff20999df2af8eb42d56 -> 
  custom:audio-encoder-webm-vorbis: bf7c407c2cedff20999df2af8eb42d56 -> 
========================================================================
Received Import Request.
  path: Assets/Horror Hospital Pack/Models
  artifactKey: Guid(1d5b445e1a829244d8f847e0690f9425) Importer(815301076,1909f56bfc062723c751e8b465ee728b)
Start importing Assets/Horror Hospital Pack/Models using Guid(1d5b445e1a829244d8f847e0690f9425) Importer(815301076,1909f56bfc062723c751e8b465ee728b)  -> (artifact id: 'fa152379e83607d53a79f315a4d4f28f') in 0.032996 seconds 
  Import took 0.066197 seconds .

========================================================================
Received Import Request.
  Time since last request: 485.895107 seconds.
  path: Assets/PBR Texture Pack Vol 1/Textures/Mud
  artifactKey: Guid(5499e86a39e16294cad4fdb6d11caae4) Importer(815301076,1909f56bfc062723c751e8b465ee728b)
Start importing Assets/PBR Texture Pack Vol 1/Textures/Mud using Guid(5499e86a39e16294cad4fdb6d11caae4) Importer(815301076,1909f56bfc062723c751e8b465ee728b)  -> (artifact id: 'ffb808cf42aa1f8892e7d262caf6a864') in 0.014279 seconds 
  Import took 0.047915 seconds .

========================================================================
Received Import Request.
  Time since last request: 0.097526 seconds.
  path: Assets/PBR Texture Pack Vol 1/Textures/Mud/Mud_ambientOcclusion.png
  artifactKey: Guid(34763ab3e7d0c984caa83725766d9446) Importer(815301076,1909f56bfc062723c751e8b465ee728b)
Start importing Assets/PBR Texture Pack Vol 1/Textures/Mud/Mud_ambientOcclusion.png using Guid(34763ab3e7d0c984caa83725766d9446) Importer(815301076,1909f56bfc062723c751e8b465ee728b)  -> (artifact id: '86d4f2823b9946e525d44ad2bc3ad3e8') in 0.198563 seconds 
  Import took 0.203126 seconds .

========================================================================
Received Import Request.
  Time since last request: 0.000346 seconds.
  path: Assets/PBR Texture Pack Vol 1/Textures/Mud/Mud_metallic.png
  artifactKey: Guid(22df0c90f3bca4441bd2c0aa4a3da41f) Importer(815301076,1909f56bfc062723c751e8b465ee728b)
Start importing Assets/PBR Texture Pack Vol 1/Textures/Mud/Mud_metallic.png using Guid(22df0c90f3bca4441bd2c0aa4a3da41f) Importer(815301076,1909f56bfc062723c751e8b465ee728b)  -> (artifact id: '9b38f43eee4bcca50214566258a65998') in 0.104172 seconds 
  Import took 0.125294 seconds .

========================================================================
Received Import Request.
  Time since last request: 0.000407 seconds.
  path: Assets/PBR Texture Pack Vol 1/Textures/Mud/Mud_roughness.png
  artifactKey: Guid(e591c0ce5184b4443944bbad7aa48a98) Importer(815301076,1909f56bfc062723c751e8b465ee728b)
Start importing Assets/PBR Texture Pack Vol 1/Textures/Mud/Mud_roughness.png using Guid(e591c0ce5184b4443944bbad7aa48a98) Importer(815301076,1909f56bfc062723c751e8b465ee728b)  -> (artifact id: '5e38831af6ef08370cdc0de584289258') in 0.166573 seconds 
  Import took 0.194006 seconds .

========================================================================
Received Import Request.
  Time since last request: 0.000273 seconds.
  path: Assets/PBR Texture Pack Vol 1/Textures/Mud/Mud_height.png
  artifactKey: Guid(54221b00e12d8c8499b85852f9a048c1) Importer(815301076,1909f56bfc062723c751e8b465ee728b)
Start importing Assets/PBR Texture Pack Vol 1/Textures/Mud/Mud_height.png using Guid(54221b00e12d8c8499b85852f9a048c1) Importer(815301076,1909f56bfc062723c751e8b465ee728b)  -> (artifact id: '35c6458525fb6cf5a6b0bae050168f14') in 0.120573 seconds 
  Import took 0.148673 seconds .

========================================================================
Received Import Request.
  Time since last request: 0.000443 seconds.
  path: Assets/PBR Texture Pack Vol 1/Textures/Mud/Mud_opacity.png
  artifactKey: Guid(9e3a67a0d5808114598dec265a19cf31) Importer(815301076,1909f56bfc062723c751e8b465ee728b)
Start importing Assets/PBR Texture Pack Vol 1/Textures/Mud/Mud_opacity.png using Guid(9e3a67a0d5808114598dec265a19cf31) Importer(815301076,1909f56bfc062723c751e8b465ee728b)  -> (artifact id: '2cbe19aae340afd3dd21d16aa4e40832') in 0.104470 seconds 
  Import took 0.118817 seconds .

========================================================================
Received Import Request.
  Time since last request: 0.000298 seconds.
  path: Assets/PBR Texture Pack Vol 1/Textures/Mud/Mud_baseColor.png
  artifactKey: Guid(60313a5c597180846aa0722c63c64101) Importer(815301076,1909f56bfc062723c751e8b465ee728b)
Start importing Assets/PBR Texture Pack Vol 1/Textures/Mud/Mud_baseColor.png using Guid(60313a5c597180846aa0722c63c64101) Importer(815301076,1909f56bfc062723c751e8b465ee728b)  -> (artifact id: '08a2d79b4f2f8b6a0842d58b998e18a6') in 0.129183 seconds 
  Import took 0.144555 seconds .

========================================================================
Received Import Request.
  Time since last request: 0.000235 seconds.
  path: Assets/PBR Texture Pack Vol 1/Textures/Mud/Mud_normal.png
  artifactKey: Guid(60282b41b8d2fad45a544f823df3ac86) Importer(815301076,1909f56bfc062723c751e8b465ee728b)
Start importing Assets/PBR Texture Pack Vol 1/Textures/Mud/Mud_normal.png using Guid(60282b41b8d2fad45a544f823df3ac86) Importer(815301076,1909f56bfc062723c751e8b465ee728b)  -> (artifact id: '145859c663281fc6a955248a3a4befd5') in 0.167409 seconds 
  Import took 0.189933 seconds .

========================================================================
Received Import Request.
  Time since last request: 0.000274 seconds.
  path: Assets/PBR Texture Pack Vol 1/Textures/Mud/Mud_specularLevel.png
  artifactKey: Guid(8155085fd6c0f1d49ad446984be84cc8) Importer(815301076,1909f56bfc062723c751e8b465ee728b)
Start importing Assets/PBR Texture Pack Vol 1/Textures/Mud/Mud_specularLevel.png using Guid(8155085fd6c0f1d49ad446984be84cc8) Importer(815301076,1909f56bfc062723c751e8b465ee728b)  -> (artifact id: 'cf7ceacfb4881d547613dceec039dbfa') in 0.106277 seconds 
  Import took 0.110194 seconds .

========================================================================
Received Import Request.
  Time since last request: 7.600753 seconds.
  path: Assets/Standard Assets/Characters
  artifactKey: Guid(8c32f58513a41ef4dab9cb7704c5fb92) Importer(815301076,1909f56bfc062723c751e8b465ee728b)
Start importing Assets/Standard Assets/Characters using Guid(8c32f58513a41ef4dab9cb7704c5fb92) Importer(815301076,1909f56bfc062723c751e8b465ee728b)  -> (artifact id: 'b5650032b0934e15e70c8529e6984721') in 0.008030 seconds 
  Import took 0.076050 seconds .

========================================================================
Received Import Request.
  Time since last request: 0.955295 seconds.
  path: Assets/Standard Assets/Characters/FirstPersonCharacter
  artifactKey: Guid(943e057eaae705e43b9e9b2e53d6adb0) Importer(815301076,1909f56bfc062723c751e8b465ee728b)
Start importing Assets/Standard Assets/Characters/FirstPersonCharacter using Guid(943e057eaae705e43b9e9b2e53d6adb0) Importer(815301076,1909f56bfc062723c751e8b465ee728b)  -> (artifact id: 'e76d2a5c6af3c4e2140c7adf1ce08441') in 0.007789 seconds 
  Import took 0.045709 seconds .

========================================================================
Received Import Request.
  Time since last request: 2.207871 seconds.
  path: Assets/Standard Assets/Characters/FirstPersonCharacter/Prefabs
  artifactKey: Guid(0bfb2599080d5d24e84362b4ae314ae7) Importer(815301076,1909f56bfc062723c751e8b465ee728b)
Start importing Assets/Standard Assets/Characters/FirstPersonCharacter/Prefabs using Guid(0bfb2599080d5d24e84362b4ae314ae7) Importer(815301076,1909f56bfc062723c751e8b465ee728b)  -> (artifact id: '890b26028a930418c5e8a64a28d83b8f') in 0.036520 seconds 
  Import took 0.058940 seconds .

========================================================================
Received Import Request.
  Time since last request: 0.085428 seconds.
  path: Assets/Standard Assets/Characters/FirstPersonCharacter/Prefabs/FPSController.prefab
  artifactKey: Guid(5e9e851c0e142814dac026a256ba2ac0) Importer(815301076,1909f56bfc062723c751e8b465ee728b)
Start importing Assets/Standard Assets/Characters/FirstPersonCharacter/Prefabs/FPSController.prefab using Guid(5e9e851c0e142814dac026a256ba2ac0) Importer(815301076,1909f56bfc062723c751e8b465ee728b)  -> (artifact id: '8e282f6dd8f2b4d1a8a1db6aee91558e') in 0.069828 seconds 
  Import took 0.106187 seconds .

========================================================================
Received Import Request.
  Time since last request: 0.000332 seconds.
  path: Assets/Standard Assets/Characters/FirstPersonCharacter/Prefabs/RigidBodyFPSController.prefab
  artifactKey: Guid(c6453f8e1f814744d8b94e5a6d1f9942) Importer(815301076,1909f56bfc062723c751e8b465ee728b)
Start importing Assets/Standard Assets/Characters/FirstPersonCharacter/Prefabs/RigidBodyFPSController.prefab using Guid(c6453f8e1f814744d8b94e5a6d1f9942) Importer(815301076,1909f56bfc062723c751e8b465ee728b)  -> (artifact id: '97c79497f625039066fbf55a2ce33d73') in 0.024778 seconds 
  Import took 0.028492 seconds .

========================================================================
Received Import Request.
  Time since last request: 11.815944 seconds.
  path: Assets/_TerrainAutoUpgrade/layer_grassHR2 023d3aba195e4d26ee.terrainlayer
  artifactKey: Guid(6b0cf6e2906b3e345aea4d937cdbdd82) Importer(815301076,1909f56bfc062723c751e8b465ee728b)
Start importing Assets/_TerrainAutoUpgrade/layer_grassHR2 023d3aba195e4d26ee.terrainlayer using Guid(6b0cf6e2906b3e345aea4d937cdbdd82) Importer(815301076,1909f56bfc062723c751e8b465ee728b)  -> (artifact id: 'c7ffbe70e7a99db3bf1054582286ae3b') in 0.176673 seconds 
  Import took 0.203937 seconds .

========================================================================
Received Import Request.
  Time since last request: 0.000297 seconds.
  path: Assets/_TerrainAutoUpgrade/layer_Ground 01b956af97c33fc3d7.terrainlayer
  artifactKey: Guid(32f8132acb0a6c34eb69a4ee16fe5eaf) Importer(815301076,1909f56bfc062723c751e8b465ee728b)
Start importing Assets/_TerrainAutoUpgrade/layer_Ground 01b956af97c33fc3d7.terrainlayer using Guid(32f8132acb0a6c34eb69a4ee16fe5eaf) Importer(815301076,1909f56bfc062723c751e8b465ee728b)  -> (artifact id: 'd8a105a1a6d7b02fdfaf67c726e360d3') in 0.129077 seconds 
  Import took 0.149178 seconds .

========================================================================
Received Import Request.
  Time since last request: 0.000280 seconds.
  path: Assets/_TerrainAutoUpgrade/layer_wrak_zedb956af97c33fc3d7.terrainlayer
  artifactKey: Guid(323c620fe10b2284880511af6e7d6330) Importer(815301076,1909f56bfc062723c751e8b465ee728b)
Start importing Assets/_TerrainAutoUpgrade/layer_wrak_zedb956af97c33fc3d7.terrainlayer using Guid(323c620fe10b2284880511af6e7d6330) Importer(815301076,1909f56bfc062723c751e8b465ee728b)  -> (artifact id: 'edb0dd2a01247b691a6a950973c77d7e') in 0.041976 seconds 
  Import took 0.061550 seconds .

========================================================================
Received Import Request.
  Time since last request: 0.000217 seconds.
  path: Assets/_TerrainAutoUpgrade/layer_ground_kaminky23d3aba195e4d26ee.terrainlayer
  artifactKey: Guid(95b15071bd672584aa17116dc0e4a36a) Importer(815301076,1909f56bfc062723c751e8b465ee728b)
Start importing Assets/_TerrainAutoUpgrade/layer_ground_kaminky23d3aba195e4d26ee.terrainlayer using Guid(95b15071bd672584aa17116dc0e4a36a) Importer(815301076,1909f56bfc062723c751e8b465ee728b)  -> (artifact id: 'daf914ec0bdcd3c818f043967311e5b7') in 0.097362 seconds 
  Import took 0.101239 seconds .

========================================================================
Received Import Request.
  Time since last request: 24.056203 seconds.
  path: Assets/Dnk_Dev/HospitalHorrorPack
  artifactKey: Guid(9004fe0c95bd27e4e98781210264d15a) Importer(815301076,1909f56bfc062723c751e8b465ee728b)
Start importing Assets/Dnk_Dev/HospitalHorrorPack using Guid(9004fe0c95bd27e4e98781210264d15a) Importer(815301076,1909f56bfc062723c751e8b465ee728b)  -> (artifact id: '3a00c45d1d730aaeb3c6fc6a6ace62b5') in 0.014871 seconds 
  Import took 0.053808 seconds .

========================================================================
Received Import Request.
  Time since last request: 1.718200 seconds.
  path: Assets/Dnk_Dev/HospitalHorrorPack/Prefab
  artifactKey: Guid(895346604be8a9c4f90a21a4ffc68933) Importer(815301076,1909f56bfc062723c751e8b465ee728b)
Start importing Assets/Dnk_Dev/HospitalHorrorPack/Prefab using Guid(895346604be8a9c4f90a21a4ffc68933) Importer(815301076,1909f56bfc062723c751e8b465ee728b)  -> (artifact id: '10334ab16cddbc7b9e132246fc7190df') in 0.049343 seconds 
  Import took 0.137976 seconds .

========================================================================
Received Import Request.
  Time since last request: 0.000299 seconds.
  path: Assets/Dnk_Dev/HospitalHorrorPack/Prefab/P_Bed_01.prefab
  artifactKey: Guid(2ca85dfd1a5ba8d45b36c20053b13142) Importer(815301076,1909f56bfc062723c751e8b465ee728b)
Start importing Assets/Dnk_Dev/HospitalHorrorPack/Prefab/P_Bed_01.prefab using Guid(2ca85dfd1a5ba8d45b36c20053b13142) Importer(815301076,1909f56bfc062723c751e8b465ee728b)  -> (artifact id: 'd8d1e4b29ca913e826e9333b7e4ad89d') in 1.480436 seconds 
  Import took 1.485268 seconds .

========================================================================
Received Import Request.
  Time since last request: 0.000373 seconds.
  path: Assets/Dnk_Dev/HospitalHorrorPack/Prefab/P_Floor_02.prefab
  artifactKey: Guid(695e9c39c231cfa41a135e68073a9772) Importer(815301076,1909f56bfc062723c751e8b465ee728b)
Start importing Assets/Dnk_Dev/HospitalHorrorPack/Prefab/P_Floor_02.prefab using Guid(695e9c39c231cfa41a135e68073a9772) Importer(815301076,1909f56bfc062723c751e8b465ee728b)  -> (artifact id: '4f8e298af22062d2cb97a6d078eb412d') in 0.788833 seconds 
  Import took 0.808119 seconds .

========================================================================
Received Import Request.
  Time since last request: 0.000199 seconds.
  path: Assets/Dnk_Dev/HospitalHorrorPack/Prefab/P_Module_DoorRoom_01.prefab
  artifactKey: Guid(3889b3008743b404aba704ca0f2f2989) Importer(815301076,1909f56bfc062723c751e8b465ee728b)
Start importing Assets/Dnk_Dev/HospitalHorrorPack/Prefab/P_Module_DoorRoom_01.prefab using Guid(3889b3008743b404aba704ca0f2f2989) Importer(815301076,1909f56bfc062723c751e8b465ee728b)  -> (artifact id: '40e2622193045bb56ba744bf552643da') in 1.240925 seconds 
  Import took 1.259795 seconds .

========================================================================
Received Import Request.
  Time since last request: 0.000215 seconds.
  path: Assets/Dnk_Dev/HospitalHorrorPack/Prefab/P_Floor_01.prefab
  artifactKey: Guid(b826295956c65444987d7baae67c5858) Importer(815301076,1909f56bfc062723c751e8b465ee728b)
Start importing Assets/Dnk_Dev/HospitalHorrorPack/Prefab/P_Floor_01.prefab using Guid(b826295956c65444987d7baae67c5858) Importer(815301076,1909f56bfc062723c751e8b465ee728b)  -> (artifact id: '56f4c07cbbd2742bc0b10e8cef25c125') in 0.072459 seconds 
  Import took 0.100624 seconds .

========================================================================
Received Import Request.
  Time since last request: 0.000239 seconds.
  path: Assets/Dnk_Dev/HospitalHorrorPack/Prefab/P_BedBedding.prefab
  artifactKey: Guid(73dd7a893b9f3b547a73fc800af96e4f) Importer(815301076,1909f56bfc062723c751e8b465ee728b)
Start importing Assets/Dnk_Dev/HospitalHorrorPack/Prefab/P_BedBedding.prefab using Guid(73dd7a893b9f3b547a73fc800af96e4f) Importer(815301076,1909f56bfc062723c751e8b465ee728b)  -> (artifact id: '46d97d0f59712a6ac49ffeb1323a2dd8') in 0.912177 seconds 
  Import took 0.948888 seconds .

========================================================================
Received Import Request.
  Time since last request: 0.000208 seconds.
  path: Assets/Dnk_Dev/HospitalHorrorPack/Prefab/P_Med_box_01.prefab
  artifactKey: Guid(eeefdd9044a28504abd5e39c9e8fe5d0) Importer(815301076,1909f56bfc062723c751e8b465ee728b)
Start importing Assets/Dnk_Dev/HospitalHorrorPack/Prefab/P_Med_box_01.prefab using Guid(eeefdd9044a28504abd5e39c9e8fe5d0) Importer(815301076,1909f56bfc062723c751e8b465ee728b)  -> (artifact id: 'cd1e8463a9f209a7cb72aad3513631d3') in 0.350420 seconds 
  Import took 0.377557 seconds .

========================================================================
Received Import Request.
  Time since last request: 0.000216 seconds.
  path: Assets/Dnk_Dev/HospitalHorrorPack/Prefab/P_Ceiling_01.prefab
  artifactKey: Guid(b0f7abaadca23ea4d910efe028624076) Importer(815301076,1909f56bfc062723c751e8b465ee728b)
Start importing Assets/Dnk_Dev/HospitalHorrorPack/Prefab/P_Ceiling_01.prefab using Guid(b0f7abaadca23ea4d910efe028624076) Importer(815301076,1909f56bfc062723c751e8b465ee728b)  -> (artifact id: '6d27518173af5cfa38ea10c5afc750d0') in 0.077577 seconds 
  Import took 0.098571 seconds .

========================================================================
Received Import Request.
  Time since last request: 0.000210 seconds.
  path: Assets/Dnk_Dev/HospitalHorrorPack/Prefab/P_Lamp.prefab
  artifactKey: Guid(dc8f3955c063af240afd23143f496335) Importer(815301076,1909f56bfc062723c751e8b465ee728b)
Start importing Assets/Dnk_Dev/HospitalHorrorPack/Prefab/P_Lamp.prefab using Guid(dc8f3955c063af240afd23143f496335) Importer(815301076,1909f56bfc062723c751e8b465ee728b)  -> (artifact id: 'e93ed70ca9058232087584dffc401ea5') in 0.569226 seconds 
  Import took 0.596204 seconds .

========================================================================
Received Import Request.
  Time since last request: 0.000226 seconds.
  path: Assets/Dnk_Dev/HospitalHorrorPack/Prefab/P_Column_01.prefab
  artifactKey: Guid(65968727b1724da49a554ba4d50f4ad4) Importer(815301076,1909f56bfc062723c751e8b465ee728b)
Start importing Assets/Dnk_Dev/HospitalHorrorPack/Prefab/P_Column_01.prefab using Guid(65968727b1724da49a554ba4d50f4ad4) Importer(815301076,1909f56bfc062723c751e8b465ee728b)  -> (artifact id: '887dab896236d0b3fc2ae9cb15224e7a') in 0.075475 seconds 
  Import took 0.080291 seconds .

========================================================================
Received Import Request.
  Time since last request: 0.000294 seconds.
  path: Assets/Dnk_Dev/HospitalHorrorPack/Prefab/P_Door_01_.prefab
  artifactKey: Guid(df2f14ece3a3a0847aad4f1407b39c50) Importer(815301076,1909f56bfc062723c751e8b465ee728b)
Start importing Assets/Dnk_Dev/HospitalHorrorPack/Prefab/P_Door_01_.prefab using Guid(df2f14ece3a3a0847aad4f1407b39c50) Importer(815301076,1909f56bfc062723c751e8b465ee728b)  -> (artifact id: '9400a003c9da5dd546c893238192698d') in 0.398611 seconds 
  Import took 0.423812 seconds .

========================================================================
Received Import Request.
  Time since last request: 0.000212 seconds.
  path: Assets/Dnk_Dev/HospitalHorrorPack/Prefab/P_Wall_01.prefab
  artifactKey: Guid(a73967be39a7cc74ca310e8a9d9de82d) Importer(815301076,1909f56bfc062723c751e8b465ee728b)
Start importing Assets/Dnk_Dev/HospitalHorrorPack/Prefab/P_Wall_01.prefab using Guid(a73967be39a7cc74ca310e8a9d9de82d) Importer(815301076,1909f56bfc062723c751e8b465ee728b)  -> (artifact id: '06bf37254092ca29e4697153f2349f4d') in 0.065623 seconds 
  Import took 0.069848 seconds .

========================================================================
Received Import Request.
  Time since last request: 0.000205 seconds.
  path: Assets/Dnk_Dev/HospitalHorrorPack/Prefab/P_Door_01_Base.prefab
  artifactKey: Guid(6d0f69892e260164b9b56372f7556fdb) Importer(815301076,1909f56bfc062723c751e8b465ee728b)
Start importing Assets/Dnk_Dev/HospitalHorrorPack/Prefab/P_Door_01_Base.prefab using Guid(6d0f69892e260164b9b56372f7556fdb) Importer(815301076,1909f56bfc062723c751e8b465ee728b)  -> (artifact id: 'dbbdd88ea8d5005cfa5fe09139a54f2b') in 0.029807 seconds 
  Import took 0.049453 seconds .

========================================================================
Received Import Request.
  Time since last request: 0.000240 seconds.
  path: Assets/Dnk_Dev/HospitalHorrorPack/Prefab/P_Module_DoorRoom_02.prefab
  artifactKey: Guid(78dc1f2f7ef70c74a8ecfc380bab48be) Importer(815301076,1909f56bfc062723c751e8b465ee728b)
Start importing Assets/Dnk_Dev/HospitalHorrorPack/Prefab/P_Module_DoorRoom_02.prefab using Guid(78dc1f2f7ef70c74a8ecfc380bab48be) Importer(815301076,1909f56bfc062723c751e8b465ee728b)  -> (artifact id: '42d073e32f683eefbfd84ce52dc1d5c8') in 0.175546 seconds 
  Import took 0.181524 seconds .

========================================================================
Received Import Request.
  Time since last request: 3.164772 seconds.
  path: Assets/Dnk_Dev/HospitalHorrorPack/Prefab/P_Wall_02.prefab
  artifactKey: Guid(a71dd1fa6efddfa41990980cd044de47) Importer(815301076,1909f56bfc062723c751e8b465ee728b)
Start importing Assets/Dnk_Dev/HospitalHorrorPack/Prefab/P_Wall_02.prefab using Guid(a71dd1fa6efddfa41990980cd044de47) Importer(815301076,1909f56bfc062723c751e8b465ee728b)  -> (artifact id: '23857f92b885147bc5bd8aa34d5f31b6') in 0.084833 seconds 
  Import took 0.088539 seconds .

========================================================================
Received Import Request.
  Time since last request: 125.725875 seconds.
  path: Assets/Horror Hospital Pack/Models/Wall
  artifactKey: Guid(6c1847bdf1f1a3a41909a71fc7a6658c) Importer(815301076,1909f56bfc062723c751e8b465ee728b)
Start importing Assets/Horror Hospital Pack/Models/Wall using Guid(6c1847bdf1f1a3a41909a71fc7a6658c) Importer(815301076,1909f56bfc062723c751e8b465ee728b)  -> (artifact id: '3232c6e097a408c14b9afb3fa7df22dc') in 0.030371 seconds 
  Import took 0.070397 seconds .

========================================================================
Received Import Request.
  Time since last request: 0.349172 seconds.
  path: Assets/Horror Hospital Pack/Models/Wall/Wall.FBX
  artifactKey: Guid(ec89eaad22bce364eabcdae8f401ca41) Importer(815301076,1909f56bfc062723c751e8b465ee728b)
Start importing Assets/Horror Hospital Pack/Models/Wall/Wall.FBX using Guid(ec89eaad22bce364eabcdae8f401ca41) Importer(815301076,1909f56bfc062723c751e8b465ee728b)  -> (artifact id: 'f48d86287a656964a4ab6c6cfa558289') in 0.221091 seconds 
  Import took 0.241644 seconds .

========================================================================
Received Import Request.
  Time since last request: 0.000218 seconds.
  path: Assets/Horror Hospital Pack/Models/Wall/Wall01.FBX
  artifactKey: Guid(40b8fd596870e5e4cb4ccb145b409d1e) Importer(815301076,1909f56bfc062723c751e8b465ee728b)
Start importing Assets/Horror Hospital Pack/Models/Wall/Wall01.FBX using Guid(40b8fd596870e5e4cb4ccb145b409d1e) Importer(815301076,1909f56bfc062723c751e8b465ee728b)  -> (artifact id: 'da4e6d313ff9f3210d3659f2ade1d676') in 0.068101 seconds 
  Import took 0.071968 seconds .

========================================================================
Received Import Request.
  Time since last request: 0.000229 seconds.
  path: Assets/Horror Hospital Pack/Models/Wall/WallDiffuse.png
  artifactKey: Guid(b94ef4445ad4fd8489dff424093fef7c) Importer(815301076,1909f56bfc062723c751e8b465ee728b)
Start importing Assets/Horror Hospital Pack/Models/Wall/WallDiffuse.png using Guid(b94ef4445ad4fd8489dff424093fef7c) Importer(815301076,1909f56bfc062723c751e8b465ee728b)  -> (artifact id: 'cb8ad5d807dda3bd54a9360f20c929cc') in 0.026374 seconds 
  Import took 0.050521 seconds .

========================================================================
Received Import Request.
  Time since last request: 0.000218 seconds.
  path: Assets/Horror Hospital Pack/Models/Wall/WallDiffuse.mat
  artifactKey: Guid(b4f289f5dfeab2a4e95f745560cfe1da) Importer(815301076,1909f56bfc062723c751e8b465ee728b)
Start importing Assets/Horror Hospital Pack/Models/Wall/WallDiffuse.mat using Guid(b4f289f5dfeab2a4e95f745560cfe1da) Importer(815301076,1909f56bfc062723c751e8b465ee728b)  -> (artifact id: '1017fe031ab0d6dc4c99da51995fa62e') in 0.037456 seconds 
  Import took 0.041489 seconds .

========================================================================
Received Import Request.
  Time since last request: 0.000253 seconds.
  path: Assets/Horror Hospital Pack/Models/Wall/WallNormal.png
  artifactKey: Guid(516e794a42674554b890cc23b6a9c8c4) Importer(815301076,1909f56bfc062723c751e8b465ee728b)
Start importing Assets/Horror Hospital Pack/Models/Wall/WallNormal.png using Guid(516e794a42674554b890cc23b6a9c8c4) Importer(815301076,1909f56bfc062723c751e8b465ee728b)  -> (artifact id: '90a3bce844cad2179ef87ffd8a8a7805') in 0.015667 seconds 
  Import took 0.028939 seconds .

========================================================================
Received Import Request.
  Time since last request: 0.000277 seconds.
  path: Assets/Horror Hospital Pack/Models/Wall/WallHeightl.png
  artifactKey: Guid(3e2aeb900fb8f75449dacd9124f90ce2) Importer(815301076,1909f56bfc062723c751e8b465ee728b)
Start importing Assets/Horror Hospital Pack/Models/Wall/WallHeightl.png using Guid(3e2aeb900fb8f75449dacd9124f90ce2) Importer(815301076,1909f56bfc062723c751e8b465ee728b)  -> (artifact id: 'c47d0a1852e12a40e525a426790ff8c5') in 0.082501 seconds 
  Import took 0.105158 seconds .

========================================================================
Received Import Request.
  Time since last request: 683.977563 seconds.
  path: Assets/Blood decal pack/blood
  artifactKey: Guid(0babc4f6faf73aa45bd8430120e78a02) Importer(815301076,1909f56bfc062723c751e8b465ee728b)
Start importing Assets/Blood decal pack/blood using Guid(0babc4f6faf73aa45bd8430120e78a02) Importer(815301076,1909f56bfc062723c751e8b465ee728b)  -> (artifact id: '98b6e30a2d69df4d7e2c67348b26fca3') in 0.010138 seconds 
  Import took 0.288638 seconds .

========================================================================
Received Import Request.
  Time since last request: 4.821536 seconds.
  path: Assets/Blood decal pack/blood/prefab
  artifactKey: Guid(40f5e05d3566f974b82eb16f482ce06d) Importer(815301076,1909f56bfc062723c751e8b465ee728b)
Start importing Assets/Blood decal pack/blood/prefab using Guid(40f5e05d3566f974b82eb16f482ce06d) Importer(815301076,1909f56bfc062723c751e8b465ee728b)  -> (artifact id: 'fcb1aecd1a3a3cb2c3bf5a04affdb0a6') in 0.009236 seconds 
  Import took 0.045486 seconds .

========================================================================
Received Import Request.
  Time since last request: 0.117853 seconds.
  path: Assets/Blood decal pack/blood/prefab/blood1.prefab
  artifactKey: Guid(358b75ea5451cf143ab19029a189097d) Importer(815301076,1909f56bfc062723c751e8b465ee728b)
Start importing Assets/Blood decal pack/blood/prefab/blood1.prefab using Guid(358b75ea5451cf143ab19029a189097d) Importer(815301076,1909f56bfc062723c751e8b465ee728b)  -> (artifact id: '704030559a032a0e3dd31e4514864337') in 0.363760 seconds 
  Import took 0.386861 seconds .

========================================================================
Received Import Request.
  Time since last request: 0.000359 seconds.
  path: Assets/Blood decal pack/blood/prefab/blood5.prefab
  artifactKey: Guid(aec54d7a991d7b644b145d550a4b7831) Importer(815301076,1909f56bfc062723c751e8b465ee728b)
Start importing Assets/Blood decal pack/blood/prefab/blood5.prefab using Guid(aec54d7a991d7b644b145d550a4b7831) Importer(815301076,1909f56bfc062723c751e8b465ee728b)  -> (artifact id: '7ebdd24e3ff485a306ba061f5f5e8991') in 0.098397 seconds 
  Import took 0.102430 seconds .

========================================================================
Received Import Request.
  Time since last request: 0.000269 seconds.
  path: Assets/Blood decal pack/blood/prefab/blood7.prefab
  artifactKey: Guid(43dd1ba2a5dde844eb01240da13ab96b) Importer(815301076,1909f56bfc062723c751e8b465ee728b)
Start importing Assets/Blood decal pack/blood/prefab/blood7.prefab using Guid(43dd1ba2a5dde844eb01240da13ab96b) Importer(815301076,1909f56bfc062723c751e8b465ee728b)  -> (artifact id: 'a8df560c47673ea5d281d8ec35b6bfa4') in 0.083266 seconds 
  Import took 0.098560 seconds .

========================================================================
Received Import Request.
  Time since last request: 0.000212 seconds.
  path: Assets/Blood decal pack/blood/prefab/blood4.prefab
  artifactKey: Guid(6fe4d785744af2c40a2157f5b209d97f) Importer(815301076,1909f56bfc062723c751e8b465ee728b)
Start importing Assets/Blood decal pack/blood/prefab/blood4.prefab using Guid(6fe4d785744af2c40a2157f5b209d97f) Importer(815301076,1909f56bfc062723c751e8b465ee728b)  -> (artifact id: '2d76bc187413667c3cbc603579a6a564') in 0.135446 seconds 
  Import took 0.139284 seconds .

========================================================================
Received Import Request.
  Time since last request: 0.000333 seconds.
  path: Assets/Blood decal pack/blood/prefab/blood2.prefab
  artifactKey: Guid(cfc7596704bbd7f489156fcd4c05c7e9) Importer(815301076,1909f56bfc062723c751e8b465ee728b)
Start importing Assets/Blood decal pack/blood/prefab/blood2.prefab using Guid(cfc7596704bbd7f489156fcd4c05c7e9) Importer(815301076,1909f56bfc062723c751e8b465ee728b)  -> (artifact id: '719cee7f047c81bdec34c603c28b9ced') in 0.029353 seconds 
  Import took 0.050743 seconds .

========================================================================
Received Import Request.
  Time since last request: 0.000223 seconds.
  path: Assets/Blood decal pack/blood/prefab/blood6.prefab
  artifactKey: Guid(14987c031123b98408a165a8bf1288d4) Importer(815301076,1909f56bfc062723c751e8b465ee728b)
Start importing Assets/Blood decal pack/blood/prefab/blood6.prefab using Guid(14987c031123b98408a165a8bf1288d4) Importer(815301076,1909f56bfc062723c751e8b465ee728b)  -> (artifact id: 'eac4b9aae545a6f0c1669147402733b0') in 0.096550 seconds 
  Import took 0.100942 seconds .

========================================================================
Received Import Request.
  Time since last request: 0.000242 seconds.
  path: Assets/Blood decal pack/blood/prefab/blood3.prefab
  artifactKey: Guid(18a11fd6df8ceb449b8785301026d639) Importer(815301076,1909f56bfc062723c751e8b465ee728b)
Start importing Assets/Blood decal pack/blood/prefab/blood3.prefab using Guid(18a11fd6df8ceb449b8785301026d639) Importer(815301076,1909f56bfc062723c751e8b465ee728b)  -> (artifact id: '5c8e554f182bbc922decc3cb7e2840cf') in 0.115041 seconds 
  Import took 0.138633 seconds .

========================================================================
Received Import Request.
  Time since last request: 149.777445 seconds.
  path: Assets/Dnk_Dev/HospitalHorrorPack/Textures/T_Bed_Metal_01.tga
  artifactKey: Guid(6febee19ac762cf46aa78cebb2d48dfa) Importer(815301076,1909f56bfc062723c751e8b465ee728b)
Start importing Assets/Dnk_Dev/HospitalHorrorPack/Textures/T_Bed_Metal_01.tga using Guid(6febee19ac762cf46aa78cebb2d48dfa) Importer(815301076,1909f56bfc062723c751e8b465ee728b)  -> (artifact id: 'b4efecb3bd967c92503bba31fae1fadf') in 0.024425 seconds 
  Import took 0.302892 seconds .

========================================================================
Received Import Request.
  Time since last request: 0.000385 seconds.
  path: Assets/Dnk_Dev/HospitalHorrorPack/Textures/T_BedBedding_S.tga
  artifactKey: Guid(78afc70bb0dd78744be4bc4a5446876e) Importer(815301076,1909f56bfc062723c751e8b465ee728b)
Start importing Assets/Dnk_Dev/HospitalHorrorPack/Textures/T_BedBedding_S.tga using Guid(78afc70bb0dd78744be4bc4a5446876e) Importer(815301076,1909f56bfc062723c751e8b465ee728b)  -> (artifact id: 'a58e318fe36dc857828a4731e4d0bd69') in 0.054353 seconds 
  Import took 0.075247 seconds .

========================================================================
Received Import Request.
  Time since last request: 0.000405 seconds.
  path: Assets/Dnk_Dev/HospitalHorrorPack/Textures/T_Door_01_A.tga
  artifactKey: Guid(6a09d6b8923975e4b9af12a04e9d39fe) Importer(815301076,1909f56bfc062723c751e8b465ee728b)
Start importing Assets/Dnk_Dev/HospitalHorrorPack/Textures/T_Door_01_A.tga using Guid(6a09d6b8923975e4b9af12a04e9d39fe) Importer(815301076,1909f56bfc062723c751e8b465ee728b)  -> (artifact id: '142764b44ec701683961db2c9fa6a76a') in 0.019314 seconds 
  Import took 0.023497 seconds .

========================================================================
Received Import Request.
  Time since last request: 0.000629 seconds.
  path: Assets/Dnk_Dev/HospitalHorrorPack/Textures/T_Door_01_G.png
  artifactKey: Guid(1169160aab534cd4aaf32738057f4341) Importer(815301076,1909f56bfc062723c751e8b465ee728b)
Start importing Assets/Dnk_Dev/HospitalHorrorPack/Textures/T_Door_01_G.png using Guid(1169160aab534cd4aaf32738057f4341) Importer(815301076,1909f56bfc062723c751e8b465ee728b)  -> (artifact id: '4b2a9d75122faed0012a7a4071e30aae') in 0.018039 seconds 
  Import took 0.023003 seconds .

========================================================================
Received Import Request.
  Time since last request: 0.000417 seconds.
  path: Assets/Dnk_Dev/HospitalHorrorPack/Textures/T_Bed_Metal_01_M.tga
  artifactKey: Guid(b0d09a717c8c74d429116d820bcf49f0) Importer(815301076,1909f56bfc062723c751e8b465ee728b)
Start importing Assets/Dnk_Dev/HospitalHorrorPack/Textures/T_Bed_Metal_01_M.tga using Guid(b0d09a717c8c74d429116d820bcf49f0) Importer(815301076,1909f56bfc062723c751e8b465ee728b)  -> (artifact id: '51698f6c7c9715b34f8c761bdab1a46c') in 0.022367 seconds 
  Import took 0.028369 seconds .

========================================================================
Received Import Request.
  Time since last request: 0.000457 seconds.
  path: Assets/Dnk_Dev/HospitalHorrorPack/Textures/T_BedBedding.tga
  artifactKey: Guid(65fc25f6168a5594f8e69299285e76d5) Importer(815301076,1909f56bfc062723c751e8b465ee728b)
Start importing Assets/Dnk_Dev/HospitalHorrorPack/Textures/T_BedBedding.tga using Guid(65fc25f6168a5594f8e69299285e76d5) Importer(815301076,1909f56bfc062723c751e8b465ee728b)  -> (artifact id: 'b5676ab04b4bd104ed2606f37670474a') in 0.018583 seconds 
  Import took 0.023281 seconds .

========================================================================
Received Import Request.
  Time since last request: 0.000381 seconds.
  path: Assets/Dnk_Dev/HospitalHorrorPack/Textures/T_BedBedding_N.tga
  artifactKey: Guid(e6c17b59ff07a9e49990101f18210ea1) Importer(815301076,1909f56bfc062723c751e8b465ee728b)
Start importing Assets/Dnk_Dev/HospitalHorrorPack/Textures/T_BedBedding_N.tga using Guid(e6c17b59ff07a9e49990101f18210ea1) Importer(815301076,1909f56bfc062723c751e8b465ee728b)  -> (artifact id: '670e33f6be5ad640ad7ab0ed066bd925') in 0.018735 seconds 
  Import took 0.027774 seconds .

========================================================================
Received Import Request.
  Time since last request: 0.000518 seconds.
  path: Assets/Dnk_Dev/HospitalHorrorPack/Textures/T_Door_01_G_N.png
  artifactKey: Guid(96068c214ec55854a9b721fffd6570a0) Importer(815301076,1909f56bfc062723c751e8b465ee728b)
Start importing Assets/Dnk_Dev/HospitalHorrorPack/Textures/T_Door_01_G_N.png using Guid(96068c214ec55854a9b721fffd6570a0) Importer(815301076,1909f56bfc062723c751e8b465ee728b)  -> (artifact id: '3730936cd31f09d4a808fdcea8de96b5') in 0.016811 seconds 
  Import took 0.021711 seconds .

========================================================================
Received Import Request.
  Time since last request: 0.000332 seconds.
  path: Assets/Dnk_Dev/HospitalHorrorPack/Textures/T_Door_01_MR.tga
  artifactKey: Guid(ace021d20dc4fee42905fc84d876b02b) Importer(815301076,1909f56bfc062723c751e8b465ee728b)
Start importing Assets/Dnk_Dev/HospitalHorrorPack/Textures/T_Door_01_MR.tga using Guid(ace021d20dc4fee42905fc84d876b02b) Importer(815301076,1909f56bfc062723c751e8b465ee728b)  -> (artifact id: '399ee02a6f3286dfb10bd59eb81dcd6e') in 0.019109 seconds 
  Import took 0.023513 seconds .

========================================================================
Received Import Request.
  Time since last request: 0.000310 seconds.
  path: Assets/Dnk_Dev/HospitalHorrorPack/Textures/T_BedBedding_AO.tga
  artifactKey: Guid(9ff408b0cb141da43ba77e4a49f64c19) Importer(815301076,1909f56bfc062723c751e8b465ee728b)
Start importing Assets/Dnk_Dev/HospitalHorrorPack/Textures/T_BedBedding_AO.tga using Guid(9ff408b0cb141da43ba77e4a49f64c19) Importer(815301076,1909f56bfc062723c751e8b465ee728b)  -> (artifact id: '33fb889b729430aebf538a448656b590') in 0.017820 seconds 
  Import took 0.039290 seconds .

========================================================================
Received Import Request.
  Time since last request: 0.000312 seconds.
  path: Assets/Dnk_Dev/HospitalHorrorPack/Textures/T_Bed_Metal_01_N.tga
  artifactKey: Guid(ac78e263370d86646b803867f58812db) Importer(815301076,1909f56bfc062723c751e8b465ee728b)
Start importing Assets/Dnk_Dev/HospitalHorrorPack/Textures/T_Bed_Metal_01_N.tga using Guid(ac78e263370d86646b803867f58812db) Importer(815301076,1909f56bfc062723c751e8b465ee728b)  -> (artifact id: 'b25f6392b25f97f97f5a22c1041ce9ad') in 0.019801 seconds 
  Import took 0.025795 seconds .

========================================================================
Received Import Request.
  Time since last request: 0.000244 seconds.
  path: Assets/Dnk_Dev/HospitalHorrorPack/Textures/T_Bed_Metal_01_M.psd
  artifactKey: Guid(933f5a2bcdadaca40a718461c8fe3ecb) Importer(815301076,1909f56bfc062723c751e8b465ee728b)
Start importing Assets/Dnk_Dev/HospitalHorrorPack/Textures/T_Bed_Metal_01_M.psd using Guid(933f5a2bcdadaca40a718461c8fe3ecb) Importer(815301076,1909f56bfc062723c751e8b465ee728b)  -> (artifact id: 'b3dfcb8f25d2d02721312df2766c842a') in 0.131926 seconds 
  Import took 0.136267 seconds .

========================================================================
Received Import Request.
  Time since last request: 0.000221 seconds.
  path: Assets/Dnk_Dev/HospitalHorrorPack/Textures/T_Bed_Metal_01_N.psd
  artifactKey: Guid(bfe7e5cf3ad491a4e84b3cb14ce08ce3) Importer(815301076,1909f56bfc062723c751e8b465ee728b)
Start importing Assets/Dnk_Dev/HospitalHorrorPack/Textures/T_Bed_Metal_01_N.psd using Guid(bfe7e5cf3ad491a4e84b3cb14ce08ce3) Importer(815301076,1909f56bfc062723c751e8b465ee728b)  -> (artifact id: 'be09b920290412c0ee878025761c7f84') in 0.116885 seconds 
  Import took 0.131836 seconds .

========================================================================
Received Import Request.
  Time since last request: 6.512457 seconds.
  path: Assets/Dnk_Dev/HospitalHorrorPack/Textures/T_Door_01_N.tga
  artifactKey: Guid(1187c62cb03f7a243bd9b242817bc2e6) Importer(815301076,1909f56bfc062723c751e8b465ee728b)
Start importing Assets/Dnk_Dev/HospitalHorrorPack/Textures/T_Door_01_N.tga using Guid(1187c62cb03f7a243bd9b242817bc2e6) Importer(815301076,1909f56bfc062723c751e8b465ee728b)  -> (artifact id: 'f439a409ccd15f2badbb8eeea90e7dd6') in 0.052305 seconds 
  Import took 0.073276 seconds .

========================================================================
Received Import Request.
  Time since last request: 0.000204 seconds.
  path: Assets/Dnk_Dev/HospitalHorrorPack/Textures/T_Lamp.png
  artifactKey: Guid(7d080a928d4dfe9469d81fcb65783a4a) Importer(815301076,1909f56bfc062723c751e8b465ee728b)
Start importing Assets/Dnk_Dev/HospitalHorrorPack/Textures/T_Lamp.png using Guid(7d080a928d4dfe9469d81fcb65783a4a) Importer(815301076,1909f56bfc062723c751e8b465ee728b)  -> (artifact id: 'cc568e1d6171b440b24d24111e59f582') in 0.024594 seconds 
  Import took 0.030856 seconds .

========================================================================
Received Import Request.
  Time since last request: 0.009039 seconds.
  path: Assets/Dnk_Dev/HospitalHorrorPack/Textures/T_Lamp_E.png
  artifactKey: Guid(fa12d4b1eb5b8f946ac445d33bf0eddc) Importer(815301076,1909f56bfc062723c751e8b465ee728b)
Start importing Assets/Dnk_Dev/HospitalHorrorPack/Textures/T_Lamp_E.png using Guid(fa12d4b1eb5b8f946ac445d33bf0eddc) Importer(815301076,1909f56bfc062723c751e8b465ee728b)  -> (artifact id: 'baff9211e05e207524fcb94f4add5a50') in 0.028206 seconds 
  Import took 0.046539 seconds .

========================================================================
Received Import Request.
  Time since last request: 0.000258 seconds.
  path: Assets/Dnk_Dev/HospitalHorrorPack/Textures/T_Med_box_01.tga
  artifactKey: Guid(71fcdacc93daf0e46bca8ddba2ef798f) Importer(815301076,1909f56bfc062723c751e8b465ee728b)
Start importing Assets/Dnk_Dev/HospitalHorrorPack/Textures/T_Med_box_01.tga using Guid(71fcdacc93daf0e46bca8ddba2ef798f) Importer(815301076,1909f56bfc062723c751e8b465ee728b)  -> (artifact id: '67d1a7214ebdee2d0c77128b018155b3') in 0.016040 seconds 
  Import took 0.020188 seconds .

========================================================================
Received Import Request.
  Time since last request: 0.000229 seconds.
  path: Assets/Dnk_Dev/HospitalHorrorPack/Textures/T_Lamp_M.png
  artifactKey: Guid(b86fb20848ffead4eae4033d276cac3d) Importer(815301076,1909f56bfc062723c751e8b465ee728b)
Start importing Assets/Dnk_Dev/HospitalHorrorPack/Textures/T_Lamp_M.png using Guid(b86fb20848ffead4eae4033d276cac3d) Importer(815301076,1909f56bfc062723c751e8b465ee728b)  -> (artifact id: '1d121de1e7e4a456d17bf01abbec7712') in 0.019205 seconds 
  Import took 0.035533 seconds .

========================================================================
Received Import Request.
  Time since last request: 0.000500 seconds.
  path: Assets/Dnk_Dev/HospitalHorrorPack/Textures/T_Lamp_N.png
  artifactKey: Guid(75cc079cbae9eca4b923796faecd0ce5) Importer(815301076,1909f56bfc062723c751e8b465ee728b)
Start importing Assets/Dnk_Dev/HospitalHorrorPack/Textures/T_Lamp_N.png using Guid(75cc079cbae9eca4b923796faecd0ce5) Importer(815301076,1909f56bfc062723c751e8b465ee728b)  -> (artifact id: '482b59b611cdf8e2d5fd0c1d04ea75db') in 0.017718 seconds 
  Import took 0.036978 seconds .

========================================================================
Received Import Request.
  Time since last request: 0.165207 seconds.
  path: Assets/Dnk_Dev/HospitalHorrorPack/Textures/T_Med_box_01_M.tga
  artifactKey: Guid(4b37689a686d65946bcdd617ca41bf1b) Importer(815301076,1909f56bfc062723c751e8b465ee728b)
Start importing Assets/Dnk_Dev/HospitalHorrorPack/Textures/T_Med_box_01_M.tga using Guid(4b37689a686d65946bcdd617ca41bf1b) Importer(815301076,1909f56bfc062723c751e8b465ee728b)  -> (artifact id: '3b48111e95edc117c3d8b807345c020b') in 0.016599 seconds 
  Import took 0.047209 seconds .

========================================================================
Received Import Request.
  Time since last request: 0.000219 seconds.
  path: Assets/Dnk_Dev/HospitalHorrorPack/Textures/T_Med_box_01_N.tga
  artifactKey: Guid(270dba9cddd76504188a0bc9a4718876) Importer(815301076,1909f56bfc062723c751e8b465ee728b)
Start importing Assets/Dnk_Dev/HospitalHorrorPack/Textures/T_Med_box_01_N.tga using Guid(270dba9cddd76504188a0bc9a4718876) Importer(815301076,1909f56bfc062723c751e8b465ee728b)  -> (artifact id: 'a0333f4e7e19e3fd4697455c8a09405c') in 0.015910 seconds 
  Import took 0.020373 seconds .

========================================================================
Received Import Request.
  Time since last request: 0.000217 seconds.
  path: Assets/Dnk_Dev/HospitalHorrorPack/Textures/T_Tile01_C.tga
  artifactKey: Guid(f1de0460afd04b642a261aef2e069024) Importer(815301076,1909f56bfc062723c751e8b465ee728b)
Start importing Assets/Dnk_Dev/HospitalHorrorPack/Textures/T_Tile01_C.tga using Guid(f1de0460afd04b642a261aef2e069024) Importer(815301076,1909f56bfc062723c751e8b465ee728b)  -> (artifact id: 'f8aa230f379ccd36d7a05d0e85917c11') in 0.019293 seconds 
  Import took 0.036681 seconds .

========================================================================
Received Import Request.
  Time since last request: 0.000581 seconds.
  path: Assets/Dnk_Dev/HospitalHorrorPack/Textures/T_Tile01_N.tga
  artifactKey: Guid(9f55a5c8d4742cc47954204866783093) Importer(815301076,1909f56bfc062723c751e8b465ee728b)
Start importing Assets/Dnk_Dev/HospitalHorrorPack/Textures/T_Tile01_N.tga using Guid(9f55a5c8d4742cc47954204866783093) Importer(815301076,1909f56bfc062723c751e8b465ee728b)  -> (artifact id: '82e10709fb8ad2e95e89a774fd046fff') in 0.017450 seconds 
  Import took 0.022333 seconds .

========================================================================
Received Import Request.
  Time since last request: 0.000244 seconds.
  path: Assets/Dnk_Dev/HospitalHorrorPack/Textures/T_Tile01_R.TGA
  artifactKey: Guid(300acc0be6e47024690a4baa38095d44) Importer(815301076,1909f56bfc062723c751e8b465ee728b)
Start importing Assets/Dnk_Dev/HospitalHorrorPack/Textures/T_Tile01_R.TGA using Guid(300acc0be6e47024690a4baa38095d44) Importer(815301076,1909f56bfc062723c751e8b465ee728b)  -> (artifact id: '8079d45ec04a3fe93395e196f51faae3') in 0.019818 seconds 
  Import took 0.036007 seconds .

========================================================================
Received Import Request.
  Time since last request: 0.000277 seconds.
  path: Assets/Dnk_Dev/HospitalHorrorPack/Textures/T_Tile02_C.TGA
  artifactKey: Guid(7b98973f5058c8d489993665865ac405) Importer(815301076,1909f56bfc062723c751e8b465ee728b)
Start importing Assets/Dnk_Dev/HospitalHorrorPack/Textures/T_Tile02_C.TGA using Guid(7b98973f5058c8d489993665865ac405) Importer(815301076,1909f56bfc062723c751e8b465ee728b)  -> (artifact id: '28eb1e2214ac119c815185b24696e530') in 0.034670 seconds 
  Import took 0.054042 seconds .

========================================================================
Received Import Request.
  Time since last request: 0.154218 seconds.
  path: Assets/Dnk_Dev/HospitalHorrorPack/Textures/T_Tile02_N.tga
  artifactKey: Guid(2c2941ed45c0e7f4486cb3adc97f188e) Importer(815301076,1909f56bfc062723c751e8b465ee728b)
Start importing Assets/Dnk_Dev/HospitalHorrorPack/Textures/T_Tile02_N.tga using Guid(2c2941ed45c0e7f4486cb3adc97f188e) Importer(815301076,1909f56bfc062723c751e8b465ee728b)  -> (artifact id: 'be412151bb64456cf9b8ff6ecb5e7d2d') in 0.026592 seconds 
  Import took 0.049072 seconds .

========================================================================
Received Import Request.
  Time since last request: 0.000278 seconds.
  path: Assets/Dnk_Dev/HospitalHorrorPack/Textures/T_Walllime01_C.TGA
  artifactKey: Guid(cae203f5c6ff2144a923288d09757339) Importer(815301076,1909f56bfc062723c751e8b465ee728b)
Start importing Assets/Dnk_Dev/HospitalHorrorPack/Textures/T_Walllime01_C.TGA using Guid(cae203f5c6ff2144a923288d09757339) Importer(815301076,1909f56bfc062723c751e8b465ee728b)  -> (artifact id: '4c3cdf90a9982a06f848d8aefdfb72e4') in 0.015440 seconds 
  Import took 0.020078 seconds .

========================================================================
Received Import Request.
  Time since last request: 0.000218 seconds.
  path: Assets/Dnk_Dev/HospitalHorrorPack/Textures/T_Tile03_N.tga
  artifactKey: Guid(ebc9188e67cba8944bb3818d0e18fca7) Importer(815301076,1909f56bfc062723c751e8b465ee728b)
Start importing Assets/Dnk_Dev/HospitalHorrorPack/Textures/T_Tile03_N.tga using Guid(ebc9188e67cba8944bb3818d0e18fca7) Importer(815301076,1909f56bfc062723c751e8b465ee728b)  -> (artifact id: '9705ec0e26679f0400f1c608a73f0b18') in 0.047877 seconds 
  Import took 0.052155 seconds .

========================================================================
Received Import Request.
  Time since last request: 0.000229 seconds.
  path: Assets/Dnk_Dev/HospitalHorrorPack/Textures/T_Walllime01_R.TGA
  artifactKey: Guid(b8bb4830a55b4464fbf9f91f387148e4) Importer(815301076,1909f56bfc062723c751e8b465ee728b)
Start importing Assets/Dnk_Dev/HospitalHorrorPack/Textures/T_Walllime01_R.TGA using Guid(b8bb4830a55b4464fbf9f91f387148e4) Importer(815301076,1909f56bfc062723c751e8b465ee728b)  -> (artifact id: '6c68b6c89c7c71f3051ee4ed39f99d6d') in 0.063536 seconds 
  Import took 0.067445 seconds .

========================================================================
Received Import Request.
  Time since last request: 0.000234 seconds.
  path: Assets/Dnk_Dev/HospitalHorrorPack/Textures/T_Tile03.tga
  artifactKey: Guid(ce657f6d6152f1f4da298034f080aa03) Importer(815301076,1909f56bfc062723c751e8b465ee728b)
Start importing Assets/Dnk_Dev/HospitalHorrorPack/Textures/T_Tile03.tga using Guid(ce657f6d6152f1f4da298034f080aa03) Importer(815301076,1909f56bfc062723c751e8b465ee728b)  -> (artifact id: '44b6687dde6c8e8f2b2c2f950ad9d47f') in 0.056326 seconds 
  Import took 0.079843 seconds .

========================================================================
Received Import Request.
  Time since last request: 0.000211 seconds.
  path: Assets/Dnk_Dev/HospitalHorrorPack/Textures/T_Walllime01_N.TGA
  artifactKey: Guid(598acd9ebe884f440a97da6f8426483e) Importer(815301076,1909f56bfc062723c751e8b465ee728b)
Start importing Assets/Dnk_Dev/HospitalHorrorPack/Textures/T_Walllime01_N.TGA using Guid(598acd9ebe884f440a97da6f8426483e) Importer(815301076,1909f56bfc062723c751e8b465ee728b)  -> (artifact id: 'fe020d286fcf0faecb550fb9f0b716a1') in 0.015608 seconds 
  Import took 0.020310 seconds .

========================================================================
Received Import Request.
  Time since last request: 0.000253 seconds.
  path: Assets/Dnk_Dev/HospitalHorrorPack/Textures/T_Walllime02_C.tga
  artifactKey: Guid(ef4dc55c98f1e38479f254791f71a51b) Importer(815301076,1909f56bfc062723c751e8b465ee728b)
Start importing Assets/Dnk_Dev/HospitalHorrorPack/Textures/T_Walllime02_C.tga using Guid(ef4dc55c98f1e38479f254791f71a51b) Importer(815301076,1909f56bfc062723c751e8b465ee728b)  -> (artifact id: 'c698e6dcebcde2f53e4718cfb7483f3f') in 0.017257 seconds 
  Import took 0.021639 seconds .

========================================================================
Received Import Request.
  Time since last request: 0.000258 seconds.
  path: Assets/Dnk_Dev/HospitalHorrorPack/Textures/T_Tile02_R.TGA
  artifactKey: Guid(dbe39981618f6f141b9a6aa20aa1ed9e) Importer(815301076,1909f56bfc062723c751e8b465ee728b)
Start importing Assets/Dnk_Dev/HospitalHorrorPack/Textures/T_Tile02_R.TGA using Guid(dbe39981618f6f141b9a6aa20aa1ed9e) Importer(815301076,1909f56bfc062723c751e8b465ee728b)  -> (artifact id: '2462f97cd57678f3840308a91253c9a2') in 0.045796 seconds 
  Import took 0.050661 seconds .

========================================================================
Received Import Request.
  Time since last request: 0.000220 seconds.
  path: Assets/Dnk_Dev/HospitalHorrorPack/Textures/T_Walllime02_N.tga
  artifactKey: Guid(d1208c33c57b6694aa1982e7193cba8e) Importer(815301076,1909f56bfc062723c751e8b465ee728b)
Start importing Assets/Dnk_Dev/HospitalHorrorPack/Textures/T_Walllime02_N.tga using Guid(d1208c33c57b6694aa1982e7193cba8e) Importer(815301076,1909f56bfc062723c751e8b465ee728b)  -> (artifact id: '05100e77b4e2c4533b794a175c2f8214') in 0.019330 seconds 
  Import took 0.023856 seconds .

========================================================================
Received Import Request.
  Time since last request: 1.742418 seconds.
  path: Assets/Dnk_Dev/HospitalHorrorPack/Models/SM_Bed_01.obj
  artifactKey: Guid(b47f5c9ac3a4adc4582f259efbe3c8e5) Importer(815301076,1909f56bfc062723c751e8b465ee728b)
Start importing Assets/Dnk_Dev/HospitalHorrorPack/Models/SM_Bed_01.obj using Guid(b47f5c9ac3a4adc4582f259efbe3c8e5) Importer(815301076,1909f56bfc062723c751e8b465ee728b)  -> (artifact id: '15480d96559fae6a60b8a4d05efb638c') in 0.035294 seconds 
  Import took 0.094612 seconds .

========================================================================
Received Import Request.
  Time since last request: 0.000206 seconds.
  path: Assets/Dnk_Dev/HospitalHorrorPack/Models/SM_Floor_02.obj
  artifactKey: Guid(2ec12a10dd1a99b498eec7fd09146b7b) Importer(815301076,1909f56bfc062723c751e8b465ee728b)
Start importing Assets/Dnk_Dev/HospitalHorrorPack/Models/SM_Floor_02.obj using Guid(2ec12a10dd1a99b498eec7fd09146b7b) Importer(815301076,1909f56bfc062723c751e8b465ee728b)  -> (artifact id: 'df32c900fd51e15c4f195d647bc7b6e8') in 0.083071 seconds 
  Import took 0.087061 seconds .

========================================================================
Received Import Request.
  Time since last request: 0.000205 seconds.
  path: Assets/Dnk_Dev/HospitalHorrorPack/Models/SM_Lamp.obj
  artifactKey: Guid(99d1229755c80d54d975792177cdddee) Importer(815301076,1909f56bfc062723c751e8b465ee728b)
Start importing Assets/Dnk_Dev/HospitalHorrorPack/Models/SM_Lamp.obj using Guid(99d1229755c80d54d975792177cdddee) Importer(815301076,1909f56bfc062723c751e8b465ee728b)  -> (artifact id: '5e98d8a5d8d0a2d4f9bf0243105c837a') in 0.026693 seconds 
  Import took 0.031032 seconds .

========================================================================
Received Import Request.
  Time since last request: 0.000248 seconds.
  path: Assets/Dnk_Dev/HospitalHorrorPack/Models/SM_Floor_01.obj
  artifactKey: Guid(3565346867580db48870fbcfd66de77b) Importer(815301076,1909f56bfc062723c751e8b465ee728b)
Start importing Assets/Dnk_Dev/HospitalHorrorPack/Models/SM_Floor_01.obj using Guid(3565346867580db48870fbcfd66de77b) Importer(815301076,1909f56bfc062723c751e8b465ee728b)  -> (artifact id: '140ee7a071f4b7362b457d64c6105d5b') in 0.028310 seconds 
  Import took 0.032312 seconds .

========================================================================
Received Import Request.
  Time since last request: 0.000247 seconds.
  path: Assets/Dnk_Dev/HospitalHorrorPack/Models/SM_Module_DoorRoom_01.obj
  artifactKey: Guid(0d79e6eeb6fa3724482d6c497796a964) Importer(815301076,1909f56bfc062723c751e8b465ee728b)
Start importing Assets/Dnk_Dev/HospitalHorrorPack/Models/SM_Module_DoorRoom_01.obj using Guid(0d79e6eeb6fa3724482d6c497796a964) Importer(815301076,1909f56bfc062723c751e8b465ee728b)  -> (artifact id: '7d75383bcd64728bfccbc4fa2a2715b4') in 0.074610 seconds 
  Import took 0.096895 seconds .

========================================================================
Received Import Request.
  Time since last request: 0.000245 seconds.
  path: Assets/Dnk_Dev/HospitalHorrorPack/Models/SM_Module_DoorRoom_02.obj
  artifactKey: Guid(2e7ceb9bdea64d749a31eaaf90027994) Importer(815301076,1909f56bfc062723c751e8b465ee728b)
Start importing Assets/Dnk_Dev/HospitalHorrorPack/Models/SM_Module_DoorRoom_02.obj using Guid(2e7ceb9bdea64d749a31eaaf90027994) Importer(815301076,1909f56bfc062723c751e8b465ee728b)  -> (artifact id: '0c9bd2860d3e22399af6e97332798508') in 0.098773 seconds 
  Import took 0.105040 seconds .

========================================================================
Received Import Request.
  Time since last request: 0.000228 seconds.
  path: Assets/Dnk_Dev/HospitalHorrorPack/Models/SM_BedBedding_01.obj
  artifactKey: Guid(92a399879ec49094b8bd5109dd1d830e) Importer(815301076,1909f56bfc062723c751e8b465ee728b)
Start importing Assets/Dnk_Dev/HospitalHorrorPack/Models/SM_BedBedding_01.obj using Guid(92a399879ec49094b8bd5109dd1d830e) Importer(815301076,1909f56bfc062723c751e8b465ee728b)  -> (artifact id: '468a94767bdd166f99cc64bf8539f91b') in 0.030553 seconds 
  Import took 0.035804 seconds .

========================================================================
Received Import Request.
  Time since last request: 0.000248 seconds.
  path: Assets/Dnk_Dev/HospitalHorrorPack/Models/SM_Wall_01.obj
  artifactKey: Guid(220440116ec5d2f4fa6d4c4b8a9e095b) Importer(815301076,1909f56bfc062723c751e8b465ee728b)
Start importing Assets/Dnk_Dev/HospitalHorrorPack/Models/SM_Wall_01.obj using Guid(220440116ec5d2f4fa6d4c4b8a9e095b) Importer(815301076,1909f56bfc062723c751e8b465ee728b)  -> (artifact id: '365eb10f9c1dced76cb168add28f8b2a') in 0.039956 seconds 
  Import took 0.045160 seconds .

========================================================================
Received Import Request.
  Time since last request: 0.000236 seconds.
  path: Assets/Dnk_Dev/HospitalHorrorPack/Models/SM_Med_box_01.FBX
  artifactKey: Guid(18ce9342c786442408d15b750748b72c) Importer(815301076,1909f56bfc062723c751e8b465ee728b)
Start importing Assets/Dnk_Dev/HospitalHorrorPack/Models/SM_Med_box_01.FBX using Guid(18ce9342c786442408d15b750748b72c) Importer(815301076,1909f56bfc062723c751e8b465ee728b)  -> (artifact id: '8e1b620e443c3fa2ae0f800e8acd5d4a') in 0.022913 seconds 
  Import took 0.027624 seconds .

========================================================================
Received Import Request.
  Time since last request: 0.000515 seconds.
  path: Assets/Dnk_Dev/HospitalHorrorPack/Models/SM_Ceiling_01.obj
  artifactKey: Guid(fb6d3eae3b4e46e46a8b71b5faa7e6a3) Importer(815301076,1909f56bfc062723c751e8b465ee728b)
Start importing Assets/Dnk_Dev/HospitalHorrorPack/Models/SM_Ceiling_01.obj using Guid(fb6d3eae3b4e46e46a8b71b5faa7e6a3) Importer(815301076,1909f56bfc062723c751e8b465ee728b)  -> (artifact id: 'cd9d2da37bbb446b4f0239ad4e0a600c') in 0.026789 seconds 
  Import took 0.031469 seconds .

========================================================================
Received Import Request.
  Time since last request: 0.000239 seconds.
  path: Assets/Dnk_Dev/HospitalHorrorPack/Models/SM_Door_01.obj
  artifactKey: Guid(8c088c51437f8e84c8ccf368945d30c0) Importer(815301076,1909f56bfc062723c751e8b465ee728b)
Start importing Assets/Dnk_Dev/HospitalHorrorPack/Models/SM_Door_01.obj using Guid(8c088c51437f8e84c8ccf368945d30c0) Importer(815301076,1909f56bfc062723c751e8b465ee728b)  -> (artifact id: '3725071b2785cb7ae27cfa0636c043ce') in 0.046271 seconds 
  Import took 0.051003 seconds .

========================================================================
Received Import Request.
  Time since last request: 0.000210 seconds.
  path: Assets/Dnk_Dev/HospitalHorrorPack/Models/SM_Column_01.FBX
  artifactKey: Guid(9287a4cf151cef34fb2bf51cfb3565a7) Importer(815301076,1909f56bfc062723c751e8b465ee728b)
Start importing Assets/Dnk_Dev/HospitalHorrorPack/Models/SM_Column_01.FBX using Guid(9287a4cf151cef34fb2bf51cfb3565a7) Importer(815301076,1909f56bfc062723c751e8b465ee728b)  -> (artifact id: '205fe3b475b0fb38c91e787b28d63a48') in 0.022073 seconds 
  Import took 0.041971 seconds .

========================================================================
Received Import Request.
  Time since last request: 1.052866 seconds.
  path: Assets/Dnk_Dev/HospitalHorrorPack/Models/SM_Wall_02.obj
  artifactKey: Guid(2e7a8487ab4626741848c28337daebd1) Importer(815301076,1909f56bfc062723c751e8b465ee728b)
Start importing Assets/Dnk_Dev/HospitalHorrorPack/Models/SM_Wall_02.obj using Guid(2e7a8487ab4626741848c28337daebd1) Importer(815301076,1909f56bfc062723c751e8b465ee728b)  -> (artifact id: '253b5b52fa484f6a2eeba1b70d276e2a') in 0.030523 seconds 
  Import took 0.095561 seconds .

